Unity Editor version:    2021.3.2f1 (d6360bedb9a0)
Branch:                  2021.3/staging
Build type:              Release
Batch mode:              YES
macOS version:           Version 12.3.1 (Build 21E258)
Darwin version:          21.4.0
Architecture:            x86_64
Running under Rosetta:   NO
Available memory:        16384 MB
Using pre-set license
Pro License: YES

COMMAND LINE ARGUMENTS:
/Applications/Unity/Hub/Editor/2021.3.2f1/Unity.app/Contents/MacOS/Unity
-adb2
-batchMode
-noUpm
-name
AssetImportWorker7
-projectPath
/Users/anthony.mai/Development/meta-skills2
-logFile
Logs/AssetImportWorker7.log
-srvPort
56125
Successfully changed project path to: /Users/anthony.mai/Development/meta-skills2
/Users/anthony.mai/Development/meta-skills2
[UnityMemory] Configuration Parameters - Can be set up in boot.config
    "memorysetup-bucket-allocator-granularity=16"
    "memorysetup-bucket-allocator-bucket-count=8"
    "memorysetup-bucket-allocator-block-size=33554432"
    "memorysetup-bucket-allocator-block-count=8"
    "memorysetup-main-allocator-block-size=16777216"
    "memorysetup-thread-allocator-block-size=16777216"
    "memorysetup-gfx-main-allocator-block-size=16777216"
    "memorysetup-gfx-thread-allocator-block-size=16777216"
    "memorysetup-cache-allocator-block-size=4194304"
    "memorysetup-typetree-allocator-block-size=2097152"
    "memorysetup-profiler-bucket-allocator-granularity=16"
    "memorysetup-profiler-bucket-allocator-bucket-count=8"
    "memorysetup-profiler-bucket-allocator-block-size=33554432"
    "memorysetup-profiler-bucket-allocator-block-count=8"
    "memorysetup-profiler-allocator-block-size=16777216"
    "memorysetup-profiler-editor-allocator-block-size=1048576"
    "memorysetup-temp-allocator-size-main=16777216"
    "memorysetup-job-temp-allocator-block-size=2097152"
    "memorysetup-job-temp-allocator-block-size-background=1048576"
    "memorysetup-job-temp-allocator-reduction-small-platforms=262144"
    "memorysetup-temp-allocator-size-background-worker=32768"
    "memorysetup-temp-allocator-size-job-worker=262144"
    "memorysetup-temp-allocator-size-preload-manager=33554432"
    "memorysetup-temp-allocator-size-nav-mesh-worker=65536"
    "memorysetup-temp-allocator-size-audio-worker=65536"
    "memorysetup-temp-allocator-size-cloud-worker=32768"
    "memorysetup-temp-allocator-size-gi-baking-worker=262144"
    "memorysetup-temp-allocator-size-gfx=262144"
Refreshing native plugins compatible for Editor in 128.89 ms, found 3 plugins.
Preloading 1 native plugins for Editor in 6.36 ms.
Initialize engine version: 2021.3.2f1 (d6360bedb9a0)
[Subsystems] Discovering subsystems at path /Applications/Unity/Hub/Editor/2021.3.2f1/Unity.app/Contents/Resources/UnitySubsystems
[Subsystems] Discovering subsystems at path /Users/anthony.mai/Development/meta-skills2/Assets
GfxDevice: creating device client; threaded=0; jobified=0
S34J55x preferred device: AMD Radeon Pro 560X (high power)
Metal devices available: 2
0: AMD Radeon Pro 560X (high power)
1: Intel(R) UHD Graphics 630 (low power)
Using device AMD Radeon Pro 560X (high power)
Initializing Metal device caps: AMD Radeon Pro 560X
Initialize mono
Mono path[0] = '/Applications/Unity/Hub/Editor/2021.3.2f1/Unity.app/Contents/Managed'
Mono path[1] = '/Applications/Unity/Hub/Editor/2021.3.2f1/Unity.app/Contents/MonoBleedingEdge/lib/mono/unityjit-macos'
Mono config path = '/Applications/Unity/Hub/Editor/2021.3.2f1/Unity.app/Contents/MonoBleedingEdge/etc'
Using monoOptions --debugger-agent=transport=dt_socket,embedding=1,server=y,suspend=n,address=127.0.0.1:56083
Begin MonoManager ReloadAssembly
Registering precompiled unity dll's ...
Register platform support module: /Applications/Unity/Hub/Editor/2021.3.2f1/PlaybackEngines/WebGLSupport/UnityEditor.WebGL.Extensions.dll
Register platform support module: /Applications/Unity/Hub/Editor/2021.3.2f1/Unity.app/Contents/PlaybackEngines/MacStandaloneSupport/UnityEditor.OSXStandalone.Extensions.dll
Registered in 0.003567 seconds.
Native extension for OSXStandalone target not found
Native extension for WebGL target not found
Refreshing native plugins compatible for Editor in 83.92 ms, found 3 plugins.
Preloading 1 native plugins for Editor in 0.63 ms.
Mono: successfully reloaded assembly
- Completed reload, in  0.898 seconds
Domain Reload Profiling:
	ReloadAssembly (898ms)
		BeginReloadAssembly (178ms)
			ExecutionOrderSort (0ms)
			DisableScriptedObjects (0ms)
			BackupInstance (0ms)
			ReleaseScriptingObjects (0ms)
			CreateAndSetChildDomain (1ms)
		EndReloadAssembly (565ms)
			LoadAssemblies (181ms)
			RebuildTransferFunctionScriptingTraits (0ms)
			SetupTypeCache (159ms)
			ReleaseScriptCaches (0ms)
			RebuildScriptCaches (39ms)
			SetupLoadedEditorAssemblies (307ms)
				LogAssemblyErrors (0ms)
				InitializePlatformSupportModulesInManaged (8ms)
				SetLoadedEditorAssemblies (0ms)
				RefreshPlugins (85ms)
				BeforeProcessingInitializeOnLoad (1ms)
				ProcessInitializeOnLoadAttributes (164ms)
				ProcessInitializeOnLoadMethodAttributes (48ms)
				AfterProcessingInitializeOnLoad (0ms)
				EditorAssembliesLoaded (0ms)
			ExecutionOrderSort2 (0ms)
			AwakeInstancesAfterBackupRestoration (0ms)
Platform modules already initialized, skipping
Registering precompiled user dll's ...
Registered in 0.020190 seconds.
Begin MonoManager ReloadAssembly
Symbol file LoadedFromMemory doesn't match image /Users/anthony.mai/Development/meta-skills2/Library/PackageCache/com.unity.visualscripting@1.7.6/Editor/VisualScripting.Core/Dependencies/DotNetZip/Unity.VisualScripting.IonicZip.dll
Symbol file LoadedFromMemory doesn't match image /Users/anthony.mai/Development/meta-skills2/Library/PackageCache/com.unity.visualscripting@1.7.6/Editor/VisualScripting.Core/Dependencies/YamlDotNet/Unity.VisualScripting.YamlDotNet.dll
Native extension for OSXStandalone target not found
Native extension for WebGL target not found
Refreshing native plugins compatible for Editor in 88.17 ms, found 3 plugins.
Preloading 1 native plugins for Editor in 0.27 ms.
Package Manager log level set to [2]
Mono: successfully reloaded assembly
- Completed reload, in  1.584 seconds
Domain Reload Profiling:
	ReloadAssembly (1585ms)
		BeginReloadAssembly (156ms)
			ExecutionOrderSort (0ms)
			DisableScriptedObjects (6ms)
			BackupInstance (0ms)
			ReleaseScriptingObjects (0ms)
			CreateAndSetChildDomain (27ms)
		EndReloadAssembly (1287ms)
			LoadAssemblies (212ms)
			RebuildTransferFunctionScriptingTraits (0ms)
			SetupTypeCache (372ms)
			ReleaseScriptCaches (1ms)
			RebuildScriptCaches (86ms)
			SetupLoadedEditorAssemblies (576ms)
				LogAssemblyErrors (0ms)
				InitializePlatformSupportModulesInManaged (5ms)
				SetLoadedEditorAssemblies (0ms)
				RefreshPlugins (88ms)
				BeforeProcessingInitializeOnLoad (83ms)
				ProcessInitializeOnLoadAttributes (359ms)
				ProcessInitializeOnLoadMethodAttributes (39ms)
				AfterProcessingInitializeOnLoad (1ms)
				EditorAssembliesLoaded (0ms)
			ExecutionOrderSort2 (0ms)
			AwakeInstancesAfterBackupRestoration (5ms)
Platform modules already initialized, skipping
========================================================================
Worker process is ready to serve import requests
Launching external process: /Applications/Unity/Hub/Editor/2021.3.2f1/Unity.app/Contents/Tools/UnityShaderCompiler
Launched and connected shader compiler UnityShaderCompiler after 0.09 seconds
Refreshing native plugins compatible for Editor in 0.83 ms, found 3 plugins.
Preloading 1 native plugins for Editor in 0.33 ms.
Unloading 4078 Unused Serialized files (Serialized files now loaded: 0)
Unloading 44 unused Assets / (21.4 KB). Loaded Objects now: 4548.
Memory consumption went from 269.6 MB to 269.5 MB.
Total: 4.601658 ms (FindLiveObjects: 0.351373 ms CreateObjectMapping: 0.262668 ms MarkObjects: 3.935381 ms  DeleteObjects: 0.051278 ms)

AssetImportParameters requested are different than current active one (requested -> active):
  custom:video-decoder-ogg-theora: a1e56fd34408186e4bbccfd4996cb3dc -> 
  custom:container-muxer-webm: aa71ff27fc2769a1b78a27578f13a17b -> 
  custom:container-demuxer-webm: 4f35f7cbe854078d1ac9338744f61a02 -> 
  custom:video-encoder-webm-vp8: eb34c28f22e8b96e1ab97ce403110664 -> 
  custom:framework-osx-AVFoundation: e770b220cccbd017edd2c1fefb359320 -> 
  custom:audio-encoder-webm-vorbis: bf7c407c2cedff20999df2af8eb42d56 -> 
  custom:SearchIndexIgnoredProperties: e643bd26f0fe6173181afceb89e7c659 -> 
  custom:container-demuxer-ogg: 62fdf1f143b41e24485cea50d1cbac27 -> 
  custom:video-decoder-webm-vp8: 9c59270c3fd7afecdb556c50c9e8de78 -> 
  custom:audio-decoder-ogg-vorbis: bf7c407c2cedff20999df2af8eb42d56 -> 
========================================================================
Received Import Request.
  Time since last request: 12485.249331 seconds.
  path: Assets/Scenes/MainScene.scenetemplate
  artifactKey: Guid(0b98e32d658a543e4b1bd57d5f6a1079) Importer(2089858483,934ff659095e30574adcf32a4c2f97b5)
Start importing Assets/Scenes/MainScene.scenetemplate using Guid(0b98e32d658a543e4b1bd57d5f6a1079) Importer(2089858483,934ff659095e30574adcf32a4c2f97b5)  -> (artifact id: '34cc385f6f6d8258b5ca2968a1b0270f') in 0.195948 seconds 
========================================================================
Received Import Request.
  Time since last request: 2404.832262 seconds.
  path: Assets/Materials/uploads_files_2868893_Akkuschrauber3.obj
  artifactKey: Guid(887870fdfed1d42d58b0419570daab27) Importer(2089858483,934ff659095e30574adcf32a4c2f97b5)
Start importing Assets/Materials/uploads_files_2868893_Akkuschrauber3.obj using Guid(887870fdfed1d42d58b0419570daab27) Importer(2089858483,934ff659095e30574adcf32a4c2f97b5)  -> (artifact id: 'be91442cdec60e86e0e97e07c1cd416d') in 0.988672 seconds 
========================================================================
Received Import Request.
  Time since last request: 99.189020 seconds.
  path: Assets/Scenes/MainScene.scenetemplate
  artifactKey: Guid(0b98e32d658a543e4b1bd57d5f6a1079) Importer(2089858483,934ff659095e30574adcf32a4c2f97b5)
Start importing Assets/Scenes/MainScene.scenetemplate using Guid(0b98e32d658a543e4b1bd57d5f6a1079) Importer(2089858483,934ff659095e30574adcf32a4c2f97b5)  -> (artifact id: '5e3bee9e7874adb8c3cb841fd3e300e7') in 0.012539 seconds 
========================================================================
Received Import Request.
  Time since last request: 777.678659 seconds.
  path: Assets/Materials/Akku_Cube.002_Akku.ImageMat.mat
  artifactKey: Guid(cf7ff71873852415abd123e03631500e) Importer(815301076,1909f56bfc062723c751e8b465ee728b)
Start importing Assets/Materials/Akku_Cube.002_Akku.ImageMat.mat using Guid(cf7ff71873852415abd123e03631500e) Importer(815301076,1909f56bfc062723c751e8b465ee728b)  -> (artifact id: 'd0cbf624c4d011ea1638174db89ab438') in 0.422349 seconds 
========================================================================
Received Import Request.
  Time since last request: 0.000199 seconds.
  path: Assets/Materials/uploads_files_2868893_Akkuschrauber3.obj
  artifactKey: Guid(887870fdfed1d42d58b0419570daab27) Importer(815301076,1909f56bfc062723c751e8b465ee728b)
Start importing Assets/Materials/uploads_files_2868893_Akkuschrauber3.obj using Guid(887870fdfed1d42d58b0419570daab27) Importer(815301076,1909f56bfc062723c751e8b465ee728b)  -> (artifact id: 'f81d517f08a6bad7dfe7ccbe410b98e4') in 0.612770 seconds 
========================================================================
Received Import Request.
  Time since last request: 0.000088 seconds.
  path: Assets/Materials/Griff_Cube.001_Red.KnobsMat.mat
  artifactKey: Guid(0d2b0573b200b49e1925179de920c283) Importer(2089858483,934ff659095e30574adcf32a4c2f97b5)
Start importing Assets/Materials/Griff_Cube.001_Red.KnobsMat.mat using Guid(0d2b0573b200b49e1925179de920c283) Importer(2089858483,934ff659095e30574adcf32a4c2f97b5)  -> (artifact id: 'da61ceed70f6d117b58362a94b8bb817') in 0.050967 seconds 
========================================================================
Received Import Request.
  Time since last request: 0.000076 seconds.
  path: Assets/Materials/Akku_Cube.002_Akku.BlackMat.mat
  artifactKey: Guid(5057c42c5ed164f01a7a833f870b976a) Importer(2089858483,934ff659095e30574adcf32a4c2f97b5)
Start importing Assets/Materials/Akku_Cube.002_Akku.BlackMat.mat using Guid(5057c42c5ed164f01a7a833f870b976a) Importer(2089858483,934ff659095e30574adcf32a4c2f97b5)  -> (artifact id: '2a26258b06b3fd1bc7cc86b8b3ece1f3') in 0.014984 seconds 
========================================================================
Received Import Request.
  Time since last request: 0.000067 seconds.
  path: Assets/Materials/Griff_Cube.001_Griff.ImageMat.mat
  artifactKey: Guid(1c1550b9ad29c4ee2ad2e7afdab33858) Importer(2089858483,934ff659095e30574adcf32a4c2f97b5)
Start importing Assets/Materials/Griff_Cube.001_Griff.ImageMat.mat using Guid(1c1550b9ad29c4ee2ad2e7afdab33858) Importer(2089858483,934ff659095e30574adcf32a4c2f97b5)  -> (artifact id: 'b9d063d3bf4735a6dcb6359173c5569a') in 0.016984 seconds 
========================================================================
Received Import Request.
  Time since last request: 0.000083 seconds.
  path: Assets/Materials/uploads_files_2868893_Akkuschrauber3.obj
  artifactKey: Guid(887870fdfed1d42d58b0419570daab27) Importer(2089858483,934ff659095e30574adcf32a4c2f97b5)
Start importing Assets/Materials/uploads_files_2868893_Akkuschrauber3.obj using Guid(887870fdfed1d42d58b0419570daab27) Importer(2089858483,934ff659095e30574adcf32a4c2f97b5)  -> (artifact id: '9c64970f301259946cd44c73d5191434') in 0.076475 seconds 
========================================================================
Received Import Request.
  Time since last request: 0.000082 seconds.
  path: Assets/Materials/Spitze_Cylinder.001_Black.PlasticMat.mat
  artifactKey: Guid(5906b233b56634ea3a0d982f4ca6cba4) Importer(2089858483,934ff659095e30574adcf32a4c2f97b5)
Start importing Assets/Materials/Spitze_Cylinder.001_Black.PlasticMat.mat using Guid(5906b233b56634ea3a0d982f4ca6cba4) Importer(2089858483,934ff659095e30574adcf32a4c2f97b5)  -> (artifact id: '7d439bef208bf9e164427ad62c61835a') in 0.016725 seconds 
========================================================================
Received Import Request.
  Time since last request: 0.000088 seconds.
  path: Assets/Materials/Spitze_Cylinder.001_Black.PlasticMat.mat
  artifactKey: Guid(5906b233b56634ea3a0d982f4ca6cba4) Importer(815301076,1909f56bfc062723c751e8b465ee728b)
Start importing Assets/Materials/Spitze_Cylinder.001_Black.PlasticMat.mat using Guid(5906b233b56634ea3a0d982f4ca6cba4) Importer(815301076,1909f56bfc062723c751e8b465ee728b)  -> (artifact id: '1654ec87116de85745f9ce7a8c2f2d84') in 0.044205 seconds 
========================================================================
Received Import Request.
  Time since last request: 0.000089 seconds.
  path: Assets/Materials/Griff_Cube.001_Grey.AluMat.mat
  artifactKey: Guid(ba839d6e24200490eb644f9415cef2ef) Importer(815301076,1909f56bfc062723c751e8b465ee728b)
Start importing Assets/Materials/Griff_Cube.001_Grey.AluMat.mat using Guid(ba839d6e24200490eb644f9415cef2ef) Importer(815301076,1909f56bfc062723c751e8b465ee728b)  -> (artifact id: 'f415e784ede55688e32f333132b0f308') in 0.184444 seconds 
========================================================================
Received Import Request.
  Time since last request: 0.000088 seconds.
  path: Assets/Materials/Griff_Cube.001_Green.PlasticMat.mat
  artifactKey: Guid(1dcebb5eeaefb44cd81d9e4343c95cf3) Importer(815301076,1909f56bfc062723c751e8b465ee728b)
Start importing Assets/Materials/Griff_Cube.001_Green.PlasticMat.mat using Guid(1dcebb5eeaefb44cd81d9e4343c95cf3) Importer(815301076,1909f56bfc062723c751e8b465ee728b)  -> (artifact id: '3e4e6b5c5fe2560e9f6323a2391a680a') in 0.039724 seconds 
========================================================================
Received Import Request.
  Time since last request: 0.000080 seconds.
  path: Assets/Materials/Griff_Cube.001_Red.KnobsMat.mat
  artifactKey: Guid(0d2b0573b200b49e1925179de920c283) Importer(815301076,1909f56bfc062723c751e8b465ee728b)
Start importing Assets/Materials/Griff_Cube.001_Red.KnobsMat.mat using Guid(0d2b0573b200b49e1925179de920c283) Importer(815301076,1909f56bfc062723c751e8b465ee728b)  -> (artifact id: 'c50115054b6f8dfd470766002fb3be11') in 0.091041 seconds 
========================================================================
Received Import Request.
  Time since last request: 0.000078 seconds.
  path: Assets/Materials/Griff_Cube.001_Griff.ImageMat.mat
  artifactKey: Guid(1c1550b9ad29c4ee2ad2e7afdab33858) Importer(815301076,1909f56bfc062723c751e8b465ee728b)
Start importing Assets/Materials/Griff_Cube.001_Griff.ImageMat.mat using Guid(1c1550b9ad29c4ee2ad2e7afdab33858) Importer(815301076,1909f56bfc062723c751e8b465ee728b)  -> (artifact id: '7aa3e050dcf8367ee8aa8440fe9b62d7') in 0.026063 seconds 
========================================================================
Received Import Request.
  Time since last request: 0.000102 seconds.
  path: Assets/Materials/Spitze_Cylinder.001_BohrfutterMat.mat
  artifactKey: Guid(b35950326a5f14205bb693dbfa01d15f) Importer(815301076,1909f56bfc062723c751e8b465ee728b)
Start importing Assets/Materials/Spitze_Cylinder.001_BohrfutterMat.mat using Guid(b35950326a5f14205bb693dbfa01d15f) Importer(815301076,1909f56bfc062723c751e8b465ee728b)  -> (artifact id: '57a936ade038945d4d708b97dcb66db5') in 0.026327 seconds 
========================================================================
Received Import Request.
  Time since last request: 0.000091 seconds.
  path: Assets/Materials/Griff_Cube.001_Grey.AluMat.mat
  artifactKey: Guid(ba839d6e24200490eb644f9415cef2ef) Importer(2089858483,934ff659095e30574adcf32a4c2f97b5)
Start importing Assets/Materials/Griff_Cube.001_Grey.AluMat.mat using Guid(ba839d6e24200490eb644f9415cef2ef) Importer(2089858483,934ff659095e30574adcf32a4c2f97b5)  -> (artifact id: '68235699fe513ee2f07c33b322fd83c0') in 0.014943 seconds 
========================================================================
Received Import Request.
  Time since last request: 0.000085 seconds.
  path: Assets/Materials/Akku_Cube.002_Akku.ImageMat.mat
  artifactKey: Guid(cf7ff71873852415abd123e03631500e) Importer(2089858483,934ff659095e30574adcf32a4c2f97b5)
Start importing Assets/Materials/Akku_Cube.002_Akku.ImageMat.mat using Guid(cf7ff71873852415abd123e03631500e) Importer(2089858483,934ff659095e30574adcf32a4c2f97b5)  -> (artifact id: 'acea004e1f1d12f38b946e745a955dee') in 0.018558 seconds 
========================================================================
Received Import Request.
  Time since last request: 0.000090 seconds.
  path: Assets/Materials/Griff_Cube.001_Green.PlasticMat.mat
  artifactKey: Guid(1dcebb5eeaefb44cd81d9e4343c95cf3) Importer(2089858483,934ff659095e30574adcf32a4c2f97b5)
Start importing Assets/Materials/Griff_Cube.001_Green.PlasticMat.mat using Guid(1dcebb5eeaefb44cd81d9e4343c95cf3) Importer(2089858483,934ff659095e30574adcf32a4c2f97b5)  -> (artifact id: 'eb0aa3de3597020636c2aff0a95e9525') in 0.038132 seconds 
========================================================================
Received Import Request.
  Time since last request: 0.000097 seconds.
  path: Assets/Materials/Futter_Cylinder_Black.PlasticMat.mat
  artifactKey: Guid(2858c9b7828224af58da5b1136ae05ca) Importer(815301076,1909f56bfc062723c751e8b465ee728b)
Start importing Assets/Materials/Futter_Cylinder_Black.PlasticMat.mat using Guid(2858c9b7828224af58da5b1136ae05ca) Importer(815301076,1909f56bfc062723c751e8b465ee728b)  -> (artifact id: 'c2b5bb6d03ed909c7941dbfdfd05f8eb') in 0.019517 seconds 
========================================================================
Received Import Request.
  Time since last request: 0.000068 seconds.
  path: Assets/Materials/Spitze_Cylinder.001_BohrfutterMat.mat
  artifactKey: Guid(b35950326a5f14205bb693dbfa01d15f) Importer(2089858483,934ff659095e30574adcf32a4c2f97b5)
Start importing Assets/Materials/Spitze_Cylinder.001_BohrfutterMat.mat using Guid(b35950326a5f14205bb693dbfa01d15f) Importer(2089858483,934ff659095e30574adcf32a4c2f97b5)  -> (artifact id: '5f7b4104279c51814506761b35f6bf30') in 0.006449 seconds 
Editor requested this worker to shutdown with reason: Scaling down because of idle timeout
AssetImportWorker is now disconnected from the server
Process exiting
