Unity Editor version:    2021.3.2f1 (d6360bedb9a0)
Branch:                  2021.3/staging
Build type:              Release
Batch mode:              YES
macOS version:           Version 12.3.1 (Build 21E258)
Darwin version:          21.4.0
Architecture:            x86_64
Running under Rosetta:   NO
Available memory:        16384 MB
Using pre-set license
Pro License: YES

COMMAND LINE ARGUMENTS:
/Applications/Unity/Hub/Editor/2021.3.2f1/Unity.app/Contents/MacOS/Unity
-adb2
-batchMode
-noUpm
-name
AssetImportWorker5
-projectPath
/Users/anthony.mai/Development/meta-skills2
-logFile
Logs/AssetImportWorker5.log
-srvPort
56125
Successfully changed project path to: /Users/anthony.mai/Development/meta-skills2
/Users/anthony.mai/Development/meta-skills2
[UnityMemory] Configuration Parameters - Can be set up in boot.config
    "memorysetup-bucket-allocator-granularity=16"
    "memorysetup-bucket-allocator-bucket-count=8"
    "memorysetup-bucket-allocator-block-size=33554432"
    "memorysetup-bucket-allocator-block-count=8"
    "memorysetup-main-allocator-block-size=16777216"
    "memorysetup-thread-allocator-block-size=16777216"
    "memorysetup-gfx-main-allocator-block-size=16777216"
    "memorysetup-gfx-thread-allocator-block-size=16777216"
    "memorysetup-cache-allocator-block-size=4194304"
    "memorysetup-typetree-allocator-block-size=2097152"
    "memorysetup-profiler-bucket-allocator-granularity=16"
    "memorysetup-profiler-bucket-allocator-bucket-count=8"
    "memorysetup-profiler-bucket-allocator-block-size=33554432"
    "memorysetup-profiler-bucket-allocator-block-count=8"
    "memorysetup-profiler-allocator-block-size=16777216"
    "memorysetup-profiler-editor-allocator-block-size=1048576"
    "memorysetup-temp-allocator-size-main=16777216"
    "memorysetup-job-temp-allocator-block-size=2097152"
    "memorysetup-job-temp-allocator-block-size-background=1048576"
    "memorysetup-job-temp-allocator-reduction-small-platforms=262144"
    "memorysetup-temp-allocator-size-background-worker=32768"
    "memorysetup-temp-allocator-size-job-worker=262144"
    "memorysetup-temp-allocator-size-preload-manager=33554432"
    "memorysetup-temp-allocator-size-nav-mesh-worker=65536"
    "memorysetup-temp-allocator-size-audio-worker=65536"
    "memorysetup-temp-allocator-size-cloud-worker=32768"
    "memorysetup-temp-allocator-size-gi-baking-worker=262144"
    "memorysetup-temp-allocator-size-gfx=262144"
Refreshing native plugins compatible for Editor in 176.32 ms, found 3 plugins.
Preloading 1 native plugins for Editor in 11.23 ms.
Initialize engine version: 2021.3.2f1 (d6360bedb9a0)
[Subsystems] Discovering subsystems at path /Applications/Unity/Hub/Editor/2021.3.2f1/Unity.app/Contents/Resources/UnitySubsystems
[Subsystems] Discovering subsystems at path /Users/anthony.mai/Development/meta-skills2/Assets
GfxDevice: creating device client; threaded=0; jobified=0
S34J55x preferred device: AMD Radeon Pro 560X (high power)
Metal devices available: 2
0: AMD Radeon Pro 560X (high power)
1: Intel(R) UHD Graphics 630 (low power)
Using device AMD Radeon Pro 560X (high power)
Initializing Metal device caps: AMD Radeon Pro 560X
Initialize mono
Mono path[0] = '/Applications/Unity/Hub/Editor/2021.3.2f1/Unity.app/Contents/Managed'
Mono path[1] = '/Applications/Unity/Hub/Editor/2021.3.2f1/Unity.app/Contents/MonoBleedingEdge/lib/mono/unityjit-macos'
Mono config path = '/Applications/Unity/Hub/Editor/2021.3.2f1/Unity.app/Contents/MonoBleedingEdge/etc'
Using monoOptions --debugger-agent=transport=dt_socket,embedding=1,server=y,suspend=n,address=127.0.0.1:56545
Begin MonoManager ReloadAssembly
Registering precompiled unity dll's ...
Register platform support module: /Applications/Unity/Hub/Editor/2021.3.2f1/PlaybackEngines/WebGLSupport/UnityEditor.WebGL.Extensions.dll
Register platform support module: /Applications/Unity/Hub/Editor/2021.3.2f1/Unity.app/Contents/PlaybackEngines/MacStandaloneSupport/UnityEditor.OSXStandalone.Extensions.dll
Registered in 0.005268 seconds.
Native extension for OSXStandalone target not found
Native extension for WebGL target not found
Refreshing native plugins compatible for Editor in 120.77 ms, found 3 plugins.
Preloading 1 native plugins for Editor in 0.66 ms.
Mono: successfully reloaded assembly
- Completed reload, in  1.360 seconds
Domain Reload Profiling:
	ReloadAssembly (1361ms)
		BeginReloadAssembly (231ms)
			ExecutionOrderSort (0ms)
			DisableScriptedObjects (0ms)
			BackupInstance (0ms)
			ReleaseScriptingObjects (0ms)
			CreateAndSetChildDomain (2ms)
		EndReloadAssembly (900ms)
			LoadAssemblies (234ms)
			RebuildTransferFunctionScriptingTraits (0ms)
			SetupTypeCache (278ms)
			ReleaseScriptCaches (0ms)
			RebuildScriptCaches (58ms)
			SetupLoadedEditorAssemblies (475ms)
				LogAssemblyErrors (0ms)
				InitializePlatformSupportModulesInManaged (12ms)
				SetLoadedEditorAssemblies (0ms)
				RefreshPlugins (121ms)
				BeforeProcessingInitializeOnLoad (2ms)
				ProcessInitializeOnLoadAttributes (268ms)
				ProcessInitializeOnLoadMethodAttributes (70ms)
				AfterProcessingInitializeOnLoad (0ms)
				EditorAssembliesLoaded (0ms)
			ExecutionOrderSort2 (0ms)
			AwakeInstancesAfterBackupRestoration (0ms)
Platform modules already initialized, skipping
Registering precompiled user dll's ...
Registered in 0.022119 seconds.
Begin MonoManager ReloadAssembly
Symbol file LoadedFromMemory doesn't match image /Users/anthony.mai/Development/meta-skills2/Library/PackageCache/com.unity.visualscripting@1.7.6/Editor/VisualScripting.Core/Dependencies/DotNetZip/Unity.VisualScripting.IonicZip.dll
Symbol file LoadedFromMemory doesn't match image /Users/anthony.mai/Development/meta-skills2/Library/PackageCache/com.unity.visualscripting@1.7.6/Editor/VisualScripting.Core/Dependencies/YamlDotNet/Unity.VisualScripting.YamlDotNet.dll
Native extension for OSXStandalone target not found
Native extension for WebGL target not found
Refreshing native plugins compatible for Editor in 103.44 ms, found 3 plugins.
Preloading 1 native plugins for Editor in 0.34 ms.
Package Manager log level set to [2]
Mono: successfully reloaded assembly
- Completed reload, in  1.870 seconds
Domain Reload Profiling:
	ReloadAssembly (1871ms)
		BeginReloadAssembly (158ms)
			ExecutionOrderSort (0ms)
			DisableScriptedObjects (7ms)
			BackupInstance (0ms)
			ReleaseScriptingObjects (0ms)
			CreateAndSetChildDomain (23ms)
		EndReloadAssembly (1556ms)
			LoadAssemblies (206ms)
			RebuildTransferFunctionScriptingTraits (0ms)
			SetupTypeCache (449ms)
			ReleaseScriptCaches (1ms)
			RebuildScriptCaches (96ms)
			SetupLoadedEditorAssemblies (743ms)
				LogAssemblyErrors (0ms)
				InitializePlatformSupportModulesInManaged (5ms)
				SetLoadedEditorAssemblies (0ms)
				RefreshPlugins (104ms)
				BeforeProcessingInitializeOnLoad (101ms)
				ProcessInitializeOnLoadAttributes (484ms)
				ProcessInitializeOnLoadMethodAttributes (46ms)
				AfterProcessingInitializeOnLoad (1ms)
				EditorAssembliesLoaded (0ms)
			ExecutionOrderSort2 (0ms)
			AwakeInstancesAfterBackupRestoration (6ms)
Platform modules already initialized, skipping
========================================================================
Worker process is ready to serve import requests
Launching external process: /Applications/Unity/Hub/Editor/2021.3.2f1/Unity.app/Contents/Tools/UnityShaderCompiler
Launched and connected shader compiler UnityShaderCompiler after 0.08 seconds
Refreshing native plugins compatible for Editor in 0.94 ms, found 3 plugins.
Preloading 1 native plugins for Editor in 0.72 ms.
Unloading 4078 Unused Serialized files (Serialized files now loaded: 0)
Unloading 44 unused Assets / (21.3 KB). Loaded Objects now: 4544.
Memory consumption went from 268.5 MB to 268.5 MB.
Total: 5.136504 ms (FindLiveObjects: 0.383734 ms CreateObjectMapping: 0.382409 ms MarkObjects: 4.308700 ms  DeleteObjects: 0.060732 ms)

AssetImportParameters requested are different than current active one (requested -> active):
  custom:video-decoder-ogg-theora: a1e56fd34408186e4bbccfd4996cb3dc -> 
  custom:container-muxer-webm: aa71ff27fc2769a1b78a27578f13a17b -> 
  custom:container-demuxer-webm: 4f35f7cbe854078d1ac9338744f61a02 -> 
  custom:video-encoder-webm-vp8: eb34c28f22e8b96e1ab97ce403110664 -> 
  custom:framework-osx-AVFoundation: e770b220cccbd017edd2c1fefb359320 -> 
  custom:audio-encoder-webm-vorbis: bf7c407c2cedff20999df2af8eb42d56 -> 
  custom:container-demuxer-ogg: 62fdf1f143b41e24485cea50d1cbac27 -> 
  custom:video-decoder-webm-vp8: 9c59270c3fd7afecdb556c50c9e8de78 -> 
  custom:audio-decoder-ogg-vorbis: bf7c407c2cedff20999df2af8eb42d56 -> 
========================================================================
Received Prepare
Refreshing native plugins compatible for Editor in 16.65 ms, found 3 plugins.
Preloading 1 native plugins for Editor in 1.01 ms.
Unloading 35 Unused Serialized files (Serialized files now loaded: 0)
Unloading 35 unused Assets / (23.3 KB). Loaded Objects now: 4544.
Memory consumption went from 187.3 MB to 187.3 MB.
Total: 7.133697 ms (FindLiveObjects: 0.648621 ms CreateObjectMapping: 0.475878 ms MarkObjects: 5.955027 ms  DeleteObjects: 0.052119 ms)

AssetImportParameters requested are different than current active one (requested -> active):
  custom:video-decoder-ogg-theora: a1e56fd34408186e4bbccfd4996cb3dc -> 
  custom:container-muxer-webm: aa71ff27fc2769a1b78a27578f13a17b -> 
  custom:container-demuxer-webm: 4f35f7cbe854078d1ac9338744f61a02 -> 
  custom:video-encoder-webm-vp8: eb34c28f22e8b96e1ab97ce403110664 -> 
  custom:framework-osx-AVFoundation: e770b220cccbd017edd2c1fefb359320 -> 
  custom:audio-encoder-webm-vorbis: bf7c407c2cedff20999df2af8eb42d56 -> 
  custom:SearchIndexIgnoredProperties: e643bd26f0fe6173181afceb89e7c659 -> 
  custom:container-demuxer-ogg: 62fdf1f143b41e24485cea50d1cbac27 -> 
  custom:video-decoder-webm-vp8: 9c59270c3fd7afecdb556c50c9e8de78 -> 
  custom:audio-decoder-ogg-vorbis: bf7c407c2cedff20999df2af8eb42d56 -> 
========================================================================
Received Import Request.
  Time since last request: 11843.980863 seconds.
  path: Assets/MASH Virtual/Table/Material/Table New Mat.mat
  artifactKey: Guid(49f2633e52a7cd94ca090388a0d0e87c) Importer(2089858483,934ff659095e30574adcf32a4c2f97b5)
Start importing Assets/MASH Virtual/Table/Material/Table New Mat.mat using Guid(49f2633e52a7cd94ca090388a0d0e87c) Importer(2089858483,934ff659095e30574adcf32a4c2f97b5)  -> (artifact id: '32b7f7b50ea317775aa7db3e3f9f9fe2') in 1.566568 seconds 
========================================================================
Received Import Request.
  Time since last request: 0.000108 seconds.
  path: Assets/MASH Virtual
  artifactKey: Guid(c02cdb5b57346465689fefc717ed4c86) Importer(2089858483,934ff659095e30574adcf32a4c2f97b5)
Start importing Assets/MASH Virtual using Guid(c02cdb5b57346465689fefc717ed4c86) Importer(2089858483,934ff659095e30574adcf32a4c2f97b5)  -> (artifact id: '1658f07e31092d2b79e40c21b4f3d461') in 0.010137 seconds 
========================================================================
Received Import Request.
  Time since last request: 0.000078 seconds.
  path: Assets/MASH Virtual/Demo/Table Demo/ReflectionProbe-0.exr
  artifactKey: Guid(3714ff6559263914fbcfda013c1c8cae) Importer(2089858483,934ff659095e30574adcf32a4c2f97b5)
Start importing Assets/MASH Virtual/Demo/Table Demo/ReflectionProbe-0.exr using Guid(3714ff6559263914fbcfda013c1c8cae) Importer(2089858483,934ff659095e30574adcf32a4c2f97b5)  -> (artifact id: 'ada3af0022affff10b32b2ee17e7da0d') in 0.210768 seconds 
========================================================================
Received Import Request.
  Time since last request: 0.000109 seconds.
  path: Assets/MASH Virtual/Table/Texutre/Parking_Table_Table_Old_Normal.png
  artifactKey: Guid(27550fee6799f8a4bb46e907514ace65) Importer(2089858483,934ff659095e30574adcf32a4c2f97b5)
Start importing Assets/MASH Virtual/Table/Texutre/Parking_Table_Table_Old_Normal.png using Guid(27550fee6799f8a4bb46e907514ace65) Importer(2089858483,934ff659095e30574adcf32a4c2f97b5)  -> (artifact id: '73ac5f29469216fe39e617842b6ae75e') in 0.142716 seconds 
========================================================================
Received Import Request.
  Time since last request: 67.905497 seconds.
  path: Assets/MASH Virtual/Table/Material/Table New Mat.mat
  artifactKey: Guid(49f2633e52a7cd94ca090388a0d0e87c) Importer(815301076,1909f56bfc062723c751e8b465ee728b)
Start importing Assets/MASH Virtual/Table/Material/Table New Mat.mat using Guid(49f2633e52a7cd94ca090388a0d0e87c) Importer(815301076,1909f56bfc062723c751e8b465ee728b)  -> (artifact id: 'bd6d3c778722a7db3a0f5a36fb1eb14f') in 0.684900 seconds 
========================================================================
Received Import Request.
  Time since last request: 0.000077 seconds.
  path: Assets/MASH Virtual/Table/Material/Table Old Mat.mat
  artifactKey: Guid(2e2e287d72d1c4f44b3cb5433a9abe62) Importer(815301076,1909f56bfc062723c751e8b465ee728b)
Start importing Assets/MASH Virtual/Table/Material/Table Old Mat.mat using Guid(2e2e287d72d1c4f44b3cb5433a9abe62) Importer(815301076,1909f56bfc062723c751e8b465ee728b)  -> (artifact id: '6ae063908530229b6ddc165f53cb8d90') in 0.036785 seconds 
========================================================================
Received Import Request.
  Time since last request: 129.434799 seconds.
  path: Assets/MASH Virtual/Demo/Table Demo/Lightmap-0_comp_dir.png
  artifactKey: Guid(9a680345e3e723e4ca12b26822c3f21c) Importer(815301076,1909f56bfc062723c751e8b465ee728b)
Start importing Assets/MASH Virtual/Demo/Table Demo/Lightmap-0_comp_dir.png using Guid(9a680345e3e723e4ca12b26822c3f21c) Importer(815301076,1909f56bfc062723c751e8b465ee728b)  -> (artifact id: '42408a46a649d4128a1a60401ec91fba') in 0.035336 seconds 
========================================================================
Received Import Request.
  Time since last request: 0.000125 seconds.
  path: Assets/MASH Virtual/Demo/Table Demo/ReflectionProbe-1.exr
  artifactKey: Guid(849d6afc234e80d44bbebb135b676ea9) Importer(815301076,1909f56bfc062723c751e8b465ee728b)
Start importing Assets/MASH Virtual/Demo/Table Demo/ReflectionProbe-1.exr using Guid(849d6afc234e80d44bbebb135b676ea9) Importer(815301076,1909f56bfc062723c751e8b465ee728b)  -> (artifact id: '9b533f7947a73ea978db5279a5d443f4') in 0.097608 seconds 
========================================================================
Received Import Request.
  Time since last request: 0.000101 seconds.
  path: Assets/MASH Virtual/Demo/Table Demo/Lightmap-0_comp_light.exr
  artifactKey: Guid(d286e351e8011b9478ed2a02875681ef) Importer(815301076,1909f56bfc062723c751e8b465ee728b)
Start importing Assets/MASH Virtual/Demo/Table Demo/Lightmap-0_comp_light.exr using Guid(d286e351e8011b9478ed2a02875681ef) Importer(815301076,1909f56bfc062723c751e8b465ee728b)  -> (artifact id: 'ebfa85f3fa80e2543ad8a88e8f5b410f') in 0.088961 seconds 
Editor requested this worker to shutdown with reason: Scaling down because of idle timeout
AssetImportWorker is now disconnected from the server
Process exiting
