Unity Editor version:    2021.3.2f1 (d6360bedb9a0)
Branch:                  2021.3/staging
Build type:              Release
Batch mode:              YES
macOS version:           Version 12.3.1 (Build 21E258)
Darwin version:          21.4.0
Architecture:            x86_64
Running under Rosetta:   NO
Available memory:        16384 MB
Using pre-set license
Pro License: YES

COMMAND LINE ARGUMENTS:
/Applications/Unity/Hub/Editor/2021.3.2f1/Unity.app/Contents/MacOS/Unity
-adb2
-batchMode
-noUpm
-name
AssetImportWorker2
-projectPath
/Users/anthony.mai/Development/Meta-Factory
-logFile
Logs/AssetImportWorker2.log
-srvPort
49586
Successfully changed project path to: /Users/anthony.mai/Development/Meta-Factory
/Users/anthony.mai/Development/Meta-Factory
[UnityMemory] Configuration Parameters - Can be set up in boot.config
    "memorysetup-bucket-allocator-granularity=16"
    "memorysetup-bucket-allocator-bucket-count=8"
    "memorysetup-bucket-allocator-block-size=33554432"
    "memorysetup-bucket-allocator-block-count=8"
    "memorysetup-main-allocator-block-size=16777216"
    "memorysetup-thread-allocator-block-size=16777216"
    "memorysetup-gfx-main-allocator-block-size=16777216"
    "memorysetup-gfx-thread-allocator-block-size=16777216"
    "memorysetup-cache-allocator-block-size=4194304"
    "memorysetup-typetree-allocator-block-size=2097152"
    "memorysetup-profiler-bucket-allocator-granularity=16"
    "memorysetup-profiler-bucket-allocator-bucket-count=8"
    "memorysetup-profiler-bucket-allocator-block-size=33554432"
    "memorysetup-profiler-bucket-allocator-block-count=8"
    "memorysetup-profiler-allocator-block-size=16777216"
    "memorysetup-profiler-editor-allocator-block-size=1048576"
    "memorysetup-temp-allocator-size-main=16777216"
    "memorysetup-job-temp-allocator-block-size=2097152"
    "memorysetup-job-temp-allocator-block-size-background=1048576"
    "memorysetup-job-temp-allocator-reduction-small-platforms=262144"
    "memorysetup-temp-allocator-size-background-worker=32768"
    "memorysetup-temp-allocator-size-job-worker=262144"
    "memorysetup-temp-allocator-size-preload-manager=33554432"
    "memorysetup-temp-allocator-size-nav-mesh-worker=65536"
    "memorysetup-temp-allocator-size-audio-worker=65536"
    "memorysetup-temp-allocator-size-cloud-worker=32768"
    "memorysetup-temp-allocator-size-gi-baking-worker=262144"
    "memorysetup-temp-allocator-size-gfx=262144"
Refreshing native plugins compatible for Editor in 997.70 ms, found 3 plugins.
Preloading 1 native plugins for Editor in 13.12 ms.
Initialize engine version: 2021.3.2f1 (d6360bedb9a0)
[Subsystems] Discovering subsystems at path /Applications/Unity/Hub/Editor/2021.3.2f1/Unity.app/Contents/Resources/UnitySubsystems
[Subsystems] Discovering subsystems at path /Users/anthony.mai/Development/Meta-Factory/Assets
GfxDevice: creating device client; threaded=0; jobified=0
LG HDR 4K preferred device: AMD Radeon Pro 560X (high power)
Metal devices available: 2
0: AMD Radeon Pro 560X (high power)
1: Intel(R) UHD Graphics 630 (low power)
Using device AMD Radeon Pro 560X (high power)
Initializing Metal device caps: AMD Radeon Pro 560X
Initialize mono
Mono path[0] = '/Applications/Unity/Hub/Editor/2021.3.2f1/Unity.app/Contents/Managed'
Mono path[1] = '/Applications/Unity/Hub/Editor/2021.3.2f1/Unity.app/Contents/MonoBleedingEdge/lib/mono/unityjit-macos'
Mono config path = '/Applications/Unity/Hub/Editor/2021.3.2f1/Unity.app/Contents/MonoBleedingEdge/etc'
Using monoOptions --debugger-agent=transport=dt_socket,embedding=1,server=y,suspend=n,address=127.0.0.1:56365
Begin MonoManager ReloadAssembly
Registering precompiled unity dll's ...
Register platform support module: /Applications/Unity/Hub/Editor/2021.3.2f1/PlaybackEngines/WebGLSupport/UnityEditor.WebGL.Extensions.dll
Register platform support module: /Applications/Unity/Hub/Editor/2021.3.2f1/Unity.app/Contents/PlaybackEngines/MacStandaloneSupport/UnityEditor.OSXStandalone.Extensions.dll
Registered in 0.001687 seconds.
Native extension for OSXStandalone target not found
Native extension for WebGL target not found
Refreshing native plugins compatible for Editor in 106.40 ms, found 3 plugins.
Preloading 1 native plugins for Editor in 0.59 ms.
Mono: successfully reloaded assembly
- Completed reload, in  0.942 seconds
Domain Reload Profiling:
	ReloadAssembly (942ms)
		BeginReloadAssembly (119ms)
			ExecutionOrderSort (0ms)
			DisableScriptedObjects (0ms)
			BackupInstance (0ms)
			ReleaseScriptingObjects (0ms)
			CreateAndSetChildDomain (1ms)
		EndReloadAssembly (656ms)
			LoadAssemblies (119ms)
			RebuildTransferFunctionScriptingTraits (0ms)
			SetupTypeCache (170ms)
			ReleaseScriptCaches (0ms)
			RebuildScriptCaches (45ms)
			SetupLoadedEditorAssemblies (365ms)
				LogAssemblyErrors (0ms)
				InitializePlatformSupportModulesInManaged (9ms)
				SetLoadedEditorAssemblies (0ms)
				RefreshPlugins (107ms)
				BeforeProcessingInitializeOnLoad (2ms)
				ProcessInitializeOnLoadAttributes (195ms)
				ProcessInitializeOnLoadMethodAttributes (52ms)
				AfterProcessingInitializeOnLoad (0ms)
				EditorAssembliesLoaded (0ms)
			ExecutionOrderSort2 (0ms)
			AwakeInstancesAfterBackupRestoration (0ms)
Platform modules already initialized, skipping
Registering precompiled user dll's ...
Registered in 0.204382 seconds.
Begin MonoManager ReloadAssembly
Symbol file LoadedFromMemory doesn't match image /Users/anthony.mai/Development/Meta-Factory/Library/PackageCache/com.unity.visualscripting@1.7.6/Editor/VisualScripting.Core/Dependencies/DotNetZip/Unity.VisualScripting.IonicZip.dll
Symbol file LoadedFromMemory doesn't match image /Users/anthony.mai/Development/Meta-Factory/Library/PackageCache/com.unity.visualscripting@1.7.6/Editor/VisualScripting.Core/Dependencies/YamlDotNet/Unity.VisualScripting.YamlDotNet.dll
Native extension for OSXStandalone target not found
Native extension for WebGL target not found
Refreshing native plugins compatible for Editor in 80.56 ms, found 3 plugins.
Preloading 1 native plugins for Editor in 0.58 ms.
Package Manager log level set to [2]
Mono: successfully reloaded assembly
- Completed reload, in  1.403 seconds
Domain Reload Profiling:
	ReloadAssembly (1404ms)
		BeginReloadAssembly (191ms)
			ExecutionOrderSort (0ms)
			DisableScriptedObjects (6ms)
			BackupInstance (0ms)
			ReleaseScriptingObjects (0ms)
			CreateAndSetChildDomain (23ms)
		EndReloadAssembly (1083ms)
			LoadAssemblies (213ms)
			RebuildTransferFunctionScriptingTraits (0ms)
			SetupTypeCache (290ms)
			ReleaseScriptCaches (1ms)
			RebuildScriptCaches (66ms)
			SetupLoadedEditorAssemblies (539ms)
				LogAssemblyErrors (0ms)
				InitializePlatformSupportModulesInManaged (4ms)
				SetLoadedEditorAssemblies (0ms)
				RefreshPlugins (81ms)
				BeforeProcessingInitializeOnLoad (82ms)
				ProcessInitializeOnLoadAttributes (340ms)
				ProcessInitializeOnLoadMethodAttributes (30ms)
				AfterProcessingInitializeOnLoad (2ms)
				EditorAssembliesLoaded (0ms)
			ExecutionOrderSort2 (0ms)
			AwakeInstancesAfterBackupRestoration (4ms)
Platform modules already initialized, skipping
========================================================================
Worker process is ready to serve import requests
Launching external process: /Applications/Unity/Hub/Editor/2021.3.2f1/Unity.app/Contents/Tools/UnityShaderCompiler
Launched and connected shader compiler UnityShaderCompiler after 0.06 seconds
Refreshing native plugins compatible for Editor in 0.75 ms, found 3 plugins.
Preloading 1 native plugins for Editor in 0.47 ms.
Unloading 4078 Unused Serialized files (Serialized files now loaded: 0)
Unloading 44 unused Assets / (26.8 KB). Loaded Objects now: 4550.
Memory consumption went from 270.6 MB to 270.6 MB.
Total: 3.504499 ms (FindLiveObjects: 0.304569 ms CreateObjectMapping: 0.266263 ms MarkObjects: 2.900920 ms  DeleteObjects: 0.031885 ms)

AssetImportParameters requested are different than current active one (requested -> active):
  custom:video-decoder-ogg-theora: a1e56fd34408186e4bbccfd4996cb3dc -> 
  custom:container-muxer-webm: aa71ff27fc2769a1b78a27578f13a17b -> 
  custom:container-demuxer-webm: 4f35f7cbe854078d1ac9338744f61a02 -> 
  custom:video-encoder-webm-vp8: eb34c28f22e8b96e1ab97ce403110664 -> 
  custom:framework-osx-AVFoundation: e770b220cccbd017edd2c1fefb359320 -> 
  custom:audio-encoder-webm-vorbis: bf7c407c2cedff20999df2af8eb42d56 -> 
  custom:container-demuxer-ogg: 62fdf1f143b41e24485cea50d1cbac27 -> 
  custom:video-decoder-webm-vp8: 9c59270c3fd7afecdb556c50c9e8de78 -> 
  custom:audio-decoder-ogg-vorbis: bf7c407c2cedff20999df2af8eb42d56 -> 
========================================================================
Received Import Request.
  Time since last request: 42647.968730 seconds.
  path: Packages/com.unity.xr.interaction.toolkit/LICENSE.md
  artifactKey: Guid(d7572f42fde044f52b6cfe8d26393b8b) Importer(815301076,1909f56bfc062723c751e8b465ee728b)
Start importing Packages/com.unity.xr.interaction.toolkit/LICENSE.md using Guid(d7572f42fde044f52b6cfe8d26393b8b) Importer(815301076,1909f56bfc062723c751e8b465ee728b)  -> (artifact id: 'e16bc695f867ae82b815045b56a8a8f7') in 1.481162 seconds 
========================================================================
Received Import Request.
  Time since last request: 1.358402 seconds.
  path: Packages/com.unity.xr.interaction.toolkit/CHANGELOG.md
  artifactKey: Guid(d7c06d5b8757542e4bc0c3fb9142961d) Importer(815301076,1909f56bfc062723c751e8b465ee728b)
Start importing Packages/com.unity.xr.interaction.toolkit/CHANGELOG.md using Guid(d7c06d5b8757542e4bc0c3fb9142961d) Importer(815301076,1909f56bfc062723c751e8b465ee728b)  -> (artifact id: '8712364a25b77c69bf174099aec697a9') in 0.004570 seconds 
========================================================================
Received Import Request.
  Time since last request: 1.964410 seconds.
  path: Packages/com.unity.xr.interaction.toolkit/Third Party Notices.md
  artifactKey: Guid(639ae8815870543868c5e03833c89b9e) Importer(815301076,1909f56bfc062723c751e8b465ee728b)
Start importing Packages/com.unity.xr.interaction.toolkit/Third Party Notices.md using Guid(639ae8815870543868c5e03833c89b9e) Importer(815301076,1909f56bfc062723c751e8b465ee728b)  -> (artifact id: 'a3cc16c8ea2961e9e800700cf8a877bd') in 0.004074 seconds 
========================================================================
Received Import Request.
  Time since last request: 13.511178 seconds.
  path: Packages/com.unity.xr.interaction.toolkit/Editor/Locomotion
  artifactKey: Guid(55642ecf16f73d44799fe48c5bc330af) Importer(815301076,1909f56bfc062723c751e8b465ee728b)
Start importing Packages/com.unity.xr.interaction.toolkit/Editor/Locomotion using Guid(55642ecf16f73d44799fe48c5bc330af) Importer(815301076,1909f56bfc062723c751e8b465ee728b)  -> (artifact id: '76ce77c18e574bae96315a4004d71cbe') in 0.003653 seconds 
========================================================================
Received Import Request.
  Time since last request: 1.730820 seconds.
  path: Packages/com.unity.xr.interaction.toolkit/Editor/Locomotion/Teleportation
  artifactKey: Guid(044008d1c9b16f047b5f5621c42ec4fe) Importer(815301076,1909f56bfc062723c751e8b465ee728b)
Start importing Packages/com.unity.xr.interaction.toolkit/Editor/Locomotion/Teleportation using Guid(044008d1c9b16f047b5f5621c42ec4fe) Importer(815301076,1909f56bfc062723c751e8b465ee728b)  -> (artifact id: 'e5e8d9ff625f69c5773f69123d330978') in 0.004800 seconds 
========================================================================
Received Import Request.
  Time since last request: 201.628797 seconds.
  path: Assets/Scripts
  artifactKey: Guid(581a7a80544f54bf78feef32485b32d1) Importer(815301076,1909f56bfc062723c751e8b465ee728b)
Start importing Assets/Scripts using Guid(581a7a80544f54bf78feef32485b32d1) Importer(815301076,1909f56bfc062723c751e8b465ee728b)  -> (artifact id: 'cc1be8e8c1a2379817050de055bbeb9f') in 0.004315 seconds 
========================================================================
Received Import Request.
  Time since last request: 20.921187 seconds.
  path: Assets/Scripts/InputManager.cs
  artifactKey: Guid(c26012eeefed94d1ba450832e95b36de) Importer(815301076,1909f56bfc062723c751e8b465ee728b)
Start importing Assets/Scripts/InputManager.cs using Guid(c26012eeefed94d1ba450832e95b36de) Importer(815301076,1909f56bfc062723c751e8b465ee728b)  -> (artifact id: 'dd25b20503987775d76543f779a66be3') in 0.211018 seconds 
========================================================================
Received Prepare
Registering precompiled user dll's ...
Registered in 0.004450 seconds.
Begin MonoManager ReloadAssembly
Symbol file LoadedFromMemory doesn't match image /Users/anthony.mai/Development/Meta-Factory/Library/PackageCache/com.unity.visualscripting@1.7.6/Editor/VisualScripting.Core/Dependencies/DotNetZip/Unity.VisualScripting.IonicZip.dll
Symbol file LoadedFromMemory doesn't match image /Users/anthony.mai/Development/Meta-Factory/Library/PackageCache/com.unity.visualscripting@1.7.6/Editor/VisualScripting.Core/Dependencies/YamlDotNet/Unity.VisualScripting.YamlDotNet.dll
Native extension for OSXStandalone target not found
Native extension for WebGL target not found
Refreshing native plugins compatible for Editor in 0.77 ms, found 3 plugins.
Preloading 1 native plugins for Editor in 0.38 ms.
Mono: successfully reloaded assembly
- Completed reload, in  1.213 seconds
Domain Reload Profiling:
	ReloadAssembly (1213ms)
		BeginReloadAssembly (200ms)
			ExecutionOrderSort (0ms)
			DisableScriptedObjects (5ms)
			BackupInstance (0ms)
			ReleaseScriptingObjects (0ms)
			CreateAndSetChildDomain (65ms)
		EndReloadAssembly (903ms)
			LoadAssemblies (140ms)
			RebuildTransferFunctionScriptingTraits (0ms)
			SetupTypeCache (293ms)
			ReleaseScriptCaches (1ms)
			RebuildScriptCaches (55ms)
			SetupLoadedEditorAssemblies (391ms)
				LogAssemblyErrors (0ms)
				InitializePlatformSupportModulesInManaged (10ms)
				SetLoadedEditorAssemblies (1ms)
				RefreshPlugins (1ms)
				BeforeProcessingInitializeOnLoad (53ms)
				ProcessInitializeOnLoadAttributes (293ms)
				ProcessInitializeOnLoadMethodAttributes (32ms)
				AfterProcessingInitializeOnLoad (1ms)
				EditorAssembliesLoaded (0ms)
			ExecutionOrderSort2 (0ms)
			AwakeInstancesAfterBackupRestoration (5ms)
Platform modules already initialized, skipping
Refreshing native plugins compatible for Editor in 88.82 ms, found 3 plugins.
Preloading 1 native plugins for Editor in 16.37 ms.
Unloading 4056 Unused Serialized files (Serialized files now loaded: 0)
Unloading 35 unused Assets / (23.0 KB). Loaded Objects now: 4555.
Memory consumption went from 280.3 MB to 280.3 MB.
Total: 4.622059 ms (FindLiveObjects: 0.371918 ms CreateObjectMapping: 0.274037 ms MarkObjects: 3.927424 ms  DeleteObjects: 0.047749 ms)

AssetImportParameters requested are different than current active one (requested -> active):
  custom:video-decoder-ogg-theora: a1e56fd34408186e4bbccfd4996cb3dc -> 
  custom:container-muxer-webm: aa71ff27fc2769a1b78a27578f13a17b -> 
  custom:container-demuxer-webm: 4f35f7cbe854078d1ac9338744f61a02 -> 
  custom:video-encoder-webm-vp8: eb34c28f22e8b96e1ab97ce403110664 -> 
  custom:framework-osx-AVFoundation: e770b220cccbd017edd2c1fefb359320 -> 
  custom:audio-encoder-webm-vorbis: bf7c407c2cedff20999df2af8eb42d56 -> 
  custom:container-demuxer-ogg: 62fdf1f143b41e24485cea50d1cbac27 -> 
  custom:video-decoder-webm-vp8: 9c59270c3fd7afecdb556c50c9e8de78 -> 
  custom:audio-decoder-ogg-vorbis: bf7c407c2cedff20999df2af8eb42d56 -> 
========================================================================
Received Import Request.
  Time since last request: 37.004069 seconds.
  path: Assets/Scripts/ControllerManager.cs
  artifactKey: Guid(c26012eeefed94d1ba450832e95b36de) Importer(815301076,1909f56bfc062723c751e8b465ee728b)
Start importing Assets/Scripts/ControllerManager.cs using Guid(c26012eeefed94d1ba450832e95b36de) Importer(815301076,1909f56bfc062723c751e8b465ee728b)  -> (artifact id: '6a5ae0934f611e48f781680e4b78e279') in 0.014134 seconds 
========================================================================
Received Prepare
Registering precompiled user dll's ...
Registered in 0.007476 seconds.
Begin MonoManager ReloadAssembly
Symbol file LoadedFromMemory doesn't match image /Users/anthony.mai/Development/Meta-Factory/Library/PackageCache/com.unity.visualscripting@1.7.6/Editor/VisualScripting.Core/Dependencies/DotNetZip/Unity.VisualScripting.IonicZip.dll
Symbol file LoadedFromMemory doesn't match image /Users/anthony.mai/Development/Meta-Factory/Library/PackageCache/com.unity.visualscripting@1.7.6/Editor/VisualScripting.Core/Dependencies/YamlDotNet/Unity.VisualScripting.YamlDotNet.dll
Native extension for OSXStandalone target not found
Native extension for WebGL target not found
Refreshing native plugins compatible for Editor in 1.13 ms, found 3 plugins.
Preloading 1 native plugins for Editor in 0.43 ms.
Mono: successfully reloaded assembly
- Completed reload, in  1.245 seconds
Domain Reload Profiling:
	ReloadAssembly (1246ms)
		BeginReloadAssembly (177ms)
			ExecutionOrderSort (0ms)
			DisableScriptedObjects (6ms)
			BackupInstance (0ms)
			ReleaseScriptingObjects (0ms)
			CreateAndSetChildDomain (51ms)
		EndReloadAssembly (961ms)
			LoadAssemblies (135ms)
			RebuildTransferFunctionScriptingTraits (0ms)
			SetupTypeCache (282ms)
			ReleaseScriptCaches (1ms)
			RebuildScriptCaches (56ms)
			SetupLoadedEditorAssemblies (456ms)
				LogAssemblyErrors (0ms)
				InitializePlatformSupportModulesInManaged (11ms)
				SetLoadedEditorAssemblies (1ms)
				RefreshPlugins (2ms)
				BeforeProcessingInitializeOnLoad (67ms)
				ProcessInitializeOnLoadAttributes (337ms)
				ProcessInitializeOnLoadMethodAttributes (38ms)
				AfterProcessingInitializeOnLoad (1ms)
				EditorAssembliesLoaded (0ms)
			ExecutionOrderSort2 (0ms)
			AwakeInstancesAfterBackupRestoration (6ms)
Platform modules already initialized, skipping
Refreshing native plugins compatible for Editor in 4.61 ms, found 3 plugins.
Preloading 1 native plugins for Editor in 0.53 ms.
Unloading 4056 Unused Serialized files (Serialized files now loaded: 0)
Unloading 35 unused Assets / (23.7 KB). Loaded Objects now: 4559.
Memory consumption went from 280.7 MB to 280.6 MB.
Total: 3.446821 ms (FindLiveObjects: 0.317211 ms CreateObjectMapping: 0.275451 ms MarkObjects: 2.831764 ms  DeleteObjects: 0.021551 ms)

AssetImportParameters requested are different than current active one (requested -> active):
  custom:video-decoder-ogg-theora: a1e56fd34408186e4bbccfd4996cb3dc -> 
  custom:container-muxer-webm: aa71ff27fc2769a1b78a27578f13a17b -> 
  custom:container-demuxer-webm: 4f35f7cbe854078d1ac9338744f61a02 -> 
  custom:video-encoder-webm-vp8: eb34c28f22e8b96e1ab97ce403110664 -> 
  custom:framework-osx-AVFoundation: e770b220cccbd017edd2c1fefb359320 -> 
  custom:audio-encoder-webm-vorbis: bf7c407c2cedff20999df2af8eb42d56 -> 
  custom:container-demuxer-ogg: 62fdf1f143b41e24485cea50d1cbac27 -> 
  custom:video-decoder-webm-vp8: 9c59270c3fd7afecdb556c50c9e8de78 -> 
  custom:audio-decoder-ogg-vorbis: bf7c407c2cedff20999df2af8eb42d56 -> 
========================================================================
Received Prepare
Registering precompiled user dll's ...
Registered in 0.005197 seconds.
Begin MonoManager ReloadAssembly
Symbol file LoadedFromMemory doesn't match image /Users/anthony.mai/Development/Meta-Factory/Library/PackageCache/com.unity.visualscripting@1.7.6/Editor/VisualScripting.Core/Dependencies/DotNetZip/Unity.VisualScripting.IonicZip.dll
Symbol file LoadedFromMemory doesn't match image /Users/anthony.mai/Development/Meta-Factory/Library/PackageCache/com.unity.visualscripting@1.7.6/Editor/VisualScripting.Core/Dependencies/YamlDotNet/Unity.VisualScripting.YamlDotNet.dll
Native extension for OSXStandalone target not found
Native extension for WebGL target not found
Refreshing native plugins compatible for Editor in 0.96 ms, found 3 plugins.
Preloading 1 native plugins for Editor in 19.35 ms.
Mono: successfully reloaded assembly
- Completed reload, in  4.068 seconds
Domain Reload Profiling:
	ReloadAssembly (4069ms)
		BeginReloadAssembly (1527ms)
			ExecutionOrderSort (0ms)
			DisableScriptedObjects (5ms)
			BackupInstance (0ms)
			ReleaseScriptingObjects (0ms)
			CreateAndSetChildDomain (56ms)
		EndReloadAssembly (2370ms)
			LoadAssemblies (2626ms)
			RebuildTransferFunctionScriptingTraits (0ms)
			SetupTypeCache (473ms)
			ReleaseScriptCaches (1ms)
			RebuildScriptCaches (67ms)
			SetupLoadedEditorAssemblies (479ms)
				LogAssemblyErrors (0ms)
				InitializePlatformSupportModulesInManaged (16ms)
				SetLoadedEditorAssemblies (1ms)
				RefreshPlugins (20ms)
				BeforeProcessingInitializeOnLoad (67ms)
				ProcessInitializeOnLoadAttributes (319ms)
				ProcessInitializeOnLoadMethodAttributes (54ms)
				AfterProcessingInitializeOnLoad (1ms)
				EditorAssembliesLoaded (0ms)
			ExecutionOrderSort2 (0ms)
			AwakeInstancesAfterBackupRestoration (5ms)
Platform modules already initialized, skipping
Refreshing native plugins compatible for Editor in 8.47 ms, found 3 plugins.
Preloading 1 native plugins for Editor in 0.69 ms.
Unloading 4060 Unused Serialized files (Serialized files now loaded: 0)
Unloading 36 unused Assets / (23.0 KB). Loaded Objects now: 4567.
Memory consumption went from 281.1 MB to 281.1 MB.
Total: 4.885506 ms (FindLiveObjects: 0.373124 ms CreateObjectMapping: 0.264747 ms MarkObjects: 4.186669 ms  DeleteObjects: 0.059776 ms)

AssetImportParameters requested are different than current active one (requested -> active):
  custom:video-decoder-ogg-theora: a1e56fd34408186e4bbccfd4996cb3dc -> 
  custom:container-muxer-webm: aa71ff27fc2769a1b78a27578f13a17b -> 
  custom:container-demuxer-webm: 4f35f7cbe854078d1ac9338744f61a02 -> 
  custom:video-encoder-webm-vp8: eb34c28f22e8b96e1ab97ce403110664 -> 
  custom:framework-osx-AVFoundation: e770b220cccbd017edd2c1fefb359320 -> 
  custom:audio-encoder-webm-vorbis: bf7c407c2cedff20999df2af8eb42d56 -> 
  custom:container-demuxer-ogg: 62fdf1f143b41e24485cea50d1cbac27 -> 
  custom:video-decoder-webm-vp8: 9c59270c3fd7afecdb556c50c9e8de78 -> 
  custom:audio-decoder-ogg-vorbis: bf7c407c2cedff20999df2af8eb42d56 -> 
========================================================================
Received Prepare
Registering precompiled user dll's ...
Registered in 0.013077 seconds.
Begin MonoManager ReloadAssembly
Symbol file LoadedFromMemory doesn't match image /Users/anthony.mai/Development/Meta-Factory/Library/PackageCache/com.unity.visualscripting@1.7.6/Editor/VisualScripting.Core/Dependencies/DotNetZip/Unity.VisualScripting.IonicZip.dll
Symbol file LoadedFromMemory doesn't match image /Users/anthony.mai/Development/Meta-Factory/Library/PackageCache/com.unity.visualscripting@1.7.6/Editor/VisualScripting.Core/Dependencies/YamlDotNet/Unity.VisualScripting.YamlDotNet.dll
Native extension for OSXStandalone target not found
Native extension for WebGL target not found
Refreshing native plugins compatible for Editor in 0.85 ms, found 3 plugins.
Preloading 1 native plugins for Editor in 0.32 ms.
Mono: successfully reloaded assembly
- Completed reload, in  1.488 seconds
Domain Reload Profiling:
	ReloadAssembly (1489ms)
		BeginReloadAssembly (253ms)
			ExecutionOrderSort (0ms)
			DisableScriptedObjects (5ms)
			BackupInstance (0ms)
			ReleaseScriptingObjects (0ms)
			CreateAndSetChildDomain (58ms)
		EndReloadAssembly (1112ms)
			LoadAssemblies (218ms)
			RebuildTransferFunctionScriptingTraits (0ms)
			SetupTypeCache (383ms)
			ReleaseScriptCaches (1ms)
			RebuildScriptCaches (65ms)
			SetupLoadedEditorAssemblies (470ms)
				LogAssemblyErrors (0ms)
				InitializePlatformSupportModulesInManaged (12ms)
				SetLoadedEditorAssemblies (1ms)
				RefreshPlugins (1ms)
				BeforeProcessingInitializeOnLoad (68ms)
				ProcessInitializeOnLoadAttributes (341ms)
				ProcessInitializeOnLoadMethodAttributes (45ms)
				AfterProcessingInitializeOnLoad (2ms)
				EditorAssembliesLoaded (0ms)
			ExecutionOrderSort2 (0ms)
			AwakeInstancesAfterBackupRestoration (7ms)
Platform modules already initialized, skipping
Refreshing native plugins compatible for Editor in 6.40 ms, found 3 plugins.
Preloading 1 native plugins for Editor in 0.64 ms.
Unloading 4060 Unused Serialized files (Serialized files now loaded: 0)
Unloading 35 unused Assets / (23.0 KB). Loaded Objects now: 4571.
Memory consumption went from 281.4 MB to 281.3 MB.
Total: 4.607525 ms (FindLiveObjects: 0.362600 ms CreateObjectMapping: 0.301201 ms MarkObjects: 3.908093 ms  DeleteObjects: 0.034212 ms)

AssetImportParameters requested are different than current active one (requested -> active):
  custom:video-decoder-ogg-theora: a1e56fd34408186e4bbccfd4996cb3dc -> 
  custom:container-muxer-webm: aa71ff27fc2769a1b78a27578f13a17b -> 
  custom:container-demuxer-webm: 4f35f7cbe854078d1ac9338744f61a02 -> 
  custom:video-encoder-webm-vp8: eb34c28f22e8b96e1ab97ce403110664 -> 
  custom:framework-osx-AVFoundation: e770b220cccbd017edd2c1fefb359320 -> 
  custom:audio-encoder-webm-vorbis: bf7c407c2cedff20999df2af8eb42d56 -> 
  custom:container-demuxer-ogg: 62fdf1f143b41e24485cea50d1cbac27 -> 
  custom:video-decoder-webm-vp8: 9c59270c3fd7afecdb556c50c9e8de78 -> 
  custom:audio-decoder-ogg-vorbis: bf7c407c2cedff20999df2af8eb42d56 -> 
========================================================================
Received Prepare
Registering precompiled user dll's ...
Registered in 0.004561 seconds.
Begin MonoManager ReloadAssembly
Symbol file LoadedFromMemory doesn't match image /Users/anthony.mai/Development/Meta-Factory/Library/PackageCache/com.unity.visualscripting@1.7.6/Editor/VisualScripting.Core/Dependencies/DotNetZip/Unity.VisualScripting.IonicZip.dll
Symbol file LoadedFromMemory doesn't match image /Users/anthony.mai/Development/Meta-Factory/Library/PackageCache/com.unity.visualscripting@1.7.6/Editor/VisualScripting.Core/Dependencies/YamlDotNet/Unity.VisualScripting.YamlDotNet.dll
Native extension for OSXStandalone target not found
Native extension for WebGL target not found
Refreshing native plugins compatible for Editor in 0.91 ms, found 3 plugins.
Preloading 1 native plugins for Editor in 0.40 ms.
Mono: successfully reloaded assembly
- Completed reload, in  1.324 seconds
Domain Reload Profiling:
	ReloadAssembly (1325ms)
		BeginReloadAssembly (206ms)
			ExecutionOrderSort (0ms)
			DisableScriptedObjects (10ms)
			BackupInstance (0ms)
			ReleaseScriptingObjects (0ms)
			CreateAndSetChildDomain (90ms)
		EndReloadAssembly (1002ms)
			LoadAssemblies (111ms)
			RebuildTransferFunctionScriptingTraits (0ms)
			SetupTypeCache (327ms)
			ReleaseScriptCaches (1ms)
			RebuildScriptCaches (63ms)
			SetupLoadedEditorAssemblies (438ms)
				LogAssemblyErrors (0ms)
				InitializePlatformSupportModulesInManaged (13ms)
				SetLoadedEditorAssemblies (1ms)
				RefreshPlugins (1ms)
				BeforeProcessingInitializeOnLoad (68ms)
				ProcessInitializeOnLoadAttributes (315ms)
				ProcessInitializeOnLoadMethodAttributes (38ms)
				AfterProcessingInitializeOnLoad (1ms)
				EditorAssembliesLoaded (0ms)
			ExecutionOrderSort2 (0ms)
			AwakeInstancesAfterBackupRestoration (5ms)
Platform modules already initialized, skipping
Refreshing native plugins compatible for Editor in 6.21 ms, found 3 plugins.
Preloading 1 native plugins for Editor in 0.54 ms.
Unloading 4060 Unused Serialized files (Serialized files now loaded: 0)
Unloading 35 unused Assets / (23.0 KB). Loaded Objects now: 4575.
Memory consumption went from 281.6 MB to 281.6 MB.
Total: 5.057038 ms (FindLiveObjects: 0.392090 ms CreateObjectMapping: 0.361803 ms MarkObjects: 4.269984 ms  DeleteObjects: 0.031396 ms)

AssetImportParameters requested are different than current active one (requested -> active):
  custom:video-decoder-ogg-theora: a1e56fd34408186e4bbccfd4996cb3dc -> 
  custom:container-muxer-webm: aa71ff27fc2769a1b78a27578f13a17b -> 
  custom:container-demuxer-webm: 4f35f7cbe854078d1ac9338744f61a02 -> 
  custom:video-encoder-webm-vp8: eb34c28f22e8b96e1ab97ce403110664 -> 
  custom:framework-osx-AVFoundation: e770b220cccbd017edd2c1fefb359320 -> 
  custom:audio-encoder-webm-vorbis: bf7c407c2cedff20999df2af8eb42d56 -> 
  custom:container-demuxer-ogg: 62fdf1f143b41e24485cea50d1cbac27 -> 
  custom:video-decoder-webm-vp8: 9c59270c3fd7afecdb556c50c9e8de78 -> 
  custom:audio-decoder-ogg-vorbis: bf7c407c2cedff20999df2af8eb42d56 -> 
========================================================================
Received Import Request.
  Time since last request: 2597.154041 seconds.
  path: Assets/Scenes/MainScene.scenetemplate
  artifactKey: Guid(0b98e32d658a543e4b1bd57d5f6a1079) Importer(815301076,1909f56bfc062723c751e8b465ee728b)
Start importing Assets/Scenes/MainScene.scenetemplate using Guid(0b98e32d658a543e4b1bd57d5f6a1079) Importer(815301076,1909f56bfc062723c751e8b465ee728b)  -> (artifact id: '78241fb44413d0b0feaf4d8103f4a228') in 0.722048 seconds 
========================================================================
Received Import Request.
  Time since last request: 59.759680 seconds.
  path: Assets/UIScreens
  artifactKey: Guid(1705457f851f3491eb81387af9237e62) Importer(815301076,1909f56bfc062723c751e8b465ee728b)
Start importing Assets/UIScreens using Guid(1705457f851f3491eb81387af9237e62) Importer(815301076,1909f56bfc062723c751e8b465ee728b)  -> (artifact id: 'e643a78b222ac9d911fd09e8151e6d8f') in 0.004915 seconds 
========================================================================
Received Import Request.
  Time since last request: 9.304747 seconds.
  path: Assets/UIScreens/Scene Introduction.prefab
  artifactKey: Guid(d8fe685edbbcdde42a59c34dc04d504e) Importer(815301076,1909f56bfc062723c751e8b465ee728b)
Start importing Assets/UIScreens/Scene Introduction.prefab using Guid(d8fe685edbbcdde42a59c34dc04d504e) Importer(815301076,1909f56bfc062723c751e8b465ee728b)  -> (artifact id: '49cc5c45eb8fcc8d47adee512fe4240c') in 0.128922 seconds 
========================================================================
Received Import Request.
  Time since last request: 212.143526 seconds.
  path: Assets/UIScreens/Scene Introduction.prefab
  artifactKey: Guid(d8fe685edbbcdde42a59c34dc04d504e) Importer(815301076,1909f56bfc062723c751e8b465ee728b)
Start importing Assets/UIScreens/Scene Introduction.prefab using Guid(d8fe685edbbcdde42a59c34dc04d504e) Importer(815301076,1909f56bfc062723c751e8b465ee728b)  -> (artifact id: 'c5adf678a3e34879bb5b0dc7475ec7f8') in 0.054068 seconds 
========================================================================
Received Import Request.
  Time since last request: 5.107973 seconds.
  path: Assets/UIScreens/Scene Introduction.prefab
  artifactKey: Guid(d8fe685edbbcdde42a59c34dc04d504e) Importer(815301076,1909f56bfc062723c751e8b465ee728b)
Start importing Assets/UIScreens/Scene Introduction.prefab using Guid(d8fe685edbbcdde42a59c34dc04d504e) Importer(815301076,1909f56bfc062723c751e8b465ee728b)  -> (artifact id: 'e20c069e5eab077e45f62d51394cabf7') in 0.027200 seconds 
========================================================================
Received Import Request.
  Time since last request: 1.582055 seconds.
  path: Assets/UIScreens/Scene Introduction.prefab
  artifactKey: Guid(d8fe685edbbcdde42a59c34dc04d504e) Importer(815301076,1909f56bfc062723c751e8b465ee728b)
Start importing Assets/UIScreens/Scene Introduction.prefab using Guid(d8fe685edbbcdde42a59c34dc04d504e) Importer(815301076,1909f56bfc062723c751e8b465ee728b)  -> (artifact id: 'bda38fd83efd40c350260811584b5fc4') in 0.024458 seconds 
========================================================================
Received Import Request.
  Time since last request: 1.780943 seconds.
  path: Assets/UIScreens/Scene Introduction.prefab
  artifactKey: Guid(d8fe685edbbcdde42a59c34dc04d504e) Importer(815301076,1909f56bfc062723c751e8b465ee728b)
Start importing Assets/UIScreens/Scene Introduction.prefab using Guid(d8fe685edbbcdde42a59c34dc04d504e) Importer(815301076,1909f56bfc062723c751e8b465ee728b)  -> (artifact id: '3f3468e8c103ceb4158588b0c4bbdd60') in 0.024728 seconds 
========================================================================
Received Import Request.
  Time since last request: 14.664491 seconds.
  path: Assets/UIScreens/Scene Introduction.prefab
  artifactKey: Guid(d8fe685edbbcdde42a59c34dc04d504e) Importer(815301076,1909f56bfc062723c751e8b465ee728b)
Start importing Assets/UIScreens/Scene Introduction.prefab using Guid(d8fe685edbbcdde42a59c34dc04d504e) Importer(815301076,1909f56bfc062723c751e8b465ee728b)  -> (artifact id: '4ac12410ee5dcac0e0ef1e475e8c9bbd') in 0.028892 seconds 
========================================================================
Received Import Request.
  Time since last request: 6.985728 seconds.
  path: Assets/UIScreens/Scene Introduction.prefab
  artifactKey: Guid(d8fe685edbbcdde42a59c34dc04d504e) Importer(815301076,1909f56bfc062723c751e8b465ee728b)
Start importing Assets/UIScreens/Scene Introduction.prefab using Guid(d8fe685edbbcdde42a59c34dc04d504e) Importer(815301076,1909f56bfc062723c751e8b465ee728b)  -> (artifact id: 'f4a66b2843603c2c23f7b2be70177a4e') in 0.024385 seconds 
========================================================================
Received Import Request.
  Time since last request: 30.628079 seconds.
  path: Assets/UIScreens/Scene Introduction.prefab
  artifactKey: Guid(d8fe685edbbcdde42a59c34dc04d504e) Importer(815301076,1909f56bfc062723c751e8b465ee728b)
Start importing Assets/UIScreens/Scene Introduction.prefab using Guid(d8fe685edbbcdde42a59c34dc04d504e) Importer(815301076,1909f56bfc062723c751e8b465ee728b)  -> (artifact id: '2f75c2f49305b2edc25b1b4afc03abbb') in 0.029501 seconds 
========================================================================
Received Import Request.
  Time since last request: 4.800405 seconds.
  path: Assets/UIScreens/Scene Introduction.prefab
  artifactKey: Guid(d8fe685edbbcdde42a59c34dc04d504e) Importer(815301076,1909f56bfc062723c751e8b465ee728b)
Start importing Assets/UIScreens/Scene Introduction.prefab using Guid(d8fe685edbbcdde42a59c34dc04d504e) Importer(815301076,1909f56bfc062723c751e8b465ee728b)  -> (artifact id: 'eae54a54a389c7e0380e7547e9f5558f') in 0.024051 seconds 
========================================================================
Received Import Request.
  Time since last request: 2.633132 seconds.
  path: Assets/UIScreens/Scene Introduction.prefab
  artifactKey: Guid(d8fe685edbbcdde42a59c34dc04d504e) Importer(815301076,1909f56bfc062723c751e8b465ee728b)
Start importing Assets/UIScreens/Scene Introduction.prefab using Guid(d8fe685edbbcdde42a59c34dc04d504e) Importer(815301076,1909f56bfc062723c751e8b465ee728b)  -> (artifact id: '269df7c01ddd149ff3135a360352f3df') in 0.024420 seconds 
========================================================================
Received Import Request.
  Time since last request: 225.527207 seconds.
  path: Assets/Scripts/BaseEvents
  artifactKey: Guid(12038b63874e44dbd829b2f315698048) Importer(815301076,1909f56bfc062723c751e8b465ee728b)
Start importing Assets/Scripts/BaseEvents using Guid(12038b63874e44dbd829b2f315698048) Importer(815301076,1909f56bfc062723c751e8b465ee728b)  -> (artifact id: '65d35aae9f965edef93114e4960c5528') in 0.006212 seconds 
========================================================================
Received Prepare
Registering precompiled user dll's ...
Registered in 0.010317 seconds.
Begin MonoManager ReloadAssembly
Symbol file LoadedFromMemory doesn't match image /Users/anthony.mai/Development/Meta-Factory/Library/PackageCache/com.unity.visualscripting@1.7.6/Editor/VisualScripting.Core/Dependencies/DotNetZip/Unity.VisualScripting.IonicZip.dll
Symbol file LoadedFromMemory doesn't match image /Users/anthony.mai/Development/Meta-Factory/Library/PackageCache/com.unity.visualscripting@1.7.6/Editor/VisualScripting.Core/Dependencies/YamlDotNet/Unity.VisualScripting.YamlDotNet.dll
Native extension for OSXStandalone target not found
Native extension for WebGL target not found
Refreshing native plugins compatible for Editor in 1.34 ms, found 3 plugins.
Preloading 1 native plugins for Editor in 1.08 ms.
Mono: successfully reloaded assembly
- Completed reload, in  2.474 seconds
Domain Reload Profiling:
	ReloadAssembly (2476ms)
		BeginReloadAssembly (347ms)
			ExecutionOrderSort (0ms)
			DisableScriptedObjects (13ms)
			BackupInstance (0ms)
			ReleaseScriptingObjects (0ms)
			CreateAndSetChildDomain (108ms)
		EndReloadAssembly (1891ms)
			LoadAssemblies (276ms)
			RebuildTransferFunctionScriptingTraits (0ms)
			SetupTypeCache (601ms)
			ReleaseScriptCaches (2ms)
			RebuildScriptCaches (104ms)
			SetupLoadedEditorAssemblies (854ms)
				LogAssemblyErrors (0ms)
				InitializePlatformSupportModulesInManaged (21ms)
				SetLoadedEditorAssemblies (1ms)
				RefreshPlugins (3ms)
				BeforeProcessingInitializeOnLoad (118ms)
				ProcessInitializeOnLoadAttributes (636ms)
				ProcessInitializeOnLoadMethodAttributes (72ms)
				AfterProcessingInitializeOnLoad (2ms)
				EditorAssembliesLoaded (0ms)
			ExecutionOrderSort2 (0ms)
			AwakeInstancesAfterBackupRestoration (9ms)
Platform modules already initialized, skipping
Refreshing native plugins compatible for Editor in 127.19 ms, found 3 plugins.
Preloading 1 native plugins for Editor in 23.30 ms.
Unloading 4107 Unused Serialized files (Serialized files now loaded: 0)
Unloading 51 unused Assets / (0.7 MB). Loaded Objects now: 4616.
Memory consumption went from 298.2 MB to 297.4 MB.
Total: 6.773447 ms (FindLiveObjects: 0.472579 ms CreateObjectMapping: 0.365271 ms MarkObjects: 5.070071 ms  DeleteObjects: 0.863810 ms)

AssetImportParameters requested are different than current active one (requested -> active):
  custom:video-decoder-ogg-theora: a1e56fd34408186e4bbccfd4996cb3dc -> 
  custom:container-muxer-webm: aa71ff27fc2769a1b78a27578f13a17b -> 
  custom:container-demuxer-webm: 4f35f7cbe854078d1ac9338744f61a02 -> 
  custom:video-encoder-webm-vp8: eb34c28f22e8b96e1ab97ce403110664 -> 
  custom:framework-osx-AVFoundation: e770b220cccbd017edd2c1fefb359320 -> 
  custom:audio-encoder-webm-vorbis: bf7c407c2cedff20999df2af8eb42d56 -> 
  custom:container-demuxer-ogg: 62fdf1f143b41e24485cea50d1cbac27 -> 
  custom:video-decoder-webm-vp8: 9c59270c3fd7afecdb556c50c9e8de78 -> 
  custom:audio-decoder-ogg-vorbis: bf7c407c2cedff20999df2af8eb42d56 -> 
========================================================================
Received Import Request.
  Time since last request: 727.946647 seconds.
  path: Assets/Scripts/BaseEventListeners
  artifactKey: Guid(262786339700d4ec993cc872f9cef44a) Importer(815301076,1909f56bfc062723c751e8b465ee728b)
Start importing Assets/Scripts/BaseEventListeners using Guid(262786339700d4ec993cc872f9cef44a) Importer(815301076,1909f56bfc062723c751e8b465ee728b)  -> (artifact id: 'f08feaf8a9c988e029d7e9800d800d07') in 0.014342 seconds 
========================================================================
Received Import Request.
  Time since last request: 28.588873 seconds.
  path: Assets/Scripts/BaseEvents/UpdateControlText.cs
  artifactKey: Guid(bf4642d2c5eab1a46a57c9434c7398c8) Importer(815301076,1909f56bfc062723c751e8b465ee728b)
Start importing Assets/Scripts/BaseEvents/UpdateControlText.cs using Guid(bf4642d2c5eab1a46a57c9434c7398c8) Importer(815301076,1909f56bfc062723c751e8b465ee728b)  -> (artifact id: '4e5bf888ac46ab5c31d2ed062815968c') in 0.009700 seconds 
========================================================================
Received Import Request.
  Time since last request: 3.787692 seconds.
  path: Assets/Scripts/ActionBasedControllerManager.cs
  artifactKey: Guid(9c5c5d0bdefe3d14482446511d7b4a4e) Importer(815301076,1909f56bfc062723c751e8b465ee728b)
Start importing Assets/Scripts/ActionBasedControllerManager.cs using Guid(9c5c5d0bdefe3d14482446511d7b4a4e) Importer(815301076,1909f56bfc062723c751e8b465ee728b)  -> (artifact id: '351be16cc6c1e37da64b559175d4e4e0') in 0.005002 seconds 
========================================================================
Received Prepare
Registering precompiled user dll's ...
Registered in 0.006201 seconds.
Begin MonoManager ReloadAssembly
Symbol file LoadedFromMemory doesn't match image /Users/anthony.mai/Development/Meta-Factory/Library/PackageCache/com.unity.visualscripting@1.7.6/Editor/VisualScripting.Core/Dependencies/DotNetZip/Unity.VisualScripting.IonicZip.dll
Symbol file LoadedFromMemory doesn't match image /Users/anthony.mai/Development/Meta-Factory/Library/PackageCache/com.unity.visualscripting@1.7.6/Editor/VisualScripting.Core/Dependencies/YamlDotNet/Unity.VisualScripting.YamlDotNet.dll
Native extension for OSXStandalone target not found
Native extension for WebGL target not found
Refreshing native plugins compatible for Editor in 1.11 ms, found 3 plugins.
Preloading 1 native plugins for Editor in 0.81 ms.
Mono: successfully reloaded assembly
- Completed reload, in  1.842 seconds
Domain Reload Profiling:
	ReloadAssembly (1843ms)
		BeginReloadAssembly (219ms)
			ExecutionOrderSort (0ms)
			DisableScriptedObjects (8ms)
			BackupInstance (0ms)
			ReleaseScriptingObjects (0ms)
			CreateAndSetChildDomain (61ms)
		EndReloadAssembly (1443ms)
			LoadAssemblies (188ms)
			RebuildTransferFunctionScriptingTraits (0ms)
			SetupTypeCache (471ms)
			ReleaseScriptCaches (2ms)
			RebuildScriptCaches (86ms)
			SetupLoadedEditorAssemblies (636ms)
				LogAssemblyErrors (0ms)
				InitializePlatformSupportModulesInManaged (15ms)
				SetLoadedEditorAssemblies (1ms)
				RefreshPlugins (2ms)
				BeforeProcessingInitializeOnLoad (82ms)
				ProcessInitializeOnLoadAttributes (476ms)
				ProcessInitializeOnLoadMethodAttributes (57ms)
				AfterProcessingInitializeOnLoad (2ms)
				EditorAssembliesLoaded (0ms)
			ExecutionOrderSort2 (0ms)
			AwakeInstancesAfterBackupRestoration (7ms)
Platform modules already initialized, skipping
Refreshing native plugins compatible for Editor in 8.10 ms, found 3 plugins.
Preloading 1 native plugins for Editor in 0.75 ms.
Unloading 4107 Unused Serialized files (Serialized files now loaded: 0)
Unloading 48 unused Assets / (0.7 MB). Loaded Objects now: 4620.
Memory consumption went from 298.3 MB to 297.7 MB.
Total: 6.165291 ms (FindLiveObjects: 0.596604 ms CreateObjectMapping: 0.433618 ms MarkObjects: 4.603617 ms  DeleteObjects: 0.530203 ms)

AssetImportParameters requested are different than current active one (requested -> active):
  custom:video-decoder-ogg-theora: a1e56fd34408186e4bbccfd4996cb3dc -> 
  custom:container-muxer-webm: aa71ff27fc2769a1b78a27578f13a17b -> 
  custom:container-demuxer-webm: 4f35f7cbe854078d1ac9338744f61a02 -> 
  custom:video-encoder-webm-vp8: eb34c28f22e8b96e1ab97ce403110664 -> 
  custom:framework-osx-AVFoundation: e770b220cccbd017edd2c1fefb359320 -> 
  custom:audio-encoder-webm-vorbis: bf7c407c2cedff20999df2af8eb42d56 -> 
  custom:container-demuxer-ogg: 62fdf1f143b41e24485cea50d1cbac27 -> 
  custom:video-decoder-webm-vp8: 9c59270c3fd7afecdb556c50c9e8de78 -> 
  custom:audio-decoder-ogg-vorbis: bf7c407c2cedff20999df2af8eb42d56 -> 
========================================================================
Received Prepare
Registering precompiled user dll's ...
Registered in 0.013308 seconds.
Begin MonoManager ReloadAssembly
Symbol file LoadedFromMemory doesn't match image /Users/anthony.mai/Development/Meta-Factory/Library/PackageCache/com.unity.visualscripting@1.7.6/Editor/VisualScripting.Core/Dependencies/DotNetZip/Unity.VisualScripting.IonicZip.dll
Symbol file LoadedFromMemory doesn't match image /Users/anthony.mai/Development/Meta-Factory/Library/PackageCache/com.unity.visualscripting@1.7.6/Editor/VisualScripting.Core/Dependencies/YamlDotNet/Unity.VisualScripting.YamlDotNet.dll
Native extension for OSXStandalone target not found
Native extension for WebGL target not found
Refreshing native plugins compatible for Editor in 1.10 ms, found 3 plugins.
Preloading 1 native plugins for Editor in 1.00 ms.
Mono: successfully reloaded assembly
- Completed reload, in  2.076 seconds
Domain Reload Profiling:
	ReloadAssembly (2077ms)
		BeginReloadAssembly (253ms)
			ExecutionOrderSort (0ms)
			DisableScriptedObjects (10ms)
			BackupInstance (0ms)
			ReleaseScriptingObjects (0ms)
			CreateAndSetChildDomain (79ms)
		EndReloadAssembly (1627ms)
			LoadAssemblies (200ms)
			RebuildTransferFunctionScriptingTraits (0ms)
			SetupTypeCache (511ms)
			ReleaseScriptCaches (2ms)
			RebuildScriptCaches (91ms)
			SetupLoadedEditorAssemblies (752ms)
				LogAssemblyErrors (0ms)
				InitializePlatformSupportModulesInManaged (18ms)
				SetLoadedEditorAssemblies (1ms)
				RefreshPlugins (2ms)
				BeforeProcessingInitializeOnLoad (101ms)
				ProcessInitializeOnLoadAttributes (564ms)
				ProcessInitializeOnLoadMethodAttributes (63ms)
				AfterProcessingInitializeOnLoad (2ms)
				EditorAssembliesLoaded (0ms)
			ExecutionOrderSort2 (0ms)
			AwakeInstancesAfterBackupRestoration (8ms)
Platform modules already initialized, skipping
Refreshing native plugins compatible for Editor in 9.25 ms, found 3 plugins.
Preloading 1 native plugins for Editor in 0.77 ms.
Unloading 4107 Unused Serialized files (Serialized files now loaded: 0)
Unloading 48 unused Assets / (0.7 MB). Loaded Objects now: 4624.
Memory consumption went from 298.5 MB to 297.8 MB.
Total: 6.621284 ms (FindLiveObjects: 0.587009 ms CreateObjectMapping: 0.526130 ms MarkObjects: 4.946140 ms  DeleteObjects: 0.560592 ms)

AssetImportParameters requested are different than current active one (requested -> active):
  custom:video-decoder-ogg-theora: a1e56fd34408186e4bbccfd4996cb3dc -> 
  custom:container-muxer-webm: aa71ff27fc2769a1b78a27578f13a17b -> 
  custom:container-demuxer-webm: 4f35f7cbe854078d1ac9338744f61a02 -> 
  custom:video-encoder-webm-vp8: eb34c28f22e8b96e1ab97ce403110664 -> 
  custom:framework-osx-AVFoundation: e770b220cccbd017edd2c1fefb359320 -> 
  custom:audio-encoder-webm-vorbis: bf7c407c2cedff20999df2af8eb42d56 -> 
  custom:container-demuxer-ogg: 62fdf1f143b41e24485cea50d1cbac27 -> 
  custom:video-decoder-webm-vp8: 9c59270c3fd7afecdb556c50c9e8de78 -> 
  custom:audio-decoder-ogg-vorbis: bf7c407c2cedff20999df2af8eb42d56 -> 
========================================================================
Received Import Request.
  Time since last request: 279.408105 seconds.
  path: Assets/Scripts/BaseEvent.cs
  artifactKey: Guid(e8d0e690af4c44ebca011ba2b08fcb1c) Importer(815301076,1909f56bfc062723c751e8b465ee728b)
Start importing Assets/Scripts/BaseEvent.cs using Guid(e8d0e690af4c44ebca011ba2b08fcb1c) Importer(815301076,1909f56bfc062723c751e8b465ee728b)  -> (artifact id: '68af3df373286b43572f33809d61a2c3') in 0.016505 seconds 
========================================================================
Received Prepare
Registering precompiled user dll's ...
Registered in 0.008356 seconds.
Begin MonoManager ReloadAssembly
Symbol file LoadedFromMemory doesn't match image /Users/anthony.mai/Development/Meta-Factory/Library/PackageCache/com.unity.visualscripting@1.7.6/Editor/VisualScripting.Core/Dependencies/DotNetZip/Unity.VisualScripting.IonicZip.dll
Symbol file LoadedFromMemory doesn't match image /Users/anthony.mai/Development/Meta-Factory/Library/PackageCache/com.unity.visualscripting@1.7.6/Editor/VisualScripting.Core/Dependencies/YamlDotNet/Unity.VisualScripting.YamlDotNet.dll
Native extension for OSXStandalone target not found
Native extension for WebGL target not found
Refreshing native plugins compatible for Editor in 1.20 ms, found 3 plugins.
Preloading 1 native plugins for Editor in 1.00 ms.
Mono: successfully reloaded assembly
- Completed reload, in  3.178 seconds
Domain Reload Profiling:
	ReloadAssembly (3180ms)
		BeginReloadAssembly (323ms)
			ExecutionOrderSort (0ms)
			DisableScriptedObjects (10ms)
			BackupInstance (0ms)
			ReleaseScriptingObjects (0ms)
			CreateAndSetChildDomain (81ms)
		EndReloadAssembly (2590ms)
			LoadAssemblies (1126ms)
			RebuildTransferFunctionScriptingTraits (0ms)
			SetupTypeCache (561ms)
			ReleaseScriptCaches (2ms)
			RebuildScriptCaches (94ms)
			SetupLoadedEditorAssemblies (791ms)
				LogAssemblyErrors (0ms)
				InitializePlatformSupportModulesInManaged (19ms)
				SetLoadedEditorAssemblies (1ms)
				RefreshPlugins (2ms)
				BeforeProcessingInitializeOnLoad (102ms)
				ProcessInitializeOnLoadAttributes (600ms)
				ProcessInitializeOnLoadMethodAttributes (65ms)
				AfterProcessingInitializeOnLoad (2ms)
				EditorAssembliesLoaded (0ms)
			ExecutionOrderSort2 (0ms)
			AwakeInstancesAfterBackupRestoration (8ms)
Platform modules already initialized, skipping
Refreshing native plugins compatible for Editor in 11.25 ms, found 3 plugins.
Preloading 1 native plugins for Editor in 1.91 ms.
Unloading 4108 Unused Serialized files (Serialized files now loaded: 0)
Unloading 48 unused Assets / (0.7 MB). Loaded Objects now: 4629.
Memory consumption went from 298.8 MB to 298.1 MB.
Total: 7.524508 ms (FindLiveObjects: 0.464827 ms CreateObjectMapping: 0.381961 ms MarkObjects: 5.968035 ms  DeleteObjects: 0.707664 ms)

AssetImportParameters requested are different than current active one (requested -> active):
  custom:video-decoder-ogg-theora: a1e56fd34408186e4bbccfd4996cb3dc -> 
  custom:container-muxer-webm: aa71ff27fc2769a1b78a27578f13a17b -> 
  custom:container-demuxer-webm: 4f35f7cbe854078d1ac9338744f61a02 -> 
  custom:video-encoder-webm-vp8: eb34c28f22e8b96e1ab97ce403110664 -> 
  custom:framework-osx-AVFoundation: e770b220cccbd017edd2c1fefb359320 -> 
  custom:audio-encoder-webm-vorbis: bf7c407c2cedff20999df2af8eb42d56 -> 
  custom:container-demuxer-ogg: 62fdf1f143b41e24485cea50d1cbac27 -> 
  custom:video-decoder-webm-vp8: 9c59270c3fd7afecdb556c50c9e8de78 -> 
  custom:audio-decoder-ogg-vorbis: bf7c407c2cedff20999df2af8eb42d56 -> 
========================================================================
Received Import Request.
  Time since last request: 562.940395 seconds.
  path: Assets/Scripts/GameEventListener.cs
  artifactKey: Guid(f2b608550e0f44cc3b859cfffd58c2f7) Importer(815301076,1909f56bfc062723c751e8b465ee728b)
Start importing Assets/Scripts/GameEventListener.cs using Guid(f2b608550e0f44cc3b859cfffd58c2f7) Importer(815301076,1909f56bfc062723c751e8b465ee728b)  -> (artifact id: 'e9f0d6b6c585dc8c6268e47960892e14') in 0.024644 seconds 
========================================================================
Received Import Request.
  Time since last request: 10.695034 seconds.
  path: Assets/Scripts/BaseGameEventListener.cs
  artifactKey: Guid(f2b608550e0f44cc3b859cfffd58c2f7) Importer(815301076,1909f56bfc062723c751e8b465ee728b)
Start importing Assets/Scripts/BaseGameEventListener.cs using Guid(f2b608550e0f44cc3b859cfffd58c2f7) Importer(815301076,1909f56bfc062723c751e8b465ee728b)  -> (artifact id: '3952644017a36932c606f04cc997704b') in 0.005866 seconds 
========================================================================
Received Import Request.
  Time since last request: 520.628385 seconds.
  path: Assets/Scripts/IGameEventListener.cs
  artifactKey: Guid(a7ab40f8f5b124262a1bd218afd93513) Importer(815301076,1909f56bfc062723c751e8b465ee728b)
Start importing Assets/Scripts/IGameEventListener.cs using Guid(a7ab40f8f5b124262a1bd218afd93513) Importer(815301076,1909f56bfc062723c751e8b465ee728b)  -> (artifact id: '3d0324c1927938d1d41bcfbc9d6f3fa3') in 0.006774 seconds 
========================================================================
Received Import Request.
  Time since last request: 56.391876 seconds.
  path: Assets/Scripts/Events
  artifactKey: Guid(c5aaba09567df4452ad629d2240db178) Importer(815301076,1909f56bfc062723c751e8b465ee728b)
Start importing Assets/Scripts/Events using Guid(c5aaba09567df4452ad629d2240db178) Importer(815301076,1909f56bfc062723c751e8b465ee728b)  -> (artifact id: '2aa54d7f5854a458860dd69e4abf07ff') in 0.006033 seconds 
========================================================================
Received Import Request.
  Time since last request: 31.969289 seconds.
  path: Assets/Scripts/Events/BaseEvent.cs
  artifactKey: Guid(e8d0e690af4c44ebca011ba2b08fcb1c) Importer(815301076,1909f56bfc062723c751e8b465ee728b)
Start importing Assets/Scripts/Events/BaseEvent.cs using Guid(e8d0e690af4c44ebca011ba2b08fcb1c) Importer(815301076,1909f56bfc062723c751e8b465ee728b)  -> (artifact id: '69eb2788bc42d29ea50c888e475c2c64') in 0.007326 seconds 
========================================================================
Received Import Request.
  Time since last request: 142.374478 seconds.
  path: Assets/Scripts/Events/BaseGameEventListener.cs
  artifactKey: Guid(f2b608550e0f44cc3b859cfffd58c2f7) Importer(815301076,1909f56bfc062723c751e8b465ee728b)
Start importing Assets/Scripts/Events/BaseGameEventListener.cs using Guid(f2b608550e0f44cc3b859cfffd58c2f7) Importer(815301076,1909f56bfc062723c751e8b465ee728b)  -> (artifact id: 'd457ff51f97ef85a89d9f2a84607dde7') in 0.005348 seconds 
========================================================================
Received Import Request.
  Time since last request: 830.464292 seconds.
  path: Assets/Scripts/Events/IGameEventListener.cs
  artifactKey: Guid(a7ab40f8f5b124262a1bd218afd93513) Importer(815301076,1909f56bfc062723c751e8b465ee728b)
Start importing Assets/Scripts/Events/IGameEventListener.cs using Guid(a7ab40f8f5b124262a1bd218afd93513) Importer(815301076,1909f56bfc062723c751e8b465ee728b)  -> (artifact id: '0e21f380837b7ccd1b8e7fd3d18511be') in 0.005779 seconds 
========================================================================
Received Prepare
Registering precompiled user dll's ...
Registered in 0.004549 seconds.
Begin MonoManager ReloadAssembly
Symbol file LoadedFromMemory doesn't match image /Users/anthony.mai/Development/Meta-Factory/Library/PackageCache/com.unity.visualscripting@1.7.6/Editor/VisualScripting.Core/Dependencies/DotNetZip/Unity.VisualScripting.IonicZip.dll
Symbol file LoadedFromMemory doesn't match image /Users/anthony.mai/Development/Meta-Factory/Library/PackageCache/com.unity.visualscripting@1.7.6/Editor/VisualScripting.Core/Dependencies/YamlDotNet/Unity.VisualScripting.YamlDotNet.dll
Native extension for OSXStandalone target not found
Native extension for WebGL target not found
Refreshing native plugins compatible for Editor in 1.08 ms, found 3 plugins.
Preloading 1 native plugins for Editor in 0.36 ms.
Mono: successfully reloaded assembly
- Completed reload, in  3.219 seconds
Domain Reload Profiling:
	ReloadAssembly (3220ms)
		BeginReloadAssembly (1094ms)
			ExecutionOrderSort (0ms)
			DisableScriptedObjects (7ms)
			BackupInstance (0ms)
			ReleaseScriptingObjects (0ms)
			CreateAndSetChildDomain (69ms)
		EndReloadAssembly (1963ms)
			LoadAssemblies (1809ms)
			RebuildTransferFunctionScriptingTraits (0ms)
			SetupTypeCache (486ms)
			ReleaseScriptCaches (1ms)
			RebuildScriptCaches (60ms)
			SetupLoadedEditorAssemblies (463ms)
				LogAssemblyErrors (0ms)
				InitializePlatformSupportModulesInManaged (11ms)
				SetLoadedEditorAssemblies (1ms)
				RefreshPlugins (1ms)
				BeforeProcessingInitializeOnLoad (65ms)
				ProcessInitializeOnLoadAttributes (342ms)
				ProcessInitializeOnLoadMethodAttributes (41ms)
				AfterProcessingInitializeOnLoad (1ms)
				EditorAssembliesLoaded (0ms)
			ExecutionOrderSort2 (0ms)
			AwakeInstancesAfterBackupRestoration (5ms)
Platform modules already initialized, skipping
Refreshing native plugins compatible for Editor in 5.32 ms, found 3 plugins.
Preloading 1 native plugins for Editor in 0.43 ms.
Unloading 4110 Unused Serialized files (Serialized files now loaded: 0)
Unloading 48 unused Assets / (0.7 MB). Loaded Objects now: 4635.
Memory consumption went from 299.4 MB to 298.8 MB.
Total: 4.127740 ms (FindLiveObjects: 0.315786 ms CreateObjectMapping: 0.236022 ms MarkObjects: 3.242405 ms  DeleteObjects: 0.332717 ms)

AssetImportParameters requested are different than current active one (requested -> active):
  custom:video-decoder-ogg-theora: a1e56fd34408186e4bbccfd4996cb3dc -> 
  custom:container-muxer-webm: aa71ff27fc2769a1b78a27578f13a17b -> 
  custom:container-demuxer-webm: 4f35f7cbe854078d1ac9338744f61a02 -> 
  custom:video-encoder-webm-vp8: eb34c28f22e8b96e1ab97ce403110664 -> 
  custom:framework-osx-AVFoundation: e770b220cccbd017edd2c1fefb359320 -> 
  custom:audio-encoder-webm-vorbis: bf7c407c2cedff20999df2af8eb42d56 -> 
  custom:container-demuxer-ogg: 62fdf1f143b41e24485cea50d1cbac27 -> 
  custom:video-decoder-webm-vp8: 9c59270c3fd7afecdb556c50c9e8de78 -> 
  custom:audio-decoder-ogg-vorbis: bf7c407c2cedff20999df2af8eb42d56 -> 
========================================================================
Received Prepare
Registering precompiled user dll's ...
Registered in 0.008359 seconds.
