Unity Editor version:    2021.3.2f1 (d6360bedb9a0)
Branch:                  2021.3/staging
Build type:              Release
Batch mode:              YES
macOS version:           Version 12.3.1 (Build 21E258)
Darwin version:          21.4.0
Architecture:            x86_64
Running under Rosetta:   NO
Available memory:        16384 MB
Using pre-set license
Pro License: YES

COMMAND LINE ARGUMENTS:
/Applications/Unity/Hub/Editor/2021.3.2f1/Unity.app/Contents/MacOS/Unity
-adb2
-batchMode
-noUpm
-name
AssetImportWorker3
-projectPath
/Users/anthony.mai/Development/meta-skills2
-logFile
Logs/AssetImportWorker3.log
-srvPort
56125
Successfully changed project path to: /Users/anthony.mai/Development/meta-skills2
/Users/anthony.mai/Development/meta-skills2
[UnityMemory] Configuration Parameters - Can be set up in boot.config
    "memorysetup-bucket-allocator-granularity=16"
    "memorysetup-bucket-allocator-bucket-count=8"
    "memorysetup-bucket-allocator-block-size=33554432"
    "memorysetup-bucket-allocator-block-count=8"
    "memorysetup-main-allocator-block-size=16777216"
    "memorysetup-thread-allocator-block-size=16777216"
    "memorysetup-gfx-main-allocator-block-size=16777216"
    "memorysetup-gfx-thread-allocator-block-size=16777216"
    "memorysetup-cache-allocator-block-size=4194304"
    "memorysetup-typetree-allocator-block-size=2097152"
    "memorysetup-profiler-bucket-allocator-granularity=16"
    "memorysetup-profiler-bucket-allocator-bucket-count=8"
    "memorysetup-profiler-bucket-allocator-block-size=33554432"
    "memorysetup-profiler-bucket-allocator-block-count=8"
    "memorysetup-profiler-allocator-block-size=16777216"
    "memorysetup-profiler-editor-allocator-block-size=1048576"
    "memorysetup-temp-allocator-size-main=16777216"
    "memorysetup-job-temp-allocator-block-size=2097152"
    "memorysetup-job-temp-allocator-block-size-background=1048576"
    "memorysetup-job-temp-allocator-reduction-small-platforms=262144"
    "memorysetup-temp-allocator-size-background-worker=32768"
    "memorysetup-temp-allocator-size-job-worker=262144"
    "memorysetup-temp-allocator-size-preload-manager=33554432"
    "memorysetup-temp-allocator-size-nav-mesh-worker=65536"
    "memorysetup-temp-allocator-size-audio-worker=65536"
    "memorysetup-temp-allocator-size-cloud-worker=32768"
    "memorysetup-temp-allocator-size-gi-baking-worker=262144"
    "memorysetup-temp-allocator-size-gfx=262144"
Refreshing native plugins compatible for Editor in 97.43 ms, found 3 plugins.
Preloading 1 native plugins for Editor in 6.22 ms.
Initialize engine version: 2021.3.2f1 (d6360bedb9a0)
[Subsystems] Discovering subsystems at path /Applications/Unity/Hub/Editor/2021.3.2f1/Unity.app/Contents/Resources/UnitySubsystems
[Subsystems] Discovering subsystems at path /Users/anthony.mai/Development/meta-skills2/Assets
GfxDevice: creating device client; threaded=0; jobified=0
S34J55x preferred device: AMD Radeon Pro 560X (high power)
Metal devices available: 2
0: AMD Radeon Pro 560X (high power)
1: Intel(R) UHD Graphics 630 (low power)
Using device AMD Radeon Pro 560X (high power)
Initializing Metal device caps: AMD Radeon Pro 560X
Initialize mono
Mono path[0] = '/Applications/Unity/Hub/Editor/2021.3.2f1/Unity.app/Contents/Managed'
Mono path[1] = '/Applications/Unity/Hub/Editor/2021.3.2f1/Unity.app/Contents/MonoBleedingEdge/lib/mono/unityjit-macos'
Mono config path = '/Applications/Unity/Hub/Editor/2021.3.2f1/Unity.app/Contents/MonoBleedingEdge/etc'
Using monoOptions --debugger-agent=transport=dt_socket,embedding=1,server=y,suspend=n,address=127.0.0.1:56672
Begin MonoManager ReloadAssembly
Registering precompiled unity dll's ...
Register platform support module: /Applications/Unity/Hub/Editor/2021.3.2f1/PlaybackEngines/WebGLSupport/UnityEditor.WebGL.Extensions.dll
Register platform support module: /Applications/Unity/Hub/Editor/2021.3.2f1/Unity.app/Contents/PlaybackEngines/MacStandaloneSupport/UnityEditor.OSXStandalone.Extensions.dll
Registered in 0.006577 seconds.
Native extension for OSXStandalone target not found
Native extension for WebGL target not found
Refreshing native plugins compatible for Editor in 80.36 ms, found 3 plugins.
Preloading 1 native plugins for Editor in 0.26 ms.
Mono: successfully reloaded assembly
- Completed reload, in  0.808 seconds
Domain Reload Profiling:
	ReloadAssembly (809ms)
		BeginReloadAssembly (106ms)
			ExecutionOrderSort (0ms)
			DisableScriptedObjects (0ms)
			BackupInstance (0ms)
			ReleaseScriptingObjects (0ms)
			CreateAndSetChildDomain (1ms)
		EndReloadAssembly (560ms)
			LoadAssemblies (106ms)
			RebuildTransferFunctionScriptingTraits (0ms)
			SetupTypeCache (156ms)
			ReleaseScriptCaches (0ms)
			RebuildScriptCaches (40ms)
			SetupLoadedEditorAssemblies (305ms)
				LogAssemblyErrors (0ms)
				InitializePlatformSupportModulesInManaged (9ms)
				SetLoadedEditorAssemblies (0ms)
				RefreshPlugins (81ms)
				BeforeProcessingInitializeOnLoad (1ms)
				ProcessInitializeOnLoadAttributes (165ms)
				ProcessInitializeOnLoadMethodAttributes (49ms)
				AfterProcessingInitializeOnLoad (0ms)
				EditorAssembliesLoaded (0ms)
			ExecutionOrderSort2 (0ms)
			AwakeInstancesAfterBackupRestoration (0ms)
Platform modules already initialized, skipping
Registering precompiled user dll's ...
Registered in 0.011242 seconds.
Begin MonoManager ReloadAssembly
Symbol file LoadedFromMemory doesn't match image /Users/anthony.mai/Development/meta-skills2/Library/PackageCache/com.unity.visualscripting@1.7.6/Editor/VisualScripting.Core/Dependencies/DotNetZip/Unity.VisualScripting.IonicZip.dll
Symbol file LoadedFromMemory doesn't match image /Users/anthony.mai/Development/meta-skills2/Library/PackageCache/com.unity.visualscripting@1.7.6/Editor/VisualScripting.Core/Dependencies/YamlDotNet/Unity.VisualScripting.YamlDotNet.dll
Native extension for OSXStandalone target not found
Native extension for WebGL target not found
Refreshing native plugins compatible for Editor in 81.96 ms, found 3 plugins.
Preloading 1 native plugins for Editor in 0.57 ms.
Package Manager log level set to [2]
Mono: successfully reloaded assembly
- Completed reload, in  1.444 seconds
Domain Reload Profiling:
	ReloadAssembly (1445ms)
		BeginReloadAssembly (135ms)
			ExecutionOrderSort (0ms)
			DisableScriptedObjects (6ms)
			BackupInstance (0ms)
			ReleaseScriptingObjects (0ms)
			CreateAndSetChildDomain (22ms)
		EndReloadAssembly (1168ms)
			LoadAssemblies (171ms)
			RebuildTransferFunctionScriptingTraits (0ms)
			SetupTypeCache (309ms)
			ReleaseScriptCaches (1ms)
			RebuildScriptCaches (70ms)
			SetupLoadedEditorAssemblies (578ms)
				LogAssemblyErrors (0ms)
				InitializePlatformSupportModulesInManaged (4ms)
				SetLoadedEditorAssemblies (0ms)
				RefreshPlugins (83ms)
				BeforeProcessingInitializeOnLoad (82ms)
				ProcessInitializeOnLoadAttributes (369ms)
				ProcessInitializeOnLoadMethodAttributes (38ms)
				AfterProcessingInitializeOnLoad (1ms)
				EditorAssembliesLoaded (0ms)
			ExecutionOrderSort2 (0ms)
			AwakeInstancesAfterBackupRestoration (5ms)
Platform modules already initialized, skipping
========================================================================
Worker process is ready to serve import requests
Launching external process: /Applications/Unity/Hub/Editor/2021.3.2f1/Unity.app/Contents/Tools/UnityShaderCompiler
Launched and connected shader compiler UnityShaderCompiler after 0.11 seconds
Refreshing native plugins compatible for Editor in 0.98 ms, found 3 plugins.
Preloading 1 native plugins for Editor in 0.49 ms.
Unloading 4078 Unused Serialized files (Serialized files now loaded: 0)
Unloading 45 unused Assets / (55.2 KB). Loaded Objects now: 4523.
Memory consumption went from 247.7 MB to 247.7 MB.
Total: 5.752061 ms (FindLiveObjects: 0.593934 ms CreateObjectMapping: 0.500758 ms MarkObjects: 4.476818 ms  DeleteObjects: 0.179497 ms)

AssetImportParameters requested are different than current active one (requested -> active):
  custom:video-decoder-ogg-theora: a1e56fd34408186e4bbccfd4996cb3dc -> 
  custom:container-muxer-webm: aa71ff27fc2769a1b78a27578f13a17b -> 
  custom:container-demuxer-webm: 4f35f7cbe854078d1ac9338744f61a02 -> 
  custom:video-encoder-webm-vp8: eb34c28f22e8b96e1ab97ce403110664 -> 
  custom:framework-osx-AVFoundation: e770b220cccbd017edd2c1fefb359320 -> 
  custom:audio-encoder-webm-vorbis: bf7c407c2cedff20999df2af8eb42d56 -> 
  custom:container-demuxer-ogg: 62fdf1f143b41e24485cea50d1cbac27 -> 
  custom:video-decoder-webm-vp8: 9c59270c3fd7afecdb556c50c9e8de78 -> 
  custom:audio-decoder-ogg-vorbis: bf7c407c2cedff20999df2af8eb42d56 -> 
========================================================================
Received Import Request.
  Time since last request: 11357.633056 seconds.
  path: Assets/Oculus Hands Physics/Prefabs/Custom Right Hand Model.prefab
  artifactKey: Guid(d2121c8d819597349ac6f3e6043fa1f3) Importer(815301076,1909f56bfc062723c751e8b465ee728b)
Start importing Assets/Oculus Hands Physics/Prefabs/Custom Right Hand Model.prefab using Guid(d2121c8d819597349ac6f3e6043fa1f3) Importer(815301076,1909f56bfc062723c751e8b465ee728b)  -> (artifact id: 'e9565ac2e2ec4cd0b567346c22352fb0') in 0.349193 seconds 
========================================================================
Received Import Request.
  Time since last request: 0.000083 seconds.
  path: Assets/Oculus Hands Physics/Prefabs/Custom Right Hand Model with Collider.prefab
  artifactKey: Guid(3c99d0ba506360a43b8cea08ef805d25) Importer(815301076,1909f56bfc062723c751e8b465ee728b)
Start importing Assets/Oculus Hands Physics/Prefabs/Custom Right Hand Model with Collider.prefab using Guid(3c99d0ba506360a43b8cea08ef805d25) Importer(815301076,1909f56bfc062723c751e8b465ee728b)  -> (artifact id: '5285454980deb4ae35fd9ea0580ebb2b') in 0.037184 seconds 
========================================================================
Received Import Request.
  Time since last request: 56.385613 seconds.
  path: Assets/Materials/mak2.jpg
  artifactKey: Guid(080a5b936619141339c7a9719bd5a623) Importer(815301076,1909f56bfc062723c751e8b465ee728b)
Start importing Assets/Materials/mak2.jpg using Guid(080a5b936619141339c7a9719bd5a623) Importer(815301076,1909f56bfc062723c751e8b465ee728b)  -> (artifact id: '7b7764edf7ccd44686189006d9ab7f4d') in 0.297572 seconds 
========================================================================
Received Import Request.
  Time since last request: 0.000155 seconds.
  path: Assets/Materials/Makita Drills.JPG
  artifactKey: Guid(4fb6327dbfa194380b7c01e9b71d42e1) Importer(815301076,1909f56bfc062723c751e8b465ee728b)
Start importing Assets/Materials/Makita Drills.JPG using Guid(4fb6327dbfa194380b7c01e9b71d42e1) Importer(815301076,1909f56bfc062723c751e8b465ee728b)  -> (artifact id: 'e4ae8943517cb299c1c46a82dbec03c0') in 0.164609 seconds 
========================================================================
Received Import Request.
  Time since last request: 378.678745 seconds.
  path: Assets/Makita Drills.JPG
  artifactKey: Guid(4bcc9aabbdc634069a7d481950b4b0c3) Importer(2089858483,934ff659095e30574adcf32a4c2f97b5)
Start importing Assets/Makita Drills.JPG using Guid(4bcc9aabbdc634069a7d481950b4b0c3) Importer(2089858483,934ff659095e30574adcf32a4c2f97b5)  -> (artifact id: '5b1381458b7869e99db37d5a942db0e8') in 0.103649 seconds 
========================================================================
Received Import Request.
  Time since last request: 0.000139 seconds.
  path: Assets/Samples/XR Interaction Toolkit/2.0.0-pre.6/Default Input Actions/XRI Default Snap Turn.preset
  artifactKey: Guid(18697d253d848974aa7052cba872c9f0) Importer(2089858483,934ff659095e30574adcf32a4c2f97b5)
Start importing Assets/Samples/XR Interaction Toolkit/2.0.0-pre.6/Default Input Actions/XRI Default Snap Turn.preset using Guid(18697d253d848974aa7052cba872c9f0) Importer(2089858483,934ff659095e30574adcf32a4c2f97b5)  -> (artifact id: '8f675abfd5bf3ba67f2ffc09762dbfa8') in 0.116528 seconds 
========================================================================
Received Import Request.
  Time since last request: 0.000101 seconds.
  path: Assets/Oculus Hands Physics/Animations/Right Hand Animator.controller
  artifactKey: Guid(011fededf8deb2f479afbcb453d11410) Importer(2089858483,934ff659095e30574adcf32a4c2f97b5)
Start importing Assets/Oculus Hands Physics/Animations/Right Hand Animator.controller using Guid(011fededf8deb2f479afbcb453d11410) Importer(2089858483,934ff659095e30574adcf32a4c2f97b5)  -> (artifact id: 'ef2a9a188f06f1e2c9e2b7da51568fef') in 0.129743 seconds 
========================================================================
Received Import Request.
  Time since last request: 0.000089 seconds.
  path: Assets/XRI/Settings/Resources/InteractionLayerSettings.asset
  artifactKey: Guid(9a719603f6b4244729c272678d13d15e) Importer(2089858483,934ff659095e30574adcf32a4c2f97b5)
Start importing Assets/XRI/Settings/Resources/InteractionLayerSettings.asset using Guid(9a719603f6b4244729c272678d13d15e) Importer(2089858483,934ff659095e30574adcf32a4c2f97b5)  -> (artifact id: 'a5f22d090a49b8182f13f1ce0a6654e3') in 0.124604 seconds 
========================================================================
Received Import Request.
  Time since last request: 0.000149 seconds.
  path: Assets/Oculus Hands Physics/Animations/r_hand_default_anim.fbx
  artifactKey: Guid(b6c38558987444240b3b3950e4450b77) Importer(2089858483,934ff659095e30574adcf32a4c2f97b5)
Start importing Assets/Oculus Hands Physics/Animations/r_hand_default_anim.fbx using Guid(b6c38558987444240b3b3950e4450b77) Importer(2089858483,934ff659095e30574adcf32a4c2f97b5)  -> (artifact id: 'c9cdf88650d9d4a5b7285b36c55760b2') in 0.132675 seconds 
========================================================================
Received Import Request.
  Time since last request: 0.000152 seconds.
  path: Assets/Oculus Hands Physics/Prefabs/Custom Left Hand Model with Collider.prefab
  artifactKey: Guid(77459436eeb3aeb48871d657bcb5fd7f) Importer(2089858483,934ff659095e30574adcf32a4c2f97b5)
Start importing Assets/Oculus Hands Physics/Prefabs/Custom Left Hand Model with Collider.prefab using Guid(77459436eeb3aeb48871d657bcb5fd7f) Importer(2089858483,934ff659095e30574adcf32a4c2f97b5)  -> (artifact id: '443ecb1afe968f225b5a7e17a9bf4ae9') in 0.015446 seconds 
========================================================================
Received Import Request.
  Time since last request: 0.000085 seconds.
  path: Assets/Scenes/MainScene.unity
  artifactKey: Guid(a2ba44019e2a540deb4507337c25a844) Importer(2089858483,934ff659095e30574adcf32a4c2f97b5)
Start importing Assets/Scenes/MainScene.unity using Guid(a2ba44019e2a540deb4507337c25a844) Importer(2089858483,934ff659095e30574adcf32a4c2f97b5)  -> (artifact id: '45f1f261bb2a8389edee99981130ce78') in 0.006568 seconds 
========================================================================
Received Import Request.
  Time since last request: 0.000077 seconds.
  path: Assets/Oculus Hands Physics/Animations/r_hand_pinch_anim.fbx
  artifactKey: Guid(165871bb4fa915847973b6955c7a670d) Importer(2089858483,934ff659095e30574adcf32a4c2f97b5)
Start importing Assets/Oculus Hands Physics/Animations/r_hand_pinch_anim.fbx using Guid(165871bb4fa915847973b6955c7a670d) Importer(2089858483,934ff659095e30574adcf32a4c2f97b5)  -> (artifact id: 'ce2ff8fc6b8c0a375bb90500a01fc8f9') in 0.018115 seconds 
========================================================================
Received Import Request.
  Time since last request: 0.000087 seconds.
  path: Assets/XR/Settings/Open XR Package Settings.asset
  artifactKey: Guid(5ff74492a84b64ed7a0e7c162f53d570) Importer(2089858483,934ff659095e30574adcf32a4c2f97b5)
Start importing Assets/XR/Settings/Open XR Package Settings.asset using Guid(5ff74492a84b64ed7a0e7c162f53d570) Importer(2089858483,934ff659095e30574adcf32a4c2f97b5)  -> (artifact id: '88899e54c0fca90627860eea84485e1f') in 0.059559 seconds 
========================================================================
Received Import Request.
  Time since last request: 0.000136 seconds.
  path: Assets/Materials/drill.jpg
  artifactKey: Guid(da9a3e9c2b4214dcb9afada237a5fedf) Importer(2089858483,934ff659095e30574adcf32a4c2f97b5)
Start importing Assets/Materials/drill.jpg using Guid(da9a3e9c2b4214dcb9afada237a5fedf) Importer(2089858483,934ff659095e30574adcf32a4c2f97b5)  -> (artifact id: '02544395894ba0f86d0ac4a8c72db613') in 0.011154 seconds 
========================================================================
Received Import Request.
  Time since last request: 0.000080 seconds.
  path: Assets/Materials/rhinoMakita.png
  artifactKey: Guid(b22b01e08787641c5882d2b5d0c91ac6) Importer(2089858483,934ff659095e30574adcf32a4c2f97b5)
Start importing Assets/Materials/rhinoMakita.png using Guid(b22b01e08787641c5882d2b5d0c91ac6) Importer(2089858483,934ff659095e30574adcf32a4c2f97b5)  -> (artifact id: '328da96216e9b7a4bdcb4429da08479d') in 0.201281 seconds 
========================================================================
Received Import Request.
  Time since last request: 0.000083 seconds.
  path: Assets/XR/Settings/Oculus Settings.asset
  artifactKey: Guid(eb84867302ed045349bae371346a3123) Importer(2089858483,934ff659095e30574adcf32a4c2f97b5)
Start importing Assets/XR/Settings/Oculus Settings.asset using Guid(eb84867302ed045349bae371346a3123) Importer(2089858483,934ff659095e30574adcf32a4c2f97b5)  -> (artifact id: '0e8c1cf79292554b41fbcee0dfff4065') in 0.011457 seconds 
========================================================================
Received Import Request.
  Time since last request: 0.000084 seconds.
  path: Assets/boormachine_render_1.bmp
  artifactKey: Guid(948192b7c425f493db7c46dfe47c06fb) Importer(2089858483,934ff659095e30574adcf32a4c2f97b5)
Start importing Assets/boormachine_render_1.bmp using Guid(948192b7c425f493db7c46dfe47c06fb) Importer(2089858483,934ff659095e30574adcf32a4c2f97b5)  -> (artifact id: '114fd82ffc8fd31efd78c60e9d90e30d') in 0.196328 seconds 
========================================================================
Received Import Request.
  Time since last request: 0.000078 seconds.
  path: Assets/Oculus Hands Physics/Animations/l_hand_fist_anim.fbx
  artifactKey: Guid(7cb2e1480bb51ce4282f540ea3f41d4f) Importer(2089858483,934ff659095e30574adcf32a4c2f97b5)
Start importing Assets/Oculus Hands Physics/Animations/l_hand_fist_anim.fbx using Guid(7cb2e1480bb51ce4282f540ea3f41d4f) Importer(2089858483,934ff659095e30574adcf32a4c2f97b5)  -> (artifact id: '9031e46fb6e15f01434f2535065b12e3') in 0.015816 seconds 
========================================================================
Received Import Request.
  Time since last request: 0.000086 seconds.
  path: Assets/Samples/XR Interaction Toolkit/2.0.0-pre.6/Default Input Actions/XRI Default Right Controller.preset
  artifactKey: Guid(1421ad86ff3787b4dae70fe9e699a25f) Importer(2089858483,934ff659095e30574adcf32a4c2f97b5)
Start importing Assets/Samples/XR Interaction Toolkit/2.0.0-pre.6/Default Input Actions/XRI Default Right Controller.preset using Guid(1421ad86ff3787b4dae70fe9e699a25f) Importer(2089858483,934ff659095e30574adcf32a4c2f97b5)  -> (artifact id: '419d568bdbb97796858d2cf7d3ef8230') in 0.012783 seconds 
========================================================================
Received Import Request.
  Time since last request: 0.000098 seconds.
  path: Assets/Materials/mak2.jpg
  artifactKey: Guid(080a5b936619141339c7a9719bd5a623) Importer(2089858483,934ff659095e30574adcf32a4c2f97b5)
Start importing Assets/Materials/mak2.jpg using Guid(080a5b936619141339c7a9719bd5a623) Importer(2089858483,934ff659095e30574adcf32a4c2f97b5)  -> (artifact id: 'd9c8b0d6f03119605100755eb80bc4e6') in 0.019625 seconds 
========================================================================
Received Import Request.
  Time since last request: 0.000084 seconds.
  path: Assets/XR/Settings/OpenXR Editor Settings.asset
  artifactKey: Guid(326a2bde5edbd4eaaa56e7fcfd7520f4) Importer(2089858483,934ff659095e30574adcf32a4c2f97b5)
Start importing Assets/XR/Settings/OpenXR Editor Settings.asset using Guid(326a2bde5edbd4eaaa56e7fcfd7520f4) Importer(2089858483,934ff659095e30574adcf32a4c2f97b5)  -> (artifact id: '7cbd9abdf870f81ab282abb897bd31dc') in 0.021797 seconds 
========================================================================
Received Import Request.
  Time since last request: 0.000288 seconds.
  path: Assets/boormachine_render_2.bmp
  artifactKey: Guid(c13311b4fd8c84199a84f6fb032e9ad3) Importer(2089858483,934ff659095e30574adcf32a4c2f97b5)
Start importing Assets/boormachine_render_2.bmp using Guid(c13311b4fd8c84199a84f6fb032e9ad3) Importer(2089858483,934ff659095e30574adcf32a4c2f97b5)  -> (artifact id: '25cb0e0bb833a609526f5556621d27ef') in 0.018811 seconds 
========================================================================
Received Import Request.
  Time since last request: 0.000083 seconds.
  path: Assets/Oculus Hands Physics/Prefabs/Custom Right Hand Model.prefab
  artifactKey: Guid(d2121c8d819597349ac6f3e6043fa1f3) Importer(2089858483,934ff659095e30574adcf32a4c2f97b5)
Start importing Assets/Oculus Hands Physics/Prefabs/Custom Right Hand Model.prefab using Guid(d2121c8d819597349ac6f3e6043fa1f3) Importer(2089858483,934ff659095e30574adcf32a4c2f97b5)  -> (artifact id: '4b958b5fae23846fddbd9830ccf3de2a') in 0.029880 seconds 
========================================================================
Received Import Request.
  Time since last request: 0.000093 seconds.
  path: Assets/Scenes/MainScene.scenetemplate
  artifactKey: Guid(0b98e32d658a543e4b1bd57d5f6a1079) Importer(2089858483,934ff659095e30574adcf32a4c2f97b5)
Start importing Assets/Scenes/MainScene.scenetemplate using Guid(0b98e32d658a543e4b1bd57d5f6a1079) Importer(2089858483,934ff659095e30574adcf32a4c2f97b5)  -> (artifact id: '4e0efdcbbd509b77e0fa82fba21e9515') in 0.142652 seconds 
========================================================================
Received Import Request.
  Time since last request: 0.000088 seconds.
  path: Assets/Materials/boormachine_render_2.bmp
  artifactKey: Guid(d26123297be264f3b8107f4f91759d8d) Importer(2089858483,934ff659095e30574adcf32a4c2f97b5)
Start importing Assets/Materials/boormachine_render_2.bmp using Guid(d26123297be264f3b8107f4f91759d8d) Importer(2089858483,934ff659095e30574adcf32a4c2f97b5)  -> (artifact id: 'f62c5eeedcc2010540f367d6433a0cf9') in 0.010323 seconds 
========================================================================
Received Import Request.
  Time since last request: 0.000078 seconds.
  path: Assets/Materials/boormachine_render_1.bmp
  artifactKey: Guid(563688b28c2614f0ca151ef99df650fe) Importer(2089858483,934ff659095e30574adcf32a4c2f97b5)
Start importing Assets/Materials/boormachine_render_1.bmp using Guid(563688b28c2614f0ca151ef99df650fe) Importer(2089858483,934ff659095e30574adcf32a4c2f97b5)  -> (artifact id: 'fb89f143290b0541a44a1c0fd70340cc') in 0.010037 seconds 
========================================================================
Received Import Request.
  Time since last request: 0.000084 seconds.
  path: Assets/Oculus Hands Physics/Animations/l_hand_default_anim.fbx
  artifactKey: Guid(1ae9aefe37a62de429ddc2edd1ca36f3) Importer(2089858483,934ff659095e30574adcf32a4c2f97b5)
Start importing Assets/Oculus Hands Physics/Animations/l_hand_default_anim.fbx using Guid(1ae9aefe37a62de429ddc2edd1ca36f3) Importer(2089858483,934ff659095e30574adcf32a4c2f97b5)  -> (artifact id: 'd1dada602b591497fec2329ba77be82b') in 0.017817 seconds 
========================================================================
Received Import Request.
  Time since last request: 0.000080 seconds.
  path: Assets/Oculus Hands Physics/Models/l_hand_skeletal_lowres.fbx
  artifactKey: Guid(ca20b3907ff1c794cb89c1ad2cce8282) Importer(2089858483,934ff659095e30574adcf32a4c2f97b5)
Start importing Assets/Oculus Hands Physics/Models/l_hand_skeletal_lowres.fbx using Guid(ca20b3907ff1c794cb89c1ad2cce8282) Importer(2089858483,934ff659095e30574adcf32a4c2f97b5)  -> (artifact id: '0c9d8031770a77ca35e52801a3851991') in 0.017798 seconds 
========================================================================
Received Import Request.
  Time since last request: 0.000090 seconds.
  path: Assets/XR/Loaders/Open XR Loader No Pre Init.asset
  artifactKey: Guid(1fc61091e983b4a658a2922c78634291) Importer(2089858483,934ff659095e30574adcf32a4c2f97b5)
Start importing Assets/XR/Loaders/Open XR Loader No Pre Init.asset using Guid(1fc61091e983b4a658a2922c78634291) Importer(2089858483,934ff659095e30574adcf32a4c2f97b5)  -> (artifact id: '518c3d1a2fdd0a049d684cac66d5fe23') in 0.010086 seconds 
========================================================================
Received Import Request.
  Time since last request: 0.000079 seconds.
  path: Assets/Oculus Hands Physics/Prefabs/Custom Right Hand Model with Collider.prefab
  artifactKey: Guid(3c99d0ba506360a43b8cea08ef805d25) Importer(2089858483,934ff659095e30574adcf32a4c2f97b5)
Start importing Assets/Oculus Hands Physics/Prefabs/Custom Right Hand Model with Collider.prefab using Guid(3c99d0ba506360a43b8cea08ef805d25) Importer(2089858483,934ff659095e30574adcf32a4c2f97b5)  -> (artifact id: '3db66578f32e570d249f63263e5b0e83') in 0.011148 seconds 
========================================================================
Received Import Request.
  Time since last request: 0.000091 seconds.
  path: Assets/XR/Loaders/Oculus Loader.asset
  artifactKey: Guid(864b58cc2f5db43e0a255f71a31b3f3b) Importer(2089858483,934ff659095e30574adcf32a4c2f97b5)
Start importing Assets/XR/Loaders/Oculus Loader.asset using Guid(864b58cc2f5db43e0a255f71a31b3f3b) Importer(2089858483,934ff659095e30574adcf32a4c2f97b5)  -> (artifact id: '07202dab3e9c2ea1a7a8de8834d5123c') in 0.011059 seconds 
========================================================================
Received Import Request.
  Time since last request: 0.000114 seconds.
  path: Assets/Materials/mak3.jpg
  artifactKey: Guid(e9b8beadacd2e4b36a2889b2beed145f) Importer(2089858483,934ff659095e30574adcf32a4c2f97b5)
Start importing Assets/Materials/mak3.jpg using Guid(e9b8beadacd2e4b36a2889b2beed145f) Importer(2089858483,934ff659095e30574adcf32a4c2f97b5)  -> (artifact id: '7e8e744a0764756e49697198d24c3e0a') in 0.010384 seconds 
========================================================================
Received Prepare
Refreshing native plugins compatible for Editor in 43.09 ms, found 3 plugins.
Preloading 1 native plugins for Editor in 0.98 ms.
Unloading 35 Unused Serialized files (Serialized files now loaded: 0)
Unloading 35 unused Assets / (23.6 KB). Loaded Objects now: 4534.
Memory consumption went from 228.2 MB to 228.2 MB.
Total: 8.949620 ms (FindLiveObjects: 0.646627 ms CreateObjectMapping: 0.538796 ms MarkObjects: 7.694606 ms  DeleteObjects: 0.067319 ms)

AssetImportParameters requested are different than current active one (requested -> active):
  custom:video-decoder-ogg-theora: a1e56fd34408186e4bbccfd4996cb3dc -> 
  custom:container-muxer-webm: aa71ff27fc2769a1b78a27578f13a17b -> 
  custom:container-demuxer-webm: 4f35f7cbe854078d1ac9338744f61a02 -> 
  custom:video-encoder-webm-vp8: eb34c28f22e8b96e1ab97ce403110664 -> 
  custom:framework-osx-AVFoundation: e770b220cccbd017edd2c1fefb359320 -> 
  custom:audio-encoder-webm-vorbis: bf7c407c2cedff20999df2af8eb42d56 -> 
  custom:SearchIndexIgnoredProperties: e643bd26f0fe6173181afceb89e7c659 -> 
  custom:container-demuxer-ogg: 62fdf1f143b41e24485cea50d1cbac27 -> 
  custom:video-decoder-webm-vp8: 9c59270c3fd7afecdb556c50c9e8de78 -> 
  custom:audio-decoder-ogg-vorbis: bf7c407c2cedff20999df2af8eb42d56 -> 
========================================================================
Received Import Request.
  Time since last request: 48.606171 seconds.
  path: Assets/MASH Virtual/Demo/Table Demo/Lightmap-0_comp_dir.png
  artifactKey: Guid(9a680345e3e723e4ca12b26822c3f21c) Importer(2089858483,934ff659095e30574adcf32a4c2f97b5)
Start importing Assets/MASH Virtual/Demo/Table Demo/Lightmap-0_comp_dir.png using Guid(9a680345e3e723e4ca12b26822c3f21c) Importer(2089858483,934ff659095e30574adcf32a4c2f97b5)  -> (artifact id: 'cf1de27f1d3ccd23f10b547792db6fd0') in 0.015346 seconds 
========================================================================
Received Import Request.
  Time since last request: 0.000104 seconds.
  path: Assets/MASH Virtual/Table/Post Processing/Table.asset
  artifactKey: Guid(b2f7f75f5ef850c4a946e2c51bbcb9e6) Importer(2089858483,934ff659095e30574adcf32a4c2f97b5)
Start importing Assets/MASH Virtual/Table/Post Processing/Table.asset using Guid(b2f7f75f5ef850c4a946e2c51bbcb9e6) Importer(2089858483,934ff659095e30574adcf32a4c2f97b5)  -> (artifact id: '11bfb66792ec93b9d4226aeb911128b4') in 0.012854 seconds 
========================================================================
Received Import Request.
  Time since last request: 0.000094 seconds.
  path: Assets/MASH Virtual/Table/Mesh
  artifactKey: Guid(401d942c3429658489928073f60a54e1) Importer(2089858483,934ff659095e30574adcf32a4c2f97b5)
Start importing Assets/MASH Virtual/Table/Mesh using Guid(401d942c3429658489928073f60a54e1) Importer(2089858483,934ff659095e30574adcf32a4c2f97b5)  -> (artifact id: 'ee440da90d456b9b5cb8fe856f7b803d') in 0.009770 seconds 
========================================================================
Received Import Request.
  Time since last request: 0.000093 seconds.
  path: Assets/MASH Virtual/Table/Prefab/Table_New.prefab
  artifactKey: Guid(7d72879ba54738d42887f83754ca3b26) Importer(2089858483,934ff659095e30574adcf32a4c2f97b5)
Start importing Assets/MASH Virtual/Table/Prefab/Table_New.prefab using Guid(7d72879ba54738d42887f83754ca3b26) Importer(2089858483,934ff659095e30574adcf32a4c2f97b5)  -> (artifact id: '3b29d95878e675f8c9ea6274a0bcf75f') in 0.012602 seconds 
========================================================================
Received Import Request.
  Time since last request: 0.000088 seconds.
  path: Assets/MASH Virtual/Table/Texutre
  artifactKey: Guid(712bf546504e687458259abcacd249f4) Importer(2089858483,934ff659095e30574adcf32a4c2f97b5)
Start importing Assets/MASH Virtual/Table/Texutre using Guid(712bf546504e687458259abcacd249f4) Importer(2089858483,934ff659095e30574adcf32a4c2f97b5)  -> (artifact id: 'e8a2c932cc887505369146e5af261d97') in 0.007689 seconds 
========================================================================
Received Import Request.
  Time since last request: 0.000107 seconds.
  path: Assets/MASH Virtual/Demo/Table Demo
  artifactKey: Guid(7aa022a03073d25448504586d0202ad0) Importer(2089858483,934ff659095e30574adcf32a4c2f97b5)
Start importing Assets/MASH Virtual/Demo/Table Demo using Guid(7aa022a03073d25448504586d0202ad0) Importer(2089858483,934ff659095e30574adcf32a4c2f97b5)  -> (artifact id: '0a4f01a35078455f850b637307d2f3df') in 0.008807 seconds 
========================================================================
Received Import Request.
  Time since last request: 0.000118 seconds.
  path: Assets/MASH Virtual/Demo/Table Demo/Lightmap-0_comp_light.exr
  artifactKey: Guid(d286e351e8011b9478ed2a02875681ef) Importer(2089858483,934ff659095e30574adcf32a4c2f97b5)
Start importing Assets/MASH Virtual/Demo/Table Demo/Lightmap-0_comp_light.exr using Guid(d286e351e8011b9478ed2a02875681ef) Importer(2089858483,934ff659095e30574adcf32a4c2f97b5)  -> (artifact id: '7d28a4e7d015265c0b12dadf9d6f6531') in 1.642965 seconds 
========================================================================
Received Import Request.
  Time since last request: 0.000090 seconds.
  path: Assets/MASH Virtual/Table/Texutre/Parking_Table_Table_New_AlbedoTransparency.png
  artifactKey: Guid(f66f931405cea194cadf5b5f81143924) Importer(2089858483,934ff659095e30574adcf32a4c2f97b5)
Start importing Assets/MASH Virtual/Table/Texutre/Parking_Table_Table_New_AlbedoTransparency.png using Guid(f66f931405cea194cadf5b5f81143924) Importer(2089858483,934ff659095e30574adcf32a4c2f97b5)  -> (artifact id: '04d187ca61d18e7f502e32ad07978fd0') in 0.015472 seconds 
========================================================================
Received Import Request.
  Time since last request: 0.000087 seconds.
  path: Assets/MASH Virtual/Table/Texutre/Plane_phong1_AlbedoTransparency.png
  artifactKey: Guid(d4de1d36c48b0544abebf259804acdc8) Importer(2089858483,934ff659095e30574adcf32a4c2f97b5)
Start importing Assets/MASH Virtual/Table/Texutre/Plane_phong1_AlbedoTransparency.png using Guid(d4de1d36c48b0544abebf259804acdc8) Importer(2089858483,934ff659095e30574adcf32a4c2f97b5)  -> (artifact id: '061f36d03920c102d5de5045003cf7b1') in 0.014561 seconds 
========================================================================
Received Import Request.
  Time since last request: 0.000108 seconds.
  path: Assets/MASH Virtual/Demo/Table Demo.unity
  artifactKey: Guid(03c4854480771fe4cb022b619668f1a2) Importer(2089858483,934ff659095e30574adcf32a4c2f97b5)
Start importing Assets/MASH Virtual/Demo/Table Demo.unity using Guid(03c4854480771fe4cb022b619668f1a2) Importer(2089858483,934ff659095e30574adcf32a4c2f97b5)  -> (artifact id: '9f4a5a57a82678b43a6cb93b286a3d27') in 0.009579 seconds 
Editor requested this worker to shutdown with reason: Scaling down because of idle timeout
AssetImportWorker is now disconnected from the server
Process exiting
