Unity Editor version:    2021.3.2f1 (d6360bedb9a0)
Branch:                  2021.3/staging
Build type:              Release
Batch mode:              YES
macOS version:           Version 12.3.1 (Build 21E258)
Darwin version:          21.4.0
Architecture:            x86_64
Running under Rosetta:   NO
Available memory:        16384 MB
Using pre-set license
Pro License: YES

COMMAND LINE ARGUMENTS:
/Applications/Unity/Hub/Editor/2021.3.2f1/Unity.app/Contents/MacOS/Unity
-adb2
-batchMode
-noUpm
-name
AssetImportWorker1
-projectPath
/Users/anthony.mai/Development/meta-skills2
-logFile
Logs/AssetImportWorker1.log
-srvPort
56125
Successfully changed project path to: /Users/anthony.mai/Development/meta-skills2
/Users/anthony.mai/Development/meta-skills2
[UnityMemory] Configuration Parameters - Can be set up in boot.config
    "memorysetup-bucket-allocator-granularity=16"
    "memorysetup-bucket-allocator-bucket-count=8"
    "memorysetup-bucket-allocator-block-size=33554432"
    "memorysetup-bucket-allocator-block-count=8"
    "memorysetup-main-allocator-block-size=16777216"
    "memorysetup-thread-allocator-block-size=16777216"
    "memorysetup-gfx-main-allocator-block-size=16777216"
    "memorysetup-gfx-thread-allocator-block-size=16777216"
    "memorysetup-cache-allocator-block-size=4194304"
    "memorysetup-typetree-allocator-block-size=2097152"
    "memorysetup-profiler-bucket-allocator-granularity=16"
    "memorysetup-profiler-bucket-allocator-bucket-count=8"
    "memorysetup-profiler-bucket-allocator-block-size=33554432"
    "memorysetup-profiler-bucket-allocator-block-count=8"
    "memorysetup-profiler-allocator-block-size=16777216"
    "memorysetup-profiler-editor-allocator-block-size=1048576"
    "memorysetup-temp-allocator-size-main=16777216"
    "memorysetup-job-temp-allocator-block-size=2097152"
    "memorysetup-job-temp-allocator-block-size-background=1048576"
    "memorysetup-job-temp-allocator-reduction-small-platforms=262144"
    "memorysetup-temp-allocator-size-background-worker=32768"
    "memorysetup-temp-allocator-size-job-worker=262144"
    "memorysetup-temp-allocator-size-preload-manager=33554432"
    "memorysetup-temp-allocator-size-nav-mesh-worker=65536"
    "memorysetup-temp-allocator-size-audio-worker=65536"
    "memorysetup-temp-allocator-size-cloud-worker=32768"
    "memorysetup-temp-allocator-size-gi-baking-worker=262144"
    "memorysetup-temp-allocator-size-gfx=262144"
Refreshing native plugins compatible for Editor in 94.91 ms, found 3 plugins.
Preloading 1 native plugins for Editor in 6.18 ms.
Initialize engine version: 2021.3.2f1 (d6360bedb9a0)
[Subsystems] Discovering subsystems at path /Applications/Unity/Hub/Editor/2021.3.2f1/Unity.app/Contents/Resources/UnitySubsystems
[Subsystems] Discovering subsystems at path /Users/anthony.mai/Development/meta-skills2/Assets
GfxDevice: creating device client; threaded=0; jobified=0
S34J55x preferred device: AMD Radeon Pro 560X (high power)
Metal devices available: 2
0: AMD Radeon Pro 560X (high power)
1: Intel(R) UHD Graphics 630 (low power)
Using device AMD Radeon Pro 560X (high power)
Initializing Metal device caps: AMD Radeon Pro 560X
Initialize mono
Mono path[0] = '/Applications/Unity/Hub/Editor/2021.3.2f1/Unity.app/Contents/Managed'
Mono path[1] = '/Applications/Unity/Hub/Editor/2021.3.2f1/Unity.app/Contents/MonoBleedingEdge/lib/mono/unityjit-macos'
Mono config path = '/Applications/Unity/Hub/Editor/2021.3.2f1/Unity.app/Contents/MonoBleedingEdge/etc'
Using monoOptions --debugger-agent=transport=dt_socket,embedding=1,server=y,suspend=n,address=127.0.0.1:56668
Begin MonoManager ReloadAssembly
Registering precompiled unity dll's ...
Register platform support module: /Applications/Unity/Hub/Editor/2021.3.2f1/PlaybackEngines/WebGLSupport/UnityEditor.WebGL.Extensions.dll
Register platform support module: /Applications/Unity/Hub/Editor/2021.3.2f1/Unity.app/Contents/PlaybackEngines/MacStandaloneSupport/UnityEditor.OSXStandalone.Extensions.dll
Registered in 0.008852 seconds.
Native extension for OSXStandalone target not found
Native extension for WebGL target not found
Refreshing native plugins compatible for Editor in 82.30 ms, found 3 plugins.
Preloading 1 native plugins for Editor in 0.58 ms.
Mono: successfully reloaded assembly
- Completed reload, in  0.808 seconds
Domain Reload Profiling:
	ReloadAssembly (808ms)
		BeginReloadAssembly (107ms)
			ExecutionOrderSort (0ms)
			DisableScriptedObjects (0ms)
			BackupInstance (0ms)
			ReleaseScriptingObjects (0ms)
			CreateAndSetChildDomain (1ms)
		EndReloadAssembly (560ms)
			LoadAssemblies (108ms)
			RebuildTransferFunctionScriptingTraits (0ms)
			SetupTypeCache (155ms)
			ReleaseScriptCaches (0ms)
			RebuildScriptCaches (39ms)
			SetupLoadedEditorAssemblies (307ms)
				LogAssemblyErrors (0ms)
				InitializePlatformSupportModulesInManaged (9ms)
				SetLoadedEditorAssemblies (0ms)
				RefreshPlugins (83ms)
				BeforeProcessingInitializeOnLoad (1ms)
				ProcessInitializeOnLoadAttributes (165ms)
				ProcessInitializeOnLoadMethodAttributes (49ms)
				AfterProcessingInitializeOnLoad (0ms)
				EditorAssembliesLoaded (0ms)
			ExecutionOrderSort2 (0ms)
			AwakeInstancesAfterBackupRestoration (0ms)
Platform modules already initialized, skipping
Registering precompiled user dll's ...
Registered in 0.011545 seconds.
Begin MonoManager ReloadAssembly
Symbol file LoadedFromMemory doesn't match image /Users/anthony.mai/Development/meta-skills2/Library/PackageCache/com.unity.visualscripting@1.7.6/Editor/VisualScripting.Core/Dependencies/DotNetZip/Unity.VisualScripting.IonicZip.dll
Symbol file LoadedFromMemory doesn't match image /Users/anthony.mai/Development/meta-skills2/Library/PackageCache/com.unity.visualscripting@1.7.6/Editor/VisualScripting.Core/Dependencies/YamlDotNet/Unity.VisualScripting.YamlDotNet.dll
Native extension for OSXStandalone target not found
Native extension for WebGL target not found
Refreshing native plugins compatible for Editor in 79.71 ms, found 3 plugins.
Preloading 1 native plugins for Editor in 0.26 ms.
Package Manager log level set to [2]
Mono: successfully reloaded assembly
- Completed reload, in  1.446 seconds
Domain Reload Profiling:
	ReloadAssembly (1446ms)
		BeginReloadAssembly (136ms)
			ExecutionOrderSort (0ms)
			DisableScriptedObjects (7ms)
			BackupInstance (0ms)
			ReleaseScriptingObjects (0ms)
			CreateAndSetChildDomain (25ms)
		EndReloadAssembly (1168ms)
			LoadAssemblies (169ms)
			RebuildTransferFunctionScriptingTraits (0ms)
			SetupTypeCache (317ms)
			ReleaseScriptCaches (1ms)
			RebuildScriptCaches (71ms)
			SetupLoadedEditorAssemblies (572ms)
				LogAssemblyErrors (0ms)
				InitializePlatformSupportModulesInManaged (4ms)
				SetLoadedEditorAssemblies (0ms)
				RefreshPlugins (80ms)
				BeforeProcessingInitializeOnLoad (82ms)
				ProcessInitializeOnLoadAttributes (362ms)
				ProcessInitializeOnLoadMethodAttributes (40ms)
				AfterProcessingInitializeOnLoad (3ms)
				EditorAssembliesLoaded (0ms)
			ExecutionOrderSort2 (0ms)
			AwakeInstancesAfterBackupRestoration (5ms)
Platform modules already initialized, skipping
========================================================================
Worker process is ready to serve import requests
Launching external process: /Applications/Unity/Hub/Editor/2021.3.2f1/Unity.app/Contents/Tools/UnityShaderCompiler
Launched and connected shader compiler UnityShaderCompiler after 0.08 seconds
Refreshing native plugins compatible for Editor in 0.91 ms, found 3 plugins.
Preloading 1 native plugins for Editor in 0.54 ms.
Unloading 4078 Unused Serialized files (Serialized files now loaded: 0)
Unloading 45 unused Assets / (54.6 KB). Loaded Objects now: 4523.
Memory consumption went from 247.6 MB to 247.6 MB.
Total: 4.974448 ms (FindLiveObjects: 0.533308 ms CreateObjectMapping: 0.335747 ms MarkObjects: 4.003402 ms  DeleteObjects: 0.100948 ms)

AssetImportParameters requested are different than current active one (requested -> active):
  custom:video-decoder-ogg-theora: a1e56fd34408186e4bbccfd4996cb3dc -> 
  custom:container-muxer-webm: aa71ff27fc2769a1b78a27578f13a17b -> 
  custom:container-demuxer-webm: 4f35f7cbe854078d1ac9338744f61a02 -> 
  custom:video-encoder-webm-vp8: eb34c28f22e8b96e1ab97ce403110664 -> 
  custom:framework-osx-AVFoundation: e770b220cccbd017edd2c1fefb359320 -> 
  custom:audio-encoder-webm-vorbis: bf7c407c2cedff20999df2af8eb42d56 -> 
  custom:container-demuxer-ogg: 62fdf1f143b41e24485cea50d1cbac27 -> 
  custom:video-decoder-webm-vp8: 9c59270c3fd7afecdb556c50c9e8de78 -> 
  custom:audio-decoder-ogg-vorbis: bf7c407c2cedff20999df2af8eb42d56 -> 
========================================================================
Received Import Request.
  Time since last request: 11357.632406 seconds.
  path: Assets/Oculus Hands Physics/Prefabs/Custom Left Hand Model with Collider.prefab
  artifactKey: Guid(77459436eeb3aeb48871d657bcb5fd7f) Importer(815301076,1909f56bfc062723c751e8b465ee728b)
Start importing Assets/Oculus Hands Physics/Prefabs/Custom Left Hand Model with Collider.prefab using Guid(77459436eeb3aeb48871d657bcb5fd7f) Importer(815301076,1909f56bfc062723c751e8b465ee728b)  -> (artifact id: '3718571dd5d7adf33c3a8fe4b422d033') in 0.350339 seconds 
========================================================================
Received Import Request.
  Time since last request: 0.000076 seconds.
  path: Assets/Oculus Hands Physics/Prefabs/Right Hand Presence.prefab
  artifactKey: Guid(ddc38db09f9124241b4b4e9b2b9831eb) Importer(815301076,1909f56bfc062723c751e8b465ee728b)
Start importing Assets/Oculus Hands Physics/Prefabs/Right Hand Presence.prefab using Guid(ddc38db09f9124241b4b4e9b2b9831eb) Importer(815301076,1909f56bfc062723c751e8b465ee728b)  -> (artifact id: '75058d811d0901c2504ca21083ff46d5') in 0.036610 seconds 
========================================================================
Received Import Request.
  Time since last request: 56.385503 seconds.
  path: Assets/Materials/drill.jpg
  artifactKey: Guid(da9a3e9c2b4214dcb9afada237a5fedf) Importer(815301076,1909f56bfc062723c751e8b465ee728b)
Start importing Assets/Materials/drill.jpg using Guid(da9a3e9c2b4214dcb9afada237a5fedf) Importer(815301076,1909f56bfc062723c751e8b465ee728b)  -> (artifact id: 'fd54b6e322500aff72409ee5f03d2878') in 0.297524 seconds 
========================================================================
Received Import Request.
  Time since last request: 0.000080 seconds.
  path: Assets/Materials/mak3.jpg
  artifactKey: Guid(e9b8beadacd2e4b36a2889b2beed145f) Importer(815301076,1909f56bfc062723c751e8b465ee728b)
Start importing Assets/Materials/mak3.jpg using Guid(e9b8beadacd2e4b36a2889b2beed145f) Importer(815301076,1909f56bfc062723c751e8b465ee728b)  -> (artifact id: 'e4cfbcefe36e3b4a9625779e94fc70f4') in 0.031185 seconds 
========================================================================
Received Import Request.
  Time since last request: 0.000078 seconds.
  path: Assets/Materials/rhinoMakita.png
  artifactKey: Guid(b22b01e08787641c5882d2b5d0c91ac6) Importer(815301076,1909f56bfc062723c751e8b465ee728b)
Start importing Assets/Materials/rhinoMakita.png using Guid(b22b01e08787641c5882d2b5d0c91ac6) Importer(815301076,1909f56bfc062723c751e8b465ee728b)  -> (artifact id: 'be0207db9de09013488c32c2bd257d91') in 0.145618 seconds 
========================================================================
Received Import Request.
  Time since last request: 200.829824 seconds.
  path: Assets/Oculus Hands Physics/Materials
  artifactKey: Guid(439571b1b54225746960ad2b9769efe7) Importer(815301076,1909f56bfc062723c751e8b465ee728b)
Start importing Assets/Oculus Hands Physics/Materials using Guid(439571b1b54225746960ad2b9769efe7) Importer(815301076,1909f56bfc062723c751e8b465ee728b)  -> (artifact id: 'a51157d15a5f56796710ece46a00b9f5') in 0.004602 seconds 
========================================================================
Received Import Request.
  Time since last request: 13.277156 seconds.
  path: Packages/com.unity.inputsystem/package.json
  artifactKey: Guid(f0e14ea80f96b445f97b1c83650d5733) Importer(815301076,1909f56bfc062723c751e8b465ee728b)
Start importing Packages/com.unity.inputsystem/package.json using Guid(f0e14ea80f96b445f97b1c83650d5733) Importer(815301076,1909f56bfc062723c751e8b465ee728b)  -> (artifact id: 'b6ffeea82eaf2bc35846df4e61f516f6') in 1.003639 seconds 
========================================================================
Received Import Request.
  Time since last request: 2.693040 seconds.
  path: Packages/com.unity.ext.nunit/package.json
  artifactKey: Guid(8143d3a8390f2c64685e3bc272bd9e90) Importer(815301076,1909f56bfc062723c751e8b465ee728b)
Start importing Packages/com.unity.ext.nunit/package.json using Guid(8143d3a8390f2c64685e3bc272bd9e90) Importer(815301076,1909f56bfc062723c751e8b465ee728b)  -> (artifact id: 'b40fc5629c4141466786b845dfe4fc31') in 0.008987 seconds 
========================================================================
Received Import Request.
  Time since last request: 149.085490 seconds.
  path: Packages/com.unity.xr.interaction.toolkit/package.json
  artifactKey: Guid(fac9fb4ad804244e0911f21e340a3d5b) Importer(815301076,1909f56bfc062723c751e8b465ee728b)
Start importing Packages/com.unity.xr.interaction.toolkit/package.json using Guid(fac9fb4ad804244e0911f21e340a3d5b) Importer(815301076,1909f56bfc062723c751e8b465ee728b)  -> (artifact id: 'a6c433475f8f023ce73222d24b7b0570') in 0.007438 seconds 
========================================================================
Received Import Request.
  Time since last request: 11.716684 seconds.
  path: Assets/Makita Drill Side.JPG
  artifactKey: Guid(c176a5f79b33241c08cab1c52055cf53) Importer(2089858483,934ff659095e30574adcf32a4c2f97b5)
Start importing Assets/Makita Drill Side.JPG using Guid(c176a5f79b33241c08cab1c52055cf53) Importer(2089858483,934ff659095e30574adcf32a4c2f97b5)  -> (artifact id: '6e6421d372e4dac6e66b78e15c836f88') in 0.252804 seconds 
========================================================================
Received Import Request.
  Time since last request: 0.000099 seconds.
  path: Assets/Samples/XR Interaction Toolkit/2.0.0-pre.6/Default Input Actions/XRI Default Left Controller.preset
  artifactKey: Guid(ffd8268f7307a0c48a067dad4a8fe060) Importer(2089858483,934ff659095e30574adcf32a4c2f97b5)
Start importing Assets/Samples/XR Interaction Toolkit/2.0.0-pre.6/Default Input Actions/XRI Default Left Controller.preset using Guid(ffd8268f7307a0c48a067dad4a8fe060) Importer(2089858483,934ff659095e30574adcf32a4c2f97b5)  -> (artifact id: 'e0ea85b28f54975c0dbeeb89388fdd54') in 0.127534 seconds 
========================================================================
Received Import Request.
  Time since last request: 0.000097 seconds.
  path: Assets/mak3.jpg
  artifactKey: Guid(dfacd4fb0f20243f4b975f7ca743c8a6) Importer(2089858483,934ff659095e30574adcf32a4c2f97b5)
Start importing Assets/mak3.jpg using Guid(dfacd4fb0f20243f4b975f7ca743c8a6) Importer(2089858483,934ff659095e30574adcf32a4c2f97b5)  -> (artifact id: '150a288d1aa207525c904e4d4601cb77') in 0.010867 seconds 
========================================================================
Received Import Request.
  Time since last request: 0.000084 seconds.
  path: Assets/Samples/XR Interaction Toolkit/2.0.0-pre.6/Default Input Actions/XRI Default Input Actions.inputactions
  artifactKey: Guid(c348712bda248c246b8c49b3db54643f) Importer(2089858483,934ff659095e30574adcf32a4c2f97b5)
Start importing Assets/Samples/XR Interaction Toolkit/2.0.0-pre.6/Default Input Actions/XRI Default Input Actions.inputactions using Guid(c348712bda248c246b8c49b3db54643f) Importer(2089858483,934ff659095e30574adcf32a4c2f97b5)  -> (artifact id: 'e8cfd77496b8e670f32be8ff7f6d6120') in 0.166432 seconds 
========================================================================
Received Import Request.
  Time since last request: 0.000099 seconds.
  path: Assets/mak2.jpg
  artifactKey: Guid(fe221147449284703a0cb994411e5203) Importer(2089858483,934ff659095e30574adcf32a4c2f97b5)
Start importing Assets/mak2.jpg using Guid(fe221147449284703a0cb994411e5203) Importer(2089858483,934ff659095e30574adcf32a4c2f97b5)  -> (artifact id: '20ad0dff98288b2a465f60fa0e5595ef') in 0.012442 seconds 
========================================================================
Received Import Request.
  Time since last request: 0.000104 seconds.
  path: Assets/drill.jpg
  artifactKey: Guid(18ea87c5f9b1147f1b4e0cc8110ab1b3) Importer(2089858483,934ff659095e30574adcf32a4c2f97b5)
Start importing Assets/drill.jpg using Guid(18ea87c5f9b1147f1b4e0cc8110ab1b3) Importer(2089858483,934ff659095e30574adcf32a4c2f97b5)  -> (artifact id: 'dc2a097853158014d48ce708057443d0') in 0.011125 seconds 
========================================================================
Received Import Request.
  Time since last request: 0.000064 seconds.
  path: Assets/Oculus Hands Physics/Materials/Hands Transparent.mat
  artifactKey: Guid(e6fdd4b9480500e4ea28cad030e5ddc2) Importer(2089858483,934ff659095e30574adcf32a4c2f97b5)
Start importing Assets/Oculus Hands Physics/Materials/Hands Transparent.mat using Guid(e6fdd4b9480500e4ea28cad030e5ddc2) Importer(2089858483,934ff659095e30574adcf32a4c2f97b5)  -> (artifact id: '29d844a9365aa4b3b0ca645c3e458029') in 0.150941 seconds 
========================================================================
Received Import Request.
  Time since last request: 0.000144 seconds.
  path: Assets/XR/XRGeneralSettings.asset
  artifactKey: Guid(e592d543fd42b4c97a11ac8d978280ca) Importer(2089858483,934ff659095e30574adcf32a4c2f97b5)
Start importing Assets/XR/XRGeneralSettings.asset using Guid(e592d543fd42b4c97a11ac8d978280ca) Importer(2089858483,934ff659095e30574adcf32a4c2f97b5)  -> (artifact id: 'b6083a2dda9f4c4027c61e7f53d384e0') in 0.147914 seconds 
========================================================================
Received Import Request.
  Time since last request: 0.000078 seconds.
  path: Assets/Oculus Hands Physics/Animations/r_hand_fist_anim.fbx
  artifactKey: Guid(005ab0ae8aa7f74438a5fa50f7cd50e3) Importer(2089858483,934ff659095e30574adcf32a4c2f97b5)
Start importing Assets/Oculus Hands Physics/Animations/r_hand_fist_anim.fbx using Guid(005ab0ae8aa7f74438a5fa50f7cd50e3) Importer(2089858483,934ff659095e30574adcf32a4c2f97b5)  -> (artifact id: '9bb961600658b6820c872d131096176c') in 0.147556 seconds 
========================================================================
Received Import Request.
  Time since last request: 0.000117 seconds.
  path: Assets/Oculus Hands Physics/Animations/Left Hand Animator.controller
  artifactKey: Guid(0284ecac7be7e2d409126f62358d744b) Importer(2089858483,934ff659095e30574adcf32a4c2f97b5)
Start importing Assets/Oculus Hands Physics/Animations/Left Hand Animator.controller using Guid(0284ecac7be7e2d409126f62358d744b) Importer(2089858483,934ff659095e30574adcf32a4c2f97b5)  -> (artifact id: 'a6ee48a9582307d0e68ec2b677fd8d75') in 0.150374 seconds 
========================================================================
Received Import Request.
  Time since last request: 0.000112 seconds.
  path: Assets/Materials/Makita Drill Side.JPG
  artifactKey: Guid(204bd4d61ee5e4ebcb7d45b900e59995) Importer(2089858483,934ff659095e30574adcf32a4c2f97b5)
Start importing Assets/Materials/Makita Drill Side.JPG using Guid(204bd4d61ee5e4ebcb7d45b900e59995) Importer(2089858483,934ff659095e30574adcf32a4c2f97b5)  -> (artifact id: '49768dce9932212bf91a8388f34a3537') in 0.014430 seconds 
========================================================================
Received Import Request.
  Time since last request: 0.000106 seconds.
  path: Assets/Samples/XR Interaction Toolkit/2.0.0-pre.6/Default Input Actions/XRI Default Continuous Move.preset
  artifactKey: Guid(91f9da00cfdac5d49955df2d2d820b9c) Importer(2089858483,934ff659095e30574adcf32a4c2f97b5)
Start importing Assets/Samples/XR Interaction Toolkit/2.0.0-pre.6/Default Input Actions/XRI Default Continuous Move.preset using Guid(91f9da00cfdac5d49955df2d2d820b9c) Importer(2089858483,934ff659095e30574adcf32a4c2f97b5)  -> (artifact id: 'd7605ae9e45018e408bac9c2671ded3c') in 0.014291 seconds 
========================================================================
Received Import Request.
  Time since last request: 0.000106 seconds.
  path: Assets/Samples/XR Interaction Toolkit/2.0.0-pre.6/Default Input Actions/XRI Default Continuous Turn.preset
  artifactKey: Guid(0caad3af14f9a414dbdf25ed41e5aa47) Importer(2089858483,934ff659095e30574adcf32a4c2f97b5)
Start importing Assets/Samples/XR Interaction Toolkit/2.0.0-pre.6/Default Input Actions/XRI Default Continuous Turn.preset using Guid(0caad3af14f9a414dbdf25ed41e5aa47) Importer(2089858483,934ff659095e30574adcf32a4c2f97b5)  -> (artifact id: 'e9f3618e6521d55a19e68924e843062f') in 0.015651 seconds 
========================================================================
Received Import Request.
  Time since last request: 0.000105 seconds.
  path: Assets/Oculus Hands Physics/Materials/Hands_solid.mat
  artifactKey: Guid(3637b758ff163493f8bb8b6d7e96d7ae) Importer(2089858483,934ff659095e30574adcf32a4c2f97b5)
Start importing Assets/Oculus Hands Physics/Materials/Hands_solid.mat using Guid(3637b758ff163493f8bb8b6d7e96d7ae) Importer(2089858483,934ff659095e30574adcf32a4c2f97b5)  -> (artifact id: 'd7972ec972b5dbf5d36288004769e78f') in 0.018504 seconds 
========================================================================
Received Import Request.
  Time since last request: 0.000100 seconds.
  path: Assets/XR/Loaders/Open XR Loader.asset
  artifactKey: Guid(7ddbebded09084a6991595145d223fa3) Importer(2089858483,934ff659095e30574adcf32a4c2f97b5)
Start importing Assets/XR/Loaders/Open XR Loader.asset using Guid(7ddbebded09084a6991595145d223fa3) Importer(2089858483,934ff659095e30574adcf32a4c2f97b5)  -> (artifact id: '7fa64d88724edb8a839dab9d40bd3695') in 0.023648 seconds 
========================================================================
Received Import Request.
  Time since last request: 0.000091 seconds.
  path: Assets/Oculus Hands Physics/Prefabs/Right Hand Presence.prefab
  artifactKey: Guid(ddc38db09f9124241b4b4e9b2b9831eb) Importer(2089858483,934ff659095e30574adcf32a4c2f97b5)
Start importing Assets/Oculus Hands Physics/Prefabs/Right Hand Presence.prefab using Guid(ddc38db09f9124241b4b4e9b2b9831eb) Importer(2089858483,934ff659095e30574adcf32a4c2f97b5)  -> (artifact id: '6e291c100bf99f40fe3e8fd62dc7325e') in 0.017061 seconds 
========================================================================
Received Import Request.
  Time since last request: 0.000094 seconds.
  path: Assets/rhinoMakita.png
  artifactKey: Guid(065cb31155a4846a0a3bb737127ed61e) Importer(2089858483,934ff659095e30574adcf32a4c2f97b5)
Start importing Assets/rhinoMakita.png using Guid(065cb31155a4846a0a3bb737127ed61e) Importer(2089858483,934ff659095e30574adcf32a4c2f97b5)  -> (artifact id: '0d6ee18ef51a07a4795121596e34b363') in 0.016116 seconds 
========================================================================
Received Import Request.
  Time since last request: 0.000094 seconds.
  path: Assets/Oculus Hands Physics/Prefabs/Left Hand Presence.prefab
  artifactKey: Guid(6c2509c76b281144cb0099fc45f17a09) Importer(2089858483,934ff659095e30574adcf32a4c2f97b5)
Start importing Assets/Oculus Hands Physics/Prefabs/Left Hand Presence.prefab using Guid(6c2509c76b281144cb0099fc45f17a09) Importer(2089858483,934ff659095e30574adcf32a4c2f97b5)  -> (artifact id: '72a1654bae85ca284cbeaf33d3d37647') in 0.036183 seconds 
========================================================================
Received Import Request.
  Time since last request: 0.000158 seconds.
  path: Assets/Oculus Hands Physics/Animations/l_hand_pinch_anim.fbx
  artifactKey: Guid(a91ff20f7450bf446a6bf0bfb5e932ae) Importer(2089858483,934ff659095e30574adcf32a4c2f97b5)
Start importing Assets/Oculus Hands Physics/Animations/l_hand_pinch_anim.fbx using Guid(a91ff20f7450bf446a6bf0bfb5e932ae) Importer(2089858483,934ff659095e30574adcf32a4c2f97b5)  -> (artifact id: '919b46ff456f2c02019c887d4e47d08a') in 0.014845 seconds 
========================================================================
Received Import Request.
  Time since last request: 0.000083 seconds.
  path: Assets/Oculus Hands Physics/Prefabs/Custom Left Hand Model.prefab
  artifactKey: Guid(7811abe38615a86438f679bcf79f5b92) Importer(2089858483,934ff659095e30574adcf32a4c2f97b5)
Start importing Assets/Oculus Hands Physics/Prefabs/Custom Left Hand Model.prefab using Guid(7811abe38615a86438f679bcf79f5b92) Importer(2089858483,934ff659095e30574adcf32a4c2f97b5)  -> (artifact id: '59bedb96a6ab6e395b7859b0719c91d4') in 0.012046 seconds 
========================================================================
Received Import Request.
  Time since last request: 0.000089 seconds.
  path: Assets/Oculus Hands Physics/Models/r_hand_skeletal_lowres.fbx
  artifactKey: Guid(d0c255d07fd68f14b94e55d388e7e6bb) Importer(2089858483,934ff659095e30574adcf32a4c2f97b5)
Start importing Assets/Oculus Hands Physics/Models/r_hand_skeletal_lowres.fbx using Guid(d0c255d07fd68f14b94e55d388e7e6bb) Importer(2089858483,934ff659095e30574adcf32a4c2f97b5)  -> (artifact id: 'b6b87c4572e78ed2c126aa46d61f0779') in 0.019310 seconds 
========================================================================
Received Import Request.
  Time since last request: 0.000144 seconds.
  path: Assets/XRI/Settings/XRInteractionEditorSettings.asset
  artifactKey: Guid(1508ad32e192a4ef8be6881c2f25f6ed) Importer(2089858483,934ff659095e30574adcf32a4c2f97b5)
Start importing Assets/XRI/Settings/XRInteractionEditorSettings.asset using Guid(1508ad32e192a4ef8be6881c2f25f6ed) Importer(2089858483,934ff659095e30574adcf32a4c2f97b5)  -> (artifact id: '0a8bfd283ae4421b5af2b8dd6ffbbc2e') in 0.011879 seconds 
========================================================================
Received Import Request.
  Time since last request: 0.000082 seconds.
  path: Assets/rhinoMakita_Cropped.png
  artifactKey: Guid(35d1890bd18c94ec8a8ae11e2f17d4a2) Importer(2089858483,934ff659095e30574adcf32a4c2f97b5)
Start importing Assets/rhinoMakita_Cropped.png using Guid(35d1890bd18c94ec8a8ae11e2f17d4a2) Importer(2089858483,934ff659095e30574adcf32a4c2f97b5)  -> (artifact id: 'c4d0e13c60ce4f84eb93e37e4c716f41') in 0.012428 seconds 
========================================================================
Received Import Request.
  Time since last request: 0.000087 seconds.
  path: Assets/Materials/rhinoMakita_Cropped.png
  artifactKey: Guid(b8edb4eda2c394f5bb6a6924e6634b05) Importer(2089858483,934ff659095e30574adcf32a4c2f97b5)
Start importing Assets/Materials/rhinoMakita_Cropped.png using Guid(b8edb4eda2c394f5bb6a6924e6634b05) Importer(2089858483,934ff659095e30574adcf32a4c2f97b5)  -> (artifact id: '3f69a3485e88007590a0d3d183ba01d6') in 0.011606 seconds 
========================================================================
Received Import Request.
  Time since last request: 0.000098 seconds.
  path: Assets/Materials/Makita Drills.JPG
  artifactKey: Guid(4fb6327dbfa194380b7c01e9b71d42e1) Importer(2089858483,934ff659095e30574adcf32a4c2f97b5)
Start importing Assets/Materials/Makita Drills.JPG using Guid(4fb6327dbfa194380b7c01e9b71d42e1) Importer(2089858483,934ff659095e30574adcf32a4c2f97b5)  -> (artifact id: '150fa6fc537c7d28383265d932788f9b') in 0.010843 seconds 
========================================================================
Received Import Request.
  Time since last request: 0.000082 seconds.
  path: Assets/Oculus Hands Physics/Scripts/HandPresence.cs
  artifactKey: Guid(99b4a737903b82a43bb95804a2149147) Importer(2089858483,934ff659095e30574adcf32a4c2f97b5)
Start importing Assets/Oculus Hands Physics/Scripts/HandPresence.cs using Guid(99b4a737903b82a43bb95804a2149147) Importer(2089858483,934ff659095e30574adcf32a4c2f97b5)  -> (artifact id: 'f13111ec85f004de11d1c69c62b37d3b') in 0.466747 seconds 
========================================================================
Received Import Request.
  Time since last request: 4.104962 seconds.
  path: Assets/XR/Settings/Open XR Package Settings.asset
  artifactKey: Guid(5ff74492a84b64ed7a0e7c162f53d570) Importer(815301076,1909f56bfc062723c751e8b465ee728b)
Start importing Assets/XR/Settings/Open XR Package Settings.asset using Guid(5ff74492a84b64ed7a0e7c162f53d570) Importer(815301076,1909f56bfc062723c751e8b465ee728b)  -> (artifact id: 'e983da6d419a1f871d35d0a04a2a7615') in 0.022014 seconds 
========================================================================
Received Prepare
Refreshing native plugins compatible for Editor in 43.17 ms, found 3 plugins.
Preloading 1 native plugins for Editor in 0.97 ms.
Unloading 35 Unused Serialized files (Serialized files now loaded: 0)
Unloading 35 unused Assets / (23.0 KB). Loaded Objects now: 4534.
Memory consumption went from 236.6 MB to 236.6 MB.
Total: 8.790810 ms (FindLiveObjects: 0.660052 ms CreateObjectMapping: 0.457232 ms MarkObjects: 7.599578 ms  DeleteObjects: 0.071150 ms)

AssetImportParameters requested are different than current active one (requested -> active):
  custom:video-decoder-ogg-theora: a1e56fd34408186e4bbccfd4996cb3dc -> 
  custom:container-muxer-webm: aa71ff27fc2769a1b78a27578f13a17b -> 
  custom:container-demuxer-webm: 4f35f7cbe854078d1ac9338744f61a02 -> 
  custom:video-encoder-webm-vp8: eb34c28f22e8b96e1ab97ce403110664 -> 
  custom:framework-osx-AVFoundation: e770b220cccbd017edd2c1fefb359320 -> 
  custom:audio-encoder-webm-vorbis: bf7c407c2cedff20999df2af8eb42d56 -> 
  custom:SearchIndexIgnoredProperties: e643bd26f0fe6173181afceb89e7c659 -> 
  custom:container-demuxer-ogg: 62fdf1f143b41e24485cea50d1cbac27 -> 
  custom:video-decoder-webm-vp8: 9c59270c3fd7afecdb556c50c9e8de78 -> 
  custom:audio-decoder-ogg-vorbis: bf7c407c2cedff20999df2af8eb42d56 -> 
========================================================================
Received Import Request.
  Time since last request: 44.069390 seconds.
  path: Assets/MASH Virtual/Table/Material/Plane.mat
  artifactKey: Guid(88db475fd13ccdf4ea08c4ca3594dcec) Importer(2089858483,934ff659095e30574adcf32a4c2f97b5)
Start importing Assets/MASH Virtual/Table/Material/Plane.mat using Guid(88db475fd13ccdf4ea08c4ca3594dcec) Importer(2089858483,934ff659095e30574adcf32a4c2f97b5)  -> (artifact id: 'a3adbd0a2b9ab42b6808d5c68fef28bc') in 0.009108 seconds 
========================================================================
Received Import Request.
  Time since last request: 0.000133 seconds.
  path: Assets/MASH Virtual/Table/Mesh/Table.fbx
  artifactKey: Guid(08d5439121a07f544bdaaa816bb04c47) Importer(2089858483,934ff659095e30574adcf32a4c2f97b5)
Start importing Assets/MASH Virtual/Table/Mesh/Table.fbx using Guid(08d5439121a07f544bdaaa816bb04c47) Importer(2089858483,934ff659095e30574adcf32a4c2f97b5)  -> (artifact id: 'affe8eab43001145dfccd8e6deb65010') in 0.013069 seconds 
========================================================================
Received Import Request.
  Time since last request: 0.000104 seconds.
  path: Assets/MASH Virtual/Table/Texutre/Parking_Table_Table_Old_AlbedoTransparency.png
  artifactKey: Guid(8f68c1c9776b78144a82796fbfa3c013) Importer(2089858483,934ff659095e30574adcf32a4c2f97b5)
Start importing Assets/MASH Virtual/Table/Texutre/Parking_Table_Table_Old_AlbedoTransparency.png using Guid(8f68c1c9776b78144a82796fbfa3c013) Importer(2089858483,934ff659095e30574adcf32a4c2f97b5)  -> (artifact id: 'cc77ef6612c89acbae9d7bfed1085681') in 0.014675 seconds 
========================================================================
Received Import Request.
  Time since last request: 0.000090 seconds.
  path: Assets/MASH Virtual/Demo/Table Demo/ReflectionProbe-1.exr
  artifactKey: Guid(849d6afc234e80d44bbebb135b676ea9) Importer(2089858483,934ff659095e30574adcf32a4c2f97b5)
Start importing Assets/MASH Virtual/Demo/Table Demo/ReflectionProbe-1.exr using Guid(849d6afc234e80d44bbebb135b676ea9) Importer(2089858483,934ff659095e30574adcf32a4c2f97b5)  -> (artifact id: 'dad4e937dfdeeed77cff99479cfa0931') in 1.696163 seconds 
========================================================================
Received Import Request.
  Time since last request: 0.000121 seconds.
  path: Assets/MASH Virtual/Table/Texutre/Plane_phong1_MetallicSmoothness.png
  artifactKey: Guid(37ddf6bd6548a274b9ea52f29289d0e6) Importer(2089858483,934ff659095e30574adcf32a4c2f97b5)
Start importing Assets/MASH Virtual/Table/Texutre/Plane_phong1_MetallicSmoothness.png using Guid(37ddf6bd6548a274b9ea52f29289d0e6) Importer(2089858483,934ff659095e30574adcf32a4c2f97b5)  -> (artifact id: 'a4b1a965d9693637620f22e41e5894ca') in 0.016123 seconds 
========================================================================
Received Import Request.
  Time since last request: 0.000109 seconds.
  path: Assets/MASH Virtual/Table/Prefab/Table_Old.prefab
  artifactKey: Guid(70ba99294aa3c1047a523b23d168a5d0) Importer(2089858483,934ff659095e30574adcf32a4c2f97b5)
Start importing Assets/MASH Virtual/Table/Prefab/Table_Old.prefab using Guid(70ba99294aa3c1047a523b23d168a5d0) Importer(2089858483,934ff659095e30574adcf32a4c2f97b5)  -> (artifact id: '85e7500ad660df1a40c21c5f20474d4c') in 0.011347 seconds 
========================================================================
Received Import Request.
  Time since last request: 0.000088 seconds.
  path: Assets/MASH Virtual/Table/Material
  artifactKey: Guid(2384be8930896eb4ba08eeb7aa206bab) Importer(2089858483,934ff659095e30574adcf32a4c2f97b5)
Start importing Assets/MASH Virtual/Table/Material using Guid(2384be8930896eb4ba08eeb7aa206bab) Importer(2089858483,934ff659095e30574adcf32a4c2f97b5)  -> (artifact id: '3e401f1950803ccfb6309d85599482c2') in 0.011607 seconds 
========================================================================
Received Import Request.
  Time since last request: 0.000083 seconds.
  path: Assets/MASH Virtual/Table/Material/Table Old Mat.mat
  artifactKey: Guid(2e2e287d72d1c4f44b3cb5433a9abe62) Importer(2089858483,934ff659095e30574adcf32a4c2f97b5)
Start importing Assets/MASH Virtual/Table/Material/Table Old Mat.mat using Guid(2e2e287d72d1c4f44b3cb5433a9abe62) Importer(2089858483,934ff659095e30574adcf32a4c2f97b5)  -> (artifact id: 'aa742b95b3c7b1b826e0cb5cbe405d7e') in 0.013592 seconds 
Editor requested this worker to shutdown with reason: Scaling down because of idle timeout
AssetImportWorker is now disconnected from the server
Process exiting
