Using pre-set license
Built from '2021.3/staging' branch; Version is '2021.3.2f1 (d6360bedb9a0) revision 14038539'; Using compiler version '192829333'; Build Type 'Release'
OS: 'Windows 10  (10.0.19044) 64bit Core' Language: 'en' Physical Memory: 16342 MB
BatchMode: 1, IsHumanControllingUs: 0, StartBugReporterOnCrash: 0, Is64bit: 1, IsPro: 1

COMMAND LINE ARGUMENTS:
C:\Program Files\Unity\Hub\Editor\2021.3.2f1\Editor\Unity.exe
-adb2
-batchMode
-noUpm
-name
AssetImportWorker2
-projectPath
C:/Users/antim/Desktop/Meta-Factory
-logFile
Logs/AssetImportWorker2.log
-srvPort
62457
Successfully changed project path to: C:/Users/antim/Desktop/Meta-Factory
C:/Users/antim/Desktop/Meta-Factory
[UnityMemory] Configuration Parameters - Can be set up in boot.config
    "memorysetup-bucket-allocator-granularity=16"
    "memorysetup-bucket-allocator-bucket-count=8"
    "memorysetup-bucket-allocator-block-size=33554432"
    "memorysetup-bucket-allocator-block-count=8"
    "memorysetup-main-allocator-block-size=16777216"
    "memorysetup-thread-allocator-block-size=16777216"
    "memorysetup-gfx-main-allocator-block-size=16777216"
    "memorysetup-gfx-thread-allocator-block-size=16777216"
    "memorysetup-cache-allocator-block-size=4194304"
    "memorysetup-typetree-allocator-block-size=2097152"
    "memorysetup-profiler-bucket-allocator-granularity=16"
    "memorysetup-profiler-bucket-allocator-bucket-count=8"
    "memorysetup-profiler-bucket-allocator-block-size=33554432"
    "memorysetup-profiler-bucket-allocator-block-count=8"
    "memorysetup-profiler-allocator-block-size=16777216"
    "memorysetup-profiler-editor-allocator-block-size=1048576"
    "memorysetup-temp-allocator-size-main=16777216"
    "memorysetup-job-temp-allocator-block-size=2097152"
    "memorysetup-job-temp-allocator-block-size-background=1048576"
    "memorysetup-job-temp-allocator-reduction-small-platforms=262144"
    "memorysetup-temp-allocator-size-background-worker=32768"
    "memorysetup-temp-allocator-size-job-worker=262144"
    "memorysetup-temp-allocator-size-preload-manager=33554432"
    "memorysetup-temp-allocator-size-nav-mesh-worker=65536"
    "memorysetup-temp-allocator-size-audio-worker=65536"
    "memorysetup-temp-allocator-size-cloud-worker=32768"
    "memorysetup-temp-allocator-size-gi-baking-worker=262144"
    "memorysetup-temp-allocator-size-gfx=262144"
Refreshing native plugins compatible for Editor in 112.62 ms, found 11 plugins.
Preloading 1 native plugins for Editor in 1.69 ms.
Initialize engine version: 2021.3.2f1 (d6360bedb9a0)
[Subsystems] Discovering subsystems at path C:/Program Files/Unity/Hub/Editor/2021.3.2f1/Editor/Data/Resources/UnitySubsystems
[Subsystems] Discovering subsystems at path C:/Users/antim/Desktop/Meta-Factory/Assets
GfxDevice: creating device client; threaded=0; jobified=0
Direct3D:
    Version:  Direct3D 11.0 [level 11.1]
    Renderer: NVIDIA GeForce GTX 1070 (ID=0x1b81)
    Vendor:   NVIDIA
    VRAM:     8088 MB
    Driver:   30.0.14.7212
Initialize mono
Mono path[0] = 'C:/Program Files/Unity/Hub/Editor/2021.3.2f1/Editor/Data/Managed'
Mono path[1] = 'C:/Program Files/Unity/Hub/Editor/2021.3.2f1/Editor/Data/MonoBleedingEdge/lib/mono/unityjit-win32'
Mono config path = 'C:/Program Files/Unity/Hub/Editor/2021.3.2f1/Editor/Data/MonoBleedingEdge/etc'
Using monoOptions --debugger-agent=transport=dt_socket,embedding=1,server=y,suspend=n,address=127.0.0.1:56424
Begin MonoManager ReloadAssembly
Registering precompiled unity dll's ...
Register platform support module: C:/Program Files/Unity/Hub/Editor/2021.3.2f1/Editor/Data/PlaybackEngines/WebGLSupport/UnityEditor.WebGL.Extensions.dll
Register platform support module: C:/Program Files/Unity/Hub/Editor/2021.3.2f1/Editor/Data/PlaybackEngines/WindowsStandaloneSupport/UnityEditor.WindowsStandalone.Extensions.dll
Registered in 0.012483 seconds.
Native extension for WindowsStandalone target not found
Native extension for WebGL target not found
Refreshing native plugins compatible for Editor in 86.42 ms, found 11 plugins.
Preloading 1 native plugins for Editor in 0.21 ms.
Mono: successfully reloaded assembly
- Completed reload, in  1.027 seconds
Domain Reload Profiling:
	ReloadAssembly (1027ms)
		BeginReloadAssembly (80ms)
			ExecutionOrderSort (0ms)
			DisableScriptedObjects (0ms)
			BackupInstance (0ms)
			ReleaseScriptingObjects (0ms)
			CreateAndSetChildDomain (1ms)
		EndReloadAssembly (818ms)
			LoadAssemblies (78ms)
			RebuildTransferFunctionScriptingTraits (0ms)
			SetupTypeCache (113ms)
			ReleaseScriptCaches (0ms)
			RebuildScriptCaches (29ms)
			SetupLoadedEditorAssemblies (617ms)
				LogAssemblyErrors (0ms)
				InitializePlatformSupportModulesInManaged (10ms)
				SetLoadedEditorAssemblies (0ms)
				RefreshPlugins (87ms)
				BeforeProcessingInitializeOnLoad (1ms)
				ProcessInitializeOnLoadAttributes (459ms)
				ProcessInitializeOnLoadMethodAttributes (59ms)
				AfterProcessingInitializeOnLoad (0ms)
				EditorAssembliesLoaded (0ms)
			ExecutionOrderSort2 (0ms)
			AwakeInstancesAfterBackupRestoration (0ms)
Platform modules already initialized, skipping
Registering precompiled user dll's ...
Registered in 0.021353 seconds.
Begin MonoManager ReloadAssembly
Symbol file LoadedFromMemory doesn't match image C:\Users\antim\Desktop\Meta-Factory\Library\PackageCache\com.unity.visualscripting@1.7.6\Editor\VisualScripting.Core\Dependencies\DotNetZip\Unity.VisualScripting.IonicZip.dll
Symbol file LoadedFromMemory doesn't match image C:\Users\antim\Desktop\Meta-Factory\Library\PackageCache\com.unity.visualscripting@1.7.6\Editor\VisualScripting.Core\Dependencies\YamlDotNet\Unity.VisualScripting.YamlDotNet.dll
Native extension for WindowsStandalone target not found
Native extension for WebGL target not found
Refreshing native plugins compatible for Editor in 86.46 ms, found 11 plugins.
Preloading 1 native plugins for Editor in 0.09 ms.
Package Manager log level set to [2]
System.Reflection.TargetInvocationException: Exception has been thrown by the target of an invocation. ---> System.NullReferenceException: Object reference not set to an instance of an object
  at Unity.XR.Oculus.OculusLoader.AssetPathToAbsolutePath (System.String assetPath) [0x0003d] in C:\Users\antim\Desktop\Meta-Factory\Library\PackageCache\com.unity.xr.oculus@3.0.1\Runtime\OculusLoader.cs:257 
  at Unity.XR.Oculus.OculusLoader.EditorLoadOVRPlugin () [0x0007b] in C:\Users\antim\Desktop\Meta-Factory\Library\PackageCache\com.unity.xr.oculus@3.0.1\Runtime\OculusLoader.cs:242 
  at (wrapper managed-to-native) System.Reflection.RuntimeMethodInfo.InternalInvoke(System.Reflection.RuntimeMethodInfo,object,object[],System.Exception&)
  at System.Reflection.RuntimeMethodInfo.Invoke (System.Object obj, System.Reflection.BindingFlags invokeAttr, System.Reflection.Binder binder, System.Object[] parameters, System.Globalization.CultureInfo culture) [0x0006a] in <6073cf49ed704e958b8a66d540dea948>:0 
   --- End of inner exception stack trace ---
  at System.Reflection.RuntimeMethodInfo.Invoke (System.Object obj, System.Reflection.BindingFlags invokeAttr, System.Reflection.Binder binder, System.Object[] parameters, System.Globalization.CultureInfo culture) [0x00083] in <6073cf49ed704e958b8a66d540dea948>:0 
  at System.Reflection.MethodBase.Invoke (System.Object obj, System.Object[] parameters) [0x00000] in <6073cf49ed704e958b8a66d540dea948>:0 
  at UnityEditor.EditorAssemblies.ProcessInitializeOnLoadMethodAttributes () [0x000a5] in <a017e354f3154926a5617fbac3a64fcc>:0 
UnityEngine.StackTraceUtility:ExtractStackTrace ()
UnityEngine.DebugLogHandler:LogFormat (UnityEngine.LogType,UnityEngine.Object,string,object[])
UnityEngine.Logger:Log (UnityEngine.LogType,object)
UnityEngine.Debug:LogError (object)
UnityEditor.EditorAssemblies:ProcessInitializeOnLoadMethodAttributes ()

Mono: successfully reloaded assembly
- Completed reload, in  1.261 seconds
Domain Reload Profiling:
	ReloadAssembly (1261ms)
		BeginReloadAssembly (120ms)
			ExecutionOrderSort (0ms)
			DisableScriptedObjects (6ms)
			BackupInstance (0ms)
			ReleaseScriptingObjects (0ms)
			CreateAndSetChildDomain (21ms)
		EndReloadAssembly (1017ms)
			LoadAssemblies (93ms)
			RebuildTransferFunctionScriptingTraits (0ms)
			SetupTypeCache (256ms)
			ReleaseScriptCaches (1ms)
			RebuildScriptCaches (60ms)
			SetupLoadedEditorAssemblies (559ms)
				LogAssemblyErrors (0ms)
				InitializePlatformSupportModulesInManaged (7ms)
				SetLoadedEditorAssemblies (0ms)
				RefreshPlugins (87ms)
				BeforeProcessingInitializeOnLoad (105ms)
				ProcessInitializeOnLoadAttributes (313ms)
				ProcessInitializeOnLoadMethodAttributes (37ms)
				AfterProcessingInitializeOnLoad (10ms)
				EditorAssembliesLoaded (0ms)
			ExecutionOrderSort2 (0ms)
			AwakeInstancesAfterBackupRestoration (6ms)
Platform modules already initialized, skipping
========================================================================
Worker process is ready to serve import requests
Launched and connected shader compiler UnityShaderCompiler.exe after 0.05 seconds
Refreshing native plugins compatible for Editor in 0.75 ms, found 11 plugins.
Preloading 1 native plugins for Editor in 0.12 ms.
Unloading 4133 Unused Serialized files (Serialized files now loaded: 0)
Unloading 44 unused Assets / (31.2 KB). Loaded Objects now: 4606.
Memory consumption went from 164.3 MB to 164.2 MB.
Total: 3.252400 ms (FindLiveObjects: 0.297400 ms CreateObjectMapping: 0.263900 ms MarkObjects: 2.656500 ms  DeleteObjects: 0.033600 ms)

AssetImportParameters requested are different than current active one (requested -> active):
  custom:video-decoder-ogg-theora: a1e56fd34408186e4bbccfd4996cb3dc -> 
  custom:container-muxer-webm: aa71ff27fc2769a1b78a27578f13a17b -> 
  custom:container-demuxer-webm: 4f35f7cbe854078d1ac9338744f61a02 -> 
  custom:video-encoder-webm-vp8: eb34c28f22e8b96e1ab97ce403110664 -> 
  custom:audio-encoder-webm-vorbis: bf7c407c2cedff20999df2af8eb42d56 -> 
  custom:framework-win-MediaFoundation: 216162199b28c13a410421893ffa2e32 -> 
  custom:container-demuxer-ogg: 62fdf1f143b41e24485cea50d1cbac27 -> 
  custom:video-decoder-webm-vp8: 9c59270c3fd7afecdb556c50c9e8de78 -> 
  custom:audio-decoder-ogg-vorbis: bf7c407c2cedff20999df2af8eb42d56 -> 
========================================================================
Received Import Request.
  Time since last request: 368996.971165 seconds.
  path: Assets/Models
  artifactKey: Guid(fc41767678a892743b452ae99da559fc) Importer(815301076,1909f56bfc062723c751e8b465ee728b)
Start importing Assets/Models using Guid(fc41767678a892743b452ae99da559fc) Importer(815301076,1909f56bfc062723c751e8b465ee728b)  -> (artifact id: '1534696a0fc7bd2e0ec0cbbfc7219687') in 0.012467 seconds 
========================================================================
Received Import Request.
  Time since last request: 10.102314 seconds.
  path: Assets/Models/Workshop Set 1.prefab
  artifactKey: Guid(e7b066809a5473946a294ed628cfde4b) Importer(815301076,1909f56bfc062723c751e8b465ee728b)
Start importing Assets/Models/Workshop Set 1.prefab using Guid(e7b066809a5473946a294ed628cfde4b) Importer(815301076,1909f56bfc062723c751e8b465ee728b)  -> (artifact id: '31847865df21485ee90b55e1d53d1807') in 0.050702 seconds 
========================================================================
Received Import Request.
  Time since last request: 116.480093 seconds.
  path: Assets/TextMesh Pro
  artifactKey: Guid(f54d1bd14bd3ca042bd867b519fee8cc) Importer(815301076,1909f56bfc062723c751e8b465ee728b)
Start importing Assets/TextMesh Pro using Guid(f54d1bd14bd3ca042bd867b519fee8cc) Importer(815301076,1909f56bfc062723c751e8b465ee728b)  -> (artifact id: 'f5648c5ef36b7beab651a001a8d08867') in 0.006322 seconds 
========================================================================
Received Import Request.
  Time since last request: 80.781819 seconds.
  path: Assets/Textures/GridBox_NewTex_Albedo.tga
  artifactKey: Guid(584f4d865487d47408ae0bceabb59d68) Importer(815301076,1909f56bfc062723c751e8b465ee728b)
Start importing Assets/Textures/GridBox_NewTex_Albedo.tga using Guid(584f4d865487d47408ae0bceabb59d68) Importer(815301076,1909f56bfc062723c751e8b465ee728b)  -> (artifact id: '59230d312d11b7a96a0813a1b7735ad1') in 0.041227 seconds 
========================================================================
Received Import Request.
  Time since last request: 2.349921 seconds.
  path: Assets/Textures/Props
  artifactKey: Guid(abf7b1f1f7dfcba4c9243d4679f56e71) Importer(815301076,1909f56bfc062723c751e8b465ee728b)
Start importing Assets/Textures/Props using Guid(abf7b1f1f7dfcba4c9243d4679f56e71) Importer(815301076,1909f56bfc062723c751e8b465ee728b)  -> (artifact id: '016940946b608e34092dc160fc60145c') in 0.003618 seconds 
========================================================================
Received Import Request.
  Time since last request: 1.662037 seconds.
  path: Assets/Textures/Props/HardHat
  artifactKey: Guid(2d8107af768e1c54aab35a9245f96fb1) Importer(815301076,1909f56bfc062723c751e8b465ee728b)
Start importing Assets/Textures/Props/HardHat using Guid(2d8107af768e1c54aab35a9245f96fb1) Importer(815301076,1909f56bfc062723c751e8b465ee728b)  -> (artifact id: '5231b46b64a0bbc7c170bfb54db60aff') in 0.002991 seconds 
========================================================================
Received Import Request.
  Time since last request: 0.113640 seconds.
  path: Assets/Textures/Props/HardHat/SafetyHat_Albedo.tif
  artifactKey: Guid(dd61af2ec9847eb4d8e17529fa61b143) Importer(815301076,1909f56bfc062723c751e8b465ee728b)
Start importing Assets/Textures/Props/HardHat/SafetyHat_Albedo.tif using Guid(dd61af2ec9847eb4d8e17529fa61b143) Importer(815301076,1909f56bfc062723c751e8b465ee728b)  -> (artifact id: '12c24b31c855efa7e6179c48762056f6') in 0.024644 seconds 
========================================================================
Received Import Request.
  Time since last request: 19.502815 seconds.
  path: Assets/Textures/Props/HardHat/Materials
  artifactKey: Guid(f9d7e74a1e55fb140acb4444f92bcc52) Importer(815301076,1909f56bfc062723c751e8b465ee728b)
Start importing Assets/Textures/Props/HardHat/Materials using Guid(f9d7e74a1e55fb140acb4444f92bcc52) Importer(815301076,1909f56bfc062723c751e8b465ee728b)  -> (artifact id: '60152430d8720352507e077877e0ce6f') in 0.002402 seconds 
========================================================================
Received Import Request.
  Time since last request: 0.058018 seconds.
  path: Assets/Textures/Props/HardHat/Materials/SafetyHat_Albedo.mat
  artifactKey: Guid(f9333d61b0b21504e80dce7b582b18d0) Importer(815301076,1909f56bfc062723c751e8b465ee728b)
Start importing Assets/Textures/Props/HardHat/Materials/SafetyHat_Albedo.mat using Guid(f9333d61b0b21504e80dce7b582b18d0) Importer(815301076,1909f56bfc062723c751e8b465ee728b)  -> (artifact id: 'c899fc0e76cc19f29aa7f4d5f7ae13ee') in 0.077624 seconds 
========================================================================
Received Import Request.
  Time since last request: 67.897464 seconds.
  path: Assets/Models 1/Brush_Low.fbx
  artifactKey: Guid(aed8c47425ab91f4eb06ce6fe47c3e4e) Importer(815301076,1909f56bfc062723c751e8b465ee728b)
Start importing Assets/Models 1/Brush_Low.fbx using Guid(aed8c47425ab91f4eb06ce6fe47c3e4e) Importer(815301076,1909f56bfc062723c751e8b465ee728b)  -> (artifact id: '2f5413aed9b1f35763d42c228444cd25') in 0.121790 seconds 
========================================================================
Received Import Request.
  Time since last request: 0.000028 seconds.
  path: Assets/Models 1/Hammer_Low.fbx
  artifactKey: Guid(68a66fb5a71f8204a8dcb613c97d1fa8) Importer(815301076,1909f56bfc062723c751e8b465ee728b)
Start importing Assets/Models 1/Hammer_Low.fbx using Guid(68a66fb5a71f8204a8dcb613c97d1fa8) Importer(815301076,1909f56bfc062723c751e8b465ee728b)  -> (artifact id: 'f38d12f36f58a0bcb7bd81f333fa0576') in 0.041679 seconds 
========================================================================
Received Import Request.
  Time since last request: 0.012345 seconds.
  path: Assets/Models 1/StoneRound.fbx
  artifactKey: Guid(bc82e952d83d52a46b2ad02d91c037e8) Importer(815301076,1909f56bfc062723c751e8b465ee728b)
Start importing Assets/Models 1/StoneRound.fbx using Guid(bc82e952d83d52a46b2ad02d91c037e8) Importer(815301076,1909f56bfc062723c751e8b465ee728b)  -> (artifact id: '5876a4fb4e072acba6312a2f3a560946') in 0.029586 seconds 
========================================================================
Received Import Request.
  Time since last request: 0.000026 seconds.
  path: Assets/Models 1/Jigsaw_Low.fbx
  artifactKey: Guid(8b73e8872ca76104bbca4ee2b704a1b4) Importer(815301076,1909f56bfc062723c751e8b465ee728b)
Start importing Assets/Models 1/Jigsaw_Low.fbx using Guid(8b73e8872ca76104bbca4ee2b704a1b4) Importer(815301076,1909f56bfc062723c751e8b465ee728b)  -> (artifact id: '962764c841bec13c3e431d95b7475f5f') in 0.102156 seconds 
========================================================================
Received Import Request.
  Time since last request: 0.000028 seconds.
  path: Assets/Models 1/MagneticLevel_Low.fbx
  artifactKey: Guid(bae110eee250e4b418b188f4ae4e3170) Importer(815301076,1909f56bfc062723c751e8b465ee728b)
Start importing Assets/Models 1/MagneticLevel_Low.fbx using Guid(bae110eee250e4b418b188f4ae4e3170) Importer(815301076,1909f56bfc062723c751e8b465ee728b)  -> (artifact id: 'f2ab7987654897b45997100253be5ca8') in 0.218609 seconds 
========================================================================
Received Import Request.
  Time since last request: 0.000029 seconds.
  path: Assets/Models 1/floatingAnchor.fbx
  artifactKey: Guid(c3d9c381bf9aaa04288d35ed2553aa4b) Importer(815301076,1909f56bfc062723c751e8b465ee728b)
Start importing Assets/Models 1/floatingAnchor.fbx using Guid(c3d9c381bf9aaa04288d35ed2553aa4b) Importer(815301076,1909f56bfc062723c751e8b465ee728b)  -> (artifact id: '7b4917a9613e659e6ea63e923b433bca') in 0.037328 seconds 
========================================================================
Received Import Request.
  Time since last request: 0.000030 seconds.
  path: Assets/Models 1/Workshop_Set.fbx
  artifactKey: Guid(47616bd0cda748d4cbedcfc908506b9d) Importer(815301076,1909f56bfc062723c751e8b465ee728b)
Start importing Assets/Models 1/Workshop_Set.fbx using Guid(47616bd0cda748d4cbedcfc908506b9d) Importer(815301076,1909f56bfc062723c751e8b465ee728b)  -> (artifact id: 'c5fddf5dee326b99ff08147383bc3ab9') in 0.136017 seconds 
========================================================================
Received Import Request.
  Time since last request: 0.001242 seconds.
  path: Assets/Models 1/Horizon.FBX
  artifactKey: Guid(a3a5c793f8ee31e4bb839bcf242697bf) Importer(815301076,1909f56bfc062723c751e8b465ee728b)
Start importing Assets/Models 1/Horizon.FBX using Guid(a3a5c793f8ee31e4bb839bcf242697bf) Importer(815301076,1909f56bfc062723c751e8b465ee728b)  -> (artifact id: '892d5b86db4aa940aa5d9d4fe1dc0cf1') in 0.038326 seconds 
========================================================================
Received Import Request.
  Time since last request: 0.000030 seconds.
  path: Assets/Models 1/Workbench.fbx
  artifactKey: Guid(efe9381559c516743bd05cef82f39ebb) Importer(815301076,1909f56bfc062723c751e8b465ee728b)
Start importing Assets/Models 1/Workbench.fbx using Guid(efe9381559c516743bd05cef82f39ebb) Importer(815301076,1909f56bfc062723c751e8b465ee728b)  -> (artifact id: '290227ac193bce01489a957a80969e91') in 0.124565 seconds 
========================================================================
Received Import Request.
  Time since last request: 0.000273 seconds.
  path: Assets/Models 1/spaceShip.fbx
  artifactKey: Guid(f534c46bd4214574c91869bac9f9d66e) Importer(815301076,1909f56bfc062723c751e8b465ee728b)
Start importing Assets/Models 1/spaceShip.fbx using Guid(f534c46bd4214574c91869bac9f9d66e) Importer(815301076,1909f56bfc062723c751e8b465ee728b)  -> (artifact id: '6bab87b5c08abc5482a309b7a861365d') in 0.523260 seconds 
========================================================================
Received Import Request.
  Time since last request: 0.000122 seconds.
  path: Assets/Models 1/StoneFlat.fbx
  artifactKey: Guid(f6258ac46f6c5854f9d08b200ff4b3dc) Importer(815301076,1909f56bfc062723c751e8b465ee728b)
Start importing Assets/Models 1/StoneFlat.fbx using Guid(f6258ac46f6c5854f9d08b200ff4b3dc) Importer(815301076,1909f56bfc062723c751e8b465ee728b)  -> (artifact id: '175466f591a383c2a2c06da543f7b5e6') in 0.019504 seconds 
========================================================================
Received Import Request.
  Time since last request: 0.000029 seconds.
  path: Assets/Models 1/fileAnchorWall.fbx
  artifactKey: Guid(2b85dc402886aac4abf0308b20bd1a7b) Importer(815301076,1909f56bfc062723c751e8b465ee728b)
Start importing Assets/Models 1/fileAnchorWall.fbx using Guid(2b85dc402886aac4abf0308b20bd1a7b) Importer(815301076,1909f56bfc062723c751e8b465ee728b)  -> (artifact id: 'd4d1319b236d9369e773c852992bb4ba') in 0.017046 seconds 
========================================================================
Received Import Request.
  Time since last request: 0.000025 seconds.
  path: Assets/Models 1/GroundPlane.fbx
  artifactKey: Guid(fcd649d3e7190e34796777d2c0a3f3a7) Importer(815301076,1909f56bfc062723c751e8b465ee728b)
Start importing Assets/Models 1/GroundPlane.fbx using Guid(fcd649d3e7190e34796777d2c0a3f3a7) Importer(815301076,1909f56bfc062723c751e8b465ee728b)  -> (artifact id: 'a055f658994cefe36c0df9151a506432') in 0.016479 seconds 
========================================================================
Received Import Request.
  Time since last request: 0.000027 seconds.
  path: Assets/Models 1/teleportPlatform.fbx
  artifactKey: Guid(4e2f535eb595f4c41a1d4c425ed0a2d8) Importer(815301076,1909f56bfc062723c751e8b465ee728b)
Start importing Assets/Models 1/teleportPlatform.fbx using Guid(4e2f535eb595f4c41a1d4c425ed0a2d8) Importer(815301076,1909f56bfc062723c751e8b465ee728b)  -> (artifact id: 'd146ab2c363d075b5c88f6aa20e2b209') in 0.059222 seconds 
========================================================================
Received Import Request.
  Time since last request: 0.000030 seconds.
  path: Assets/Models 1/Workbench_Low.fbx
  artifactKey: Guid(ff6dc36862fe41641bb21568d92147c9) Importer(815301076,1909f56bfc062723c751e8b465ee728b)
Start importing Assets/Models 1/Workbench_Low.fbx using Guid(ff6dc36862fe41641bb21568d92147c9) Importer(815301076,1909f56bfc062723c751e8b465ee728b)  -> (artifact id: '42d8981ace60d85a2192f00f22a462ea') in 0.103126 seconds 
========================================================================
Received Import Request.
  Time since last request: 0.000030 seconds.
  path: Assets/Models 1/teleportHightlight.fbx
  artifactKey: Guid(963b83450bee48b49b3d155e89f06236) Importer(815301076,1909f56bfc062723c751e8b465ee728b)
Start importing Assets/Models 1/teleportHightlight.fbx using Guid(963b83450bee48b49b3d155e89f06236) Importer(815301076,1909f56bfc062723c751e8b465ee728b)  -> (artifact id: '53b9ce146e427c78368c93f18a2b4fb4') in 0.020225 seconds 
========================================================================
Received Import Request.
  Time since last request: 0.000035 seconds.
  path: Assets/Models 1/SafetyHat_Low.fbx
  artifactKey: Guid(cb70e2c9fa160ec4eb72db6fcfcc8014) Importer(815301076,1909f56bfc062723c751e8b465ee728b)
Start importing Assets/Models 1/SafetyHat_Low.fbx using Guid(cb70e2c9fa160ec4eb72db6fcfcc8014) Importer(815301076,1909f56bfc062723c751e8b465ee728b)  -> (artifact id: '297dab631e528717b8d0982d591de210') in 0.019870 seconds 
Editor requested this worker to shutdown with reason: Scaling down because of idle timeout
AssetImportWorker is now disconnected from the server
Process exiting
Exiting without the bug reporter. Application will terminate with return code 0